Using GPU
Args in experiment:
[1mBasic Config[0m
  Task Name:          long_term_forecast  Is Training:        1                   
  Model ID:           Exchange_1          Model:              FEDformer           

[1mData Loader[0m
  Data:               custom              Root Path:          ./dataset/exchange_rate/
  Data Path:          exchange_rate.csv   Features:           M                   
  Target:             OT                  Freq:               h                   
  Checkpoints:        ./checkpoints/      

[1mForecasting Task[0m
  Seq Len:            96                  Label Len:          5                   
  Pred Len:           1                   Seasonal Patterns:  Monthly             
  Inverse:            0                   

[1mModel Parameters[0m
  Top k:              5                   Num Kernels:        6                   
  Enc In:             5                   Dec In:             5                   
  C Out:              5                   d model:            512                 
  n heads:            8                   e layers:           2                   
  d layers:           1                   d FF:               2048                
  Moving Avg:         25                  Factor:             3                   
  Distil:             1                   Dropout:            0.1                 
  Embed:              timeF               Activation:         gelu                

[1mRun Parameters[0m
  Num Workers:        10                  Itr:                1                   
  Train Epochs:       50                  Batch Size:         32                  
  Patience:           100                 Learning Rate:      0.0001              
  Des:                Exp                 Loss:               MSE                 
  Lradj:              type1               Use Amp:            0                   

[1mGPU[0m
  Use GPU:            1                   GPU:                0                   
  Use Multi GPU:      0                   Devices:            0,1,2,3             

[1mDe-stationary Projector Params[0m
  P Hidden Dims:      128, 128            P Hidden Layers:    2                   

Use GPU: cuda:0
fourier enhanced block used!
modes=32, index=[2, 3, 4, 5, 8, 9, 10, 11, 13, 14, 15, 16, 17, 18, 19, 20, 23, 25, 26, 28, 31, 32, 34, 35, 37, 38, 39, 40, 42, 43, 44, 46]
fourier enhanced block used!
modes=32, index=[0, 1, 2, 3, 4, 5, 6, 7, 8, 9, 10, 11, 12, 13, 14, 15, 16, 17, 18, 19, 20, 21, 22, 23]
 fourier enhanced cross attention used!
modes_q=24, index_q=[0, 1, 2, 3, 4, 5, 6, 7, 8, 9, 10, 11, 12, 13, 14, 15, 16, 17, 18, 19, 20, 21, 22, 23]
modes_kv=32, index_kv=[0, 1, 2, 4, 5, 6, 7, 8, 9, 10, 12, 13, 14, 17, 18, 20, 21, 22, 23, 26, 27, 28, 29, 30, 31, 32, 35, 36, 37, 43, 44, 45]
>>>>>>>start training : long_term_forecast_Exchange_1_FEDformer_custom_ftM_sl96_ll5_pl1_dm512_nh8_el2_dl1_df2048_expand2_dc4_fc3_ebtimeF_dtTrue_Exp_0>>>>>>>>>>>>>>>>>>>>>>>>>>
Overriding target from 'OT' to 'close' for stock data
============================================================
DATASET SPLIT INFO (90/5/5):
============================================================
Total samples: 5193
Train: 4673 samples (90%) - rows 0 to 4672
Val: 259 samples (5%) - rows 4673 to 4931
Test: 261 samples (5%) - rows 4932 to 5192
Sequence length: 96, Prediction length: 1
============================================================
train 4577
Overriding target from 'OT' to 'close' for stock data
val 259
Overriding target from 'OT' to 'close' for stock data
test 261
Validation loss decreased (inf --> 0.045576).  Saving model ...
Updating learning rate to 0.0001
Validation loss decreased (0.045576 --> 0.037812).  Saving model ...
Updating learning rate to 5e-05
Validation loss decreased (0.037812 --> 0.033698).  Saving model ...
Updating learning rate to 2.5e-05
Validation loss decreased (0.033698 --> 0.029986).  Saving model ...
Updating learning rate to 1.25e-05
EarlyStopping counter: 1 out of 100
Updating learning rate to 6.25e-06
EarlyStopping counter: 2 out of 100
Updating learning rate to 3.125e-06
EarlyStopping counter: 3 out of 100
Updating learning rate to 1.5625e-06
EarlyStopping counter: 4 out of 100
Updating learning rate to 7.8125e-07
Validation loss decreased (0.029986 --> 0.029546).  Saving model ...
Updating learning rate to 3.90625e-07
Validation loss decreased (0.029546 --> 0.028777).  Saving model ...
Updating learning rate to 1.953125e-07
EarlyStopping counter: 1 out of 100
Updating learning rate to 9.765625e-08
EarlyStopping counter: 2 out of 100
Updating learning rate to 4.8828125e-08
EarlyStopping counter: 3 out of 100
Updating learning rate to 2.44140625e-08
EarlyStopping counter: 4 out of 100
Updating learning rate to 1.220703125e-08
EarlyStopping counter: 5 out of 100
Updating learning rate to 6.103515625e-09
EarlyStopping counter: 6 out of 100
Updating learning rate to 3.0517578125e-09
EarlyStopping counter: 7 out of 100
Updating learning rate to 1.52587890625e-09
Validation loss decreased (0.028777 --> 0.028561).  Saving model ...
Updating learning rate to 7.62939453125e-10
EarlyStopping counter: 1 out of 100
Updating learning rate to 3.814697265625e-10
EarlyStopping counter: 2 out of 100
Updating learning rate to 1.9073486328125e-10
EarlyStopping counter: 3 out of 100
Updating learning rate to 9.5367431640625e-11
EarlyStopping counter: 4 out of 100
Updating learning rate to 4.76837158203125e-11
EarlyStopping counter: 5 out of 100
Updating learning rate to 2.384185791015625e-11
EarlyStopping counter: 6 out of 100
Updating learning rate to 1.1920928955078126e-11
EarlyStopping counter: 7 out of 100
Updating learning rate to 5.960464477539063e-12
EarlyStopping counter: 8 out of 100
Updating learning rate to 2.9802322387695314e-12
EarlyStopping counter: 9 out of 100
Updating learning rate to 1.4901161193847657e-12
EarlyStopping counter: 10 out of 100
Updating learning rate to 7.450580596923828e-13
EarlyStopping counter: 11 out of 100
Updating learning rate to 3.725290298461914e-13
EarlyStopping counter: 12 out of 100
Updating learning rate to 1.862645149230957e-13
EarlyStopping counter: 13 out of 100
Updating learning rate to 9.313225746154786e-14
EarlyStopping counter: 14 out of 100
Updating learning rate to 4.656612873077393e-14
EarlyStopping counter: 15 out of 100
Updating learning rate to 2.3283064365386964e-14
EarlyStopping counter: 16 out of 100
Updating learning rate to 1.1641532182693482e-14
EarlyStopping counter: 17 out of 100
Updating learning rate to 5.820766091346741e-15
EarlyStopping counter: 18 out of 100
Updating learning rate to 2.9103830456733705e-15
EarlyStopping counter: 19 out of 100
Updating learning rate to 1.4551915228366853e-15
EarlyStopping counter: 20 out of 100
Updating learning rate to 7.275957614183426e-16
EarlyStopping counter: 21 out of 100
Updating learning rate to 3.637978807091713e-16
EarlyStopping counter: 22 out of 100
Updating learning rate to 1.8189894035458566e-16
Validation loss decreased (0.028561 --> 0.028308).  Saving model ...
Updating learning rate to 9.094947017729283e-17
EarlyStopping counter: 1 out of 100
Updating learning rate to 4.5474735088646414e-17
EarlyStopping counter: 2 out of 100
Updating learning rate to 2.2737367544323207e-17
EarlyStopping counter: 3 out of 100
Updating learning rate to 1.1368683772161604e-17
EarlyStopping counter: 4 out of 100
Updating learning rate to 5.684341886080802e-18
EarlyStopping counter: 5 out of 100
Updating learning rate to 2.842170943040401e-18
EarlyStopping counter: 6 out of 100
Updating learning rate to 1.4210854715202004e-18
EarlyStopping counter: 7 out of 100
Updating learning rate to 7.105427357601002e-19
EarlyStopping counter: 8 out of 100
Updating learning rate to 3.552713678800501e-19
EarlyStopping counter: 9 out of 100
Updating learning rate to 1.7763568394002505e-19
>>>>>>>testing : long_term_forecast_Exchange_1_FEDformer_custom_ftM_sl96_ll5_pl1_dm512_nh8_el2_dl1_df2048_expand2_dc4_fc3_ebtimeF_dtTrue_Exp_0<<<<<<<<<<<<<<<<<<<<<<<<<<<<<<<<<
Overriding target from 'OT' to 'close' for stock data
test 261
test shape: (261, 1, 5) (261, 1, 5)
test shape: (261, 1, 5) (261, 1, 5)


	mse:0.055634964257478714, mae:0.1015586405992508, dtw:Not calculated


Using GPU
Args in experiment:
[1mBasic Config[0m
  Task Name:          long_term_forecast  Is Training:        1                   
  Model ID:           Exchange_7          Model:              FEDformer           

[1mData Loader[0m
  Data:               custom              Root Path:          ./dataset/exchange_rate/
  Data Path:          exchange_rate.csv   Features:           M                   
  Target:             OT                  Freq:               h                   
  Checkpoints:        ./checkpoints/      

[1mForecasting Task[0m
  Seq Len:            96                  Label Len:          5                   
  Pred Len:           7                   Seasonal Patterns:  Monthly             
  Inverse:            0                   

[1mModel Parameters[0m
  Top k:              5                   Num Kernels:        6                   
  Enc In:             5                   Dec In:             5                   
  C Out:              5                   d model:            512                 
  n heads:            8                   e layers:           2                   
  d layers:           1                   d FF:               2048                
  Moving Avg:         25                  Factor:             3                   
  Distil:             1                   Dropout:            0.1                 
  Embed:              timeF               Activation:         gelu                

[1mRun Parameters[0m
  Num Workers:        10                  Itr:                1                   
  Train Epochs:       50                  Batch Size:         32                  
  Patience:           100                 Learning Rate:      0.0001              
  Des:                Exp                 Loss:               MSE                 
  Lradj:              type1               Use Amp:            0                   

[1mGPU[0m
  Use GPU:            1                   GPU:                0                   
  Use Multi GPU:      0                   Devices:            0,1,2,3             

[1mDe-stationary Projector Params[0m
  P Hidden Dims:      128, 128            P Hidden Layers:    2                   

Use GPU: cuda:0
fourier enhanced block used!
modes=32, index=[2, 3, 4, 5, 8, 9, 10, 11, 13, 14, 15, 16, 17, 18, 19, 20, 23, 25, 26, 28, 31, 32, 34, 35, 37, 38, 39, 40, 42, 43, 44, 46]
fourier enhanced block used!
modes=32, index=[0, 1, 2, 3, 4, 5, 6, 7, 8, 9, 10, 11, 12, 13, 14, 15, 16, 17, 18, 19, 20, 21, 22, 23, 24, 25, 26]
 fourier enhanced cross attention used!
modes_q=27, index_q=[0, 1, 2, 3, 4, 5, 6, 7, 8, 9, 10, 11, 12, 13, 14, 15, 16, 17, 18, 19, 20, 21, 22, 23, 24, 25, 26]
modes_kv=32, index_kv=[0, 1, 2, 4, 5, 6, 7, 8, 9, 10, 12, 13, 14, 17, 18, 20, 21, 22, 23, 26, 27, 28, 29, 30, 31, 32, 35, 36, 37, 43, 44, 45]
>>>>>>>start training : long_term_forecast_Exchange_7_FEDformer_custom_ftM_sl96_ll5_pl7_dm512_nh8_el2_dl1_df2048_expand2_dc4_fc3_ebtimeF_dtTrue_Exp_0>>>>>>>>>>>>>>>>>>>>>>>>>>
Overriding target from 'OT' to 'close' for stock data
============================================================
DATASET SPLIT INFO (90/5/5):
============================================================
Total samples: 5193
Train: 4673 samples (90%) - rows 0 to 4672
Val: 259 samples (5%) - rows 4673 to 4931
Test: 261 samples (5%) - rows 4932 to 5192
Sequence length: 96, Prediction length: 7
============================================================
train 4571
Overriding target from 'OT' to 'close' for stock data
val 253
Overriding target from 'OT' to 'close' for stock data
test 255
Validation loss decreased (inf --> 0.041295).  Saving model ...
Updating learning rate to 0.0001
Validation loss decreased (0.041295 --> 0.040851).  Saving model ...
Updating learning rate to 5e-05
Validation loss decreased (0.040851 --> 0.035698).  Saving model ...
Updating learning rate to 2.5e-05
EarlyStopping counter: 1 out of 100
Updating learning rate to 1.25e-05
EarlyStopping counter: 2 out of 100
Updating learning rate to 6.25e-06
EarlyStopping counter: 3 out of 100
Updating learning rate to 3.125e-06
EarlyStopping counter: 4 out of 100
Updating learning rate to 1.5625e-06
EarlyStopping counter: 5 out of 100
Updating learning rate to 7.8125e-07
EarlyStopping counter: 6 out of 100
Updating learning rate to 3.90625e-07
EarlyStopping counter: 7 out of 100
Updating learning rate to 1.953125e-07
EarlyStopping counter: 8 out of 100
Updating learning rate to 9.765625e-08
EarlyStopping counter: 9 out of 100
Updating learning rate to 4.8828125e-08
EarlyStopping counter: 10 out of 100
Updating learning rate to 2.44140625e-08
EarlyStopping counter: 11 out of 100
Updating learning rate to 1.220703125e-08
EarlyStopping counter: 12 out of 100
Updating learning rate to 6.103515625e-09
EarlyStopping counter: 13 out of 100
Updating learning rate to 3.0517578125e-09
EarlyStopping counter: 14 out of 100
Updating learning rate to 1.52587890625e-09
EarlyStopping counter: 15 out of 100
Updating learning rate to 7.62939453125e-10
EarlyStopping counter: 16 out of 100
Updating learning rate to 3.814697265625e-10
EarlyStopping counter: 17 out of 100
Updating learning rate to 1.9073486328125e-10
EarlyStopping counter: 18 out of 100
Updating learning rate to 9.5367431640625e-11
EarlyStopping counter: 19 out of 100
Updating learning rate to 4.76837158203125e-11
EarlyStopping counter: 20 out of 100
Updating learning rate to 2.384185791015625e-11
EarlyStopping counter: 21 out of 100
Updating learning rate to 1.1920928955078126e-11
EarlyStopping counter: 22 out of 100
Updating learning rate to 5.960464477539063e-12
EarlyStopping counter: 23 out of 100
Updating learning rate to 2.9802322387695314e-12
EarlyStopping counter: 24 out of 100
Updating learning rate to 1.4901161193847657e-12
EarlyStopping counter: 25 out of 100
Updating learning rate to 7.450580596923828e-13
EarlyStopping counter: 26 out of 100
Updating learning rate to 3.725290298461914e-13
EarlyStopping counter: 27 out of 100
Updating learning rate to 1.862645149230957e-13
EarlyStopping counter: 28 out of 100
Updating learning rate to 9.313225746154786e-14
EarlyStopping counter: 29 out of 100
Updating learning rate to 4.656612873077393e-14
EarlyStopping counter: 30 out of 100
Updating learning rate to 2.3283064365386964e-14
EarlyStopping counter: 31 out of 100
Updating learning rate to 1.1641532182693482e-14
EarlyStopping counter: 32 out of 100
Updating learning rate to 5.820766091346741e-15
EarlyStopping counter: 33 out of 100
Updating learning rate to 2.9103830456733705e-15
EarlyStopping counter: 34 out of 100
Updating learning rate to 1.4551915228366853e-15
EarlyStopping counter: 35 out of 100
Updating learning rate to 7.275957614183426e-16
EarlyStopping counter: 36 out of 100
Updating learning rate to 3.637978807091713e-16
EarlyStopping counter: 37 out of 100
Updating learning rate to 1.8189894035458566e-16
EarlyStopping counter: 38 out of 100
Updating learning rate to 9.094947017729283e-17
EarlyStopping counter: 39 out of 100
Updating learning rate to 4.5474735088646414e-17
EarlyStopping counter: 40 out of 100
Updating learning rate to 2.2737367544323207e-17
EarlyStopping counter: 41 out of 100
Updating learning rate to 1.1368683772161604e-17
EarlyStopping counter: 42 out of 100
Updating learning rate to 5.684341886080802e-18
EarlyStopping counter: 43 out of 100
Updating learning rate to 2.842170943040401e-18
EarlyStopping counter: 44 out of 100
Updating learning rate to 1.4210854715202004e-18
EarlyStopping counter: 45 out of 100
Updating learning rate to 7.105427357601002e-19
EarlyStopping counter: 46 out of 100
Updating learning rate to 3.552713678800501e-19
EarlyStopping counter: 47 out of 100
Updating learning rate to 1.7763568394002505e-19
>>>>>>>testing : long_term_forecast_Exchange_7_FEDformer_custom_ftM_sl96_ll5_pl7_dm512_nh8_el2_dl1_df2048_expand2_dc4_fc3_ebtimeF_dtTrue_Exp_0<<<<<<<<<<<<<<<<<<<<<<<<<<<<<<<<<
Overriding target from 'OT' to 'close' for stock data
test 255
test shape: (255, 7, 5) (255, 7, 5)
test shape: (255, 7, 5) (255, 7, 5)


	mse:0.06909333914518356, mae:0.12264154851436615, dtw:Not calculated


Using GPU
Args in experiment:
[1mBasic Config[0m
  Task Name:          long_term_forecast  Is Training:        1                   
  Model ID:           Exchange_14         Model:              FEDformer           

[1mData Loader[0m
  Data:               custom              Root Path:          ./dataset/exchange_rate/
  Data Path:          exchange_rate.csv   Features:           M                   
  Target:             OT                  Freq:               h                   
  Checkpoints:        ./checkpoints/      

[1mForecasting Task[0m
  Seq Len:            96                  Label Len:          5                   
  Pred Len:           14                  Seasonal Patterns:  Monthly             
  Inverse:            0                   

[1mModel Parameters[0m
  Top k:              5                   Num Kernels:        6                   
  Enc In:             5                   Dec In:             5                   
  C Out:              5                   d model:            512                 
  n heads:            8                   e layers:           2                   
  d layers:           1                   d FF:               2048                
  Moving Avg:         25                  Factor:             3                   
  Distil:             1                   Dropout:            0.1                 
  Embed:              timeF               Activation:         gelu                

[1mRun Parameters[0m
  Num Workers:        10                  Itr:                1                   
  Train Epochs:       50                  Batch Size:         32                  
  Patience:           100                 Learning Rate:      0.0001              
  Des:                Exp                 Loss:               MSE                 
  Lradj:              type1               Use Amp:            0                   

[1mGPU[0m
  Use GPU:            1                   GPU:                0                   
  Use Multi GPU:      0                   Devices:            0,1,2,3             

[1mDe-stationary Projector Params[0m
  P Hidden Dims:      128, 128            P Hidden Layers:    2                   

Use GPU: cuda:0
fourier enhanced block used!
modes=32, index=[2, 3, 4, 5, 8, 9, 10, 11, 13, 14, 15, 16, 17, 18, 19, 20, 23, 25, 26, 28, 31, 32, 34, 35, 37, 38, 39, 40, 42, 43, 44, 46]
fourier enhanced block used!
modes=32, index=[0, 1, 2, 3, 4, 5, 6, 7, 8, 9, 10, 11, 12, 13, 14, 15, 16, 17, 18, 19, 20, 21, 22, 23, 24, 25, 26, 27, 28, 29, 30]
 fourier enhanced cross attention used!
modes_q=31, index_q=[0, 1, 2, 3, 4, 5, 6, 7, 8, 9, 10, 11, 12, 13, 14, 15, 16, 17, 18, 19, 20, 21, 22, 23, 24, 25, 26, 27, 28, 29, 30]
modes_kv=32, index_kv=[0, 1, 2, 4, 5, 6, 7, 8, 9, 10, 12, 13, 14, 17, 18, 20, 21, 22, 23, 26, 27, 28, 29, 30, 31, 32, 35, 36, 37, 43, 44, 45]
>>>>>>>start training : long_term_forecast_Exchange_14_FEDformer_custom_ftM_sl96_ll5_pl14_dm512_nh8_el2_dl1_df2048_expand2_dc4_fc3_ebtimeF_dtTrue_Exp_0>>>>>>>>>>>>>>>>>>>>>>>>>>
Overriding target from 'OT' to 'close' for stock data
============================================================
DATASET SPLIT INFO (90/5/5):
============================================================
Total samples: 5193
Train: 4673 samples (90%) - rows 0 to 4672
Val: 259 samples (5%) - rows 4673 to 4931
Test: 261 samples (5%) - rows 4932 to 5192
Sequence length: 96, Prediction length: 14
============================================================
train 4564
Overriding target from 'OT' to 'close' for stock data
val 246
Overriding target from 'OT' to 'close' for stock data
test 248
Validation loss decreased (inf --> 0.039912).  Saving model ...
Updating learning rate to 0.0001
Validation loss decreased (0.039912 --> 0.038951).  Saving model ...
Updating learning rate to 5e-05
Validation loss decreased (0.038951 --> 0.038550).  Saving model ...
Updating learning rate to 2.5e-05
Validation loss decreased (0.038550 --> 0.036515).  Saving model ...
Updating learning rate to 1.25e-05
EarlyStopping counter: 1 out of 100
Updating learning rate to 6.25e-06
EarlyStopping counter: 2 out of 100
Updating learning rate to 3.125e-06
EarlyStopping counter: 3 out of 100
Updating learning rate to 1.5625e-06
EarlyStopping counter: 4 out of 100
Updating learning rate to 7.8125e-07
EarlyStopping counter: 5 out of 100
Updating learning rate to 3.90625e-07
EarlyStopping counter: 6 out of 100
Updating learning rate to 1.953125e-07
EarlyStopping counter: 7 out of 100
Updating learning rate to 9.765625e-08
EarlyStopping counter: 8 out of 100
Updating learning rate to 4.8828125e-08
EarlyStopping counter: 9 out of 100
Updating learning rate to 2.44140625e-08
EarlyStopping counter: 10 out of 100
Updating learning rate to 1.220703125e-08
EarlyStopping counter: 11 out of 100
Updating learning rate to 6.103515625e-09
EarlyStopping counter: 12 out of 100
Updating learning rate to 3.0517578125e-09
EarlyStopping counter: 13 out of 100
Updating learning rate to 1.52587890625e-09
EarlyStopping counter: 14 out of 100
Updating learning rate to 7.62939453125e-10
EarlyStopping counter: 15 out of 100
Updating learning rate to 3.814697265625e-10
EarlyStopping counter: 16 out of 100
Updating learning rate to 1.9073486328125e-10
EarlyStopping counter: 17 out of 100
Updating learning rate to 9.5367431640625e-11
EarlyStopping counter: 18 out of 100
Updating learning rate to 4.76837158203125e-11
EarlyStopping counter: 19 out of 100
Updating learning rate to 2.384185791015625e-11
EarlyStopping counter: 20 out of 100
Updating learning rate to 1.1920928955078126e-11
EarlyStopping counter: 21 out of 100
Updating learning rate to 5.960464477539063e-12
EarlyStopping counter: 22 out of 100
Updating learning rate to 2.9802322387695314e-12
EarlyStopping counter: 23 out of 100
Updating learning rate to 1.4901161193847657e-12
EarlyStopping counter: 24 out of 100
Updating learning rate to 7.450580596923828e-13
EarlyStopping counter: 25 out of 100
Updating learning rate to 3.725290298461914e-13
EarlyStopping counter: 26 out of 100
Updating learning rate to 1.862645149230957e-13
EarlyStopping counter: 27 out of 100
Updating learning rate to 9.313225746154786e-14
EarlyStopping counter: 28 out of 100
Updating learning rate to 4.656612873077393e-14
EarlyStopping counter: 29 out of 100
Updating learning rate to 2.3283064365386964e-14
EarlyStopping counter: 30 out of 100
Updating learning rate to 1.1641532182693482e-14
EarlyStopping counter: 31 out of 100
Updating learning rate to 5.820766091346741e-15
EarlyStopping counter: 32 out of 100
Updating learning rate to 2.9103830456733705e-15
EarlyStopping counter: 33 out of 100
Updating learning rate to 1.4551915228366853e-15
EarlyStopping counter: 34 out of 100
Updating learning rate to 7.275957614183426e-16
EarlyStopping counter: 35 out of 100
Updating learning rate to 3.637978807091713e-16
EarlyStopping counter: 36 out of 100
Updating learning rate to 1.8189894035458566e-16
EarlyStopping counter: 37 out of 100
Updating learning rate to 9.094947017729283e-17
EarlyStopping counter: 38 out of 100
Updating learning rate to 4.5474735088646414e-17
EarlyStopping counter: 39 out of 100
Updating learning rate to 2.2737367544323207e-17
EarlyStopping counter: 40 out of 100
Updating learning rate to 1.1368683772161604e-17
EarlyStopping counter: 41 out of 100
Updating learning rate to 5.684341886080802e-18
EarlyStopping counter: 42 out of 100
Updating learning rate to 2.842170943040401e-18
EarlyStopping counter: 43 out of 100
Updating learning rate to 1.4210854715202004e-18
EarlyStopping counter: 44 out of 100
Updating learning rate to 7.105427357601002e-19
EarlyStopping counter: 45 out of 100
Updating learning rate to 3.552713678800501e-19
EarlyStopping counter: 46 out of 100
Updating learning rate to 1.7763568394002505e-19
>>>>>>>testing : long_term_forecast_Exchange_14_FEDformer_custom_ftM_sl96_ll5_pl14_dm512_nh8_el2_dl1_df2048_expand2_dc4_fc3_ebtimeF_dtTrue_Exp_0<<<<<<<<<<<<<<<<<<<<<<<<<<<<<<<<<
Overriding target from 'OT' to 'close' for stock data
test 248
test shape: (248, 14, 5) (248, 14, 5)
test shape: (248, 14, 5) (248, 14, 5)


	mse:0.07217185199260712, mae:0.12415284663438797, dtw:Not calculated


Using GPU
Args in experiment:
[1mBasic Config[0m
  Task Name:          long_term_forecast  Is Training:        1                   
  Model ID:           Exchange_30         Model:              FEDformer           

[1mData Loader[0m
  Data:               custom              Root Path:          ./dataset/exchange_rate/
  Data Path:          exchange_rate.csv   Features:           M                   
  Target:             OT                  Freq:               h                   
  Checkpoints:        ./checkpoints/      

[1mForecasting Task[0m
  Seq Len:            96                  Label Len:          5                   
  Pred Len:           30                  Seasonal Patterns:  Monthly             
  Inverse:            0                   

[1mModel Parameters[0m
  Top k:              5                   Num Kernels:        6                   
  Enc In:             5                   Dec In:             5                   
  C Out:              5                   d model:            512                 
  n heads:            8                   e layers:           2                   
  d layers:           1                   d FF:               2048                
  Moving Avg:         25                  Factor:             3                   
  Distil:             1                   Dropout:            0.1                 
  Embed:              timeF               Activation:         gelu                

[1mRun Parameters[0m
  Num Workers:        10                  Itr:                1                   
  Train Epochs:       50                  Batch Size:         32                  
  Patience:           100                 Learning Rate:      0.0001              
  Des:                Exp                 Loss:               MSE                 
  Lradj:              type1               Use Amp:            0                   

[1mGPU[0m
  Use GPU:            1                   GPU:                0                   
  Use Multi GPU:      0                   Devices:            0,1,2,3             

[1mDe-stationary Projector Params[0m
  P Hidden Dims:      128, 128            P Hidden Layers:    2                   

Use GPU: cuda:0
fourier enhanced block used!
modes=32, index=[2, 3, 4, 5, 8, 9, 10, 11, 13, 14, 15, 16, 17, 18, 19, 20, 23, 25, 26, 28, 31, 32, 34, 35, 37, 38, 39, 40, 42, 43, 44, 46]
fourier enhanced block used!
modes=32, index=[0, 1, 2, 3, 4, 5, 6, 7, 8, 9, 10, 13, 16, 17, 18, 20, 21, 22, 23, 24, 25, 27, 28, 29, 30, 31, 32, 34, 35, 36, 37, 38]
 fourier enhanced cross attention used!
modes_q=32, index_q=[0, 1, 2, 3, 4, 5, 8, 9, 10, 11, 12, 13, 14, 15, 16, 17, 19, 20, 21, 22, 23, 24, 25, 28, 30, 31, 32, 33, 34, 35, 37, 38]
modes_kv=32, index_kv=[0, 2, 8, 13, 14, 16, 18, 19, 20, 21, 22, 23, 24, 25, 26, 27, 28, 29, 31, 33, 34, 35, 36, 37, 39, 40, 41, 42, 44, 45, 46, 47]
>>>>>>>start training : long_term_forecast_Exchange_30_FEDformer_custom_ftM_sl96_ll5_pl30_dm512_nh8_el2_dl1_df2048_expand2_dc4_fc3_ebtimeF_dtTrue_Exp_0>>>>>>>>>>>>>>>>>>>>>>>>>>
Overriding target from 'OT' to 'close' for stock data
============================================================
DATASET SPLIT INFO (90/5/5):
============================================================
Total samples: 5193
Train: 4673 samples (90%) - rows 0 to 4672
Val: 259 samples (5%) - rows 4673 to 4931
Test: 261 samples (5%) - rows 4932 to 5192
Sequence length: 96, Prediction length: 30
============================================================
train 4548
Overriding target from 'OT' to 'close' for stock data
val 230
Overriding target from 'OT' to 'close' for stock data
test 232
Validation loss decreased (inf --> 0.043142).  Saving model ...
Updating learning rate to 0.0001
Validation loss decreased (0.043142 --> 0.040339).  Saving model ...
Updating learning rate to 5e-05
Validation loss decreased (0.040339 --> 0.040007).  Saving model ...
Updating learning rate to 2.5e-05
Validation loss decreased (0.040007 --> 0.038999).  Saving model ...
Updating learning rate to 1.25e-05
EarlyStopping counter: 1 out of 100
Updating learning rate to 6.25e-06
EarlyStopping counter: 2 out of 100
Updating learning rate to 3.125e-06
EarlyStopping counter: 3 out of 100
Updating learning rate to 1.5625e-06
EarlyStopping counter: 4 out of 100
Updating learning rate to 7.8125e-07
EarlyStopping counter: 5 out of 100
Updating learning rate to 3.90625e-07
EarlyStopping counter: 6 out of 100
Updating learning rate to 1.953125e-07
Validation loss decreased (0.038999 --> 0.038318).  Saving model ...
Updating learning rate to 9.765625e-08
EarlyStopping counter: 1 out of 100
Updating learning rate to 4.8828125e-08
EarlyStopping counter: 2 out of 100
Updating learning rate to 2.44140625e-08
EarlyStopping counter: 3 out of 100
Updating learning rate to 1.220703125e-08
EarlyStopping counter: 4 out of 100
Updating learning rate to 6.103515625e-09
EarlyStopping counter: 5 out of 100
Updating learning rate to 3.0517578125e-09
EarlyStopping counter: 6 out of 100
Updating learning rate to 1.52587890625e-09
EarlyStopping counter: 7 out of 100
Updating learning rate to 7.62939453125e-10
EarlyStopping counter: 8 out of 100
Updating learning rate to 3.814697265625e-10
EarlyStopping counter: 9 out of 100
Updating learning rate to 1.9073486328125e-10
EarlyStopping counter: 10 out of 100
Updating learning rate to 9.5367431640625e-11
EarlyStopping counter: 11 out of 100
Updating learning rate to 4.76837158203125e-11
EarlyStopping counter: 12 out of 100
Updating learning rate to 2.384185791015625e-11
Validation loss decreased (0.038318 --> 0.037975).  Saving model ...
Updating learning rate to 1.1920928955078126e-11
EarlyStopping counter: 1 out of 100
Updating learning rate to 5.960464477539063e-12
EarlyStopping counter: 2 out of 100
Updating learning rate to 2.9802322387695314e-12
EarlyStopping counter: 3 out of 100
Updating learning rate to 1.4901161193847657e-12
EarlyStopping counter: 4 out of 100
Updating learning rate to 7.450580596923828e-13
EarlyStopping counter: 5 out of 100
Updating learning rate to 3.725290298461914e-13
EarlyStopping counter: 6 out of 100
Updating learning rate to 1.862645149230957e-13
EarlyStopping counter: 7 out of 100
Updating learning rate to 9.313225746154786e-14
EarlyStopping counter: 8 out of 100
Updating learning rate to 4.656612873077393e-14
EarlyStopping counter: 9 out of 100
Updating learning rate to 2.3283064365386964e-14
EarlyStopping counter: 10 out of 100
Updating learning rate to 1.1641532182693482e-14
EarlyStopping counter: 11 out of 100
Updating learning rate to 5.820766091346741e-15
EarlyStopping counter: 12 out of 100
Updating learning rate to 2.9103830456733705e-15
EarlyStopping counter: 13 out of 100
Updating learning rate to 1.4551915228366853e-15
EarlyStopping counter: 14 out of 100
Updating learning rate to 7.275957614183426e-16
EarlyStopping counter: 15 out of 100
Updating learning rate to 3.637978807091713e-16
EarlyStopping counter: 16 out of 100
Updating learning rate to 1.8189894035458566e-16
EarlyStopping counter: 17 out of 100
Updating learning rate to 9.094947017729283e-17
EarlyStopping counter: 18 out of 100
Updating learning rate to 4.5474735088646414e-17
EarlyStopping counter: 19 out of 100
Updating learning rate to 2.2737367544323207e-17
EarlyStopping counter: 20 out of 100
Updating learning rate to 1.1368683772161604e-17
EarlyStopping counter: 21 out of 100
Updating learning rate to 5.684341886080802e-18
EarlyStopping counter: 22 out of 100
Updating learning rate to 2.842170943040401e-18
EarlyStopping counter: 23 out of 100
Updating learning rate to 1.4210854715202004e-18
EarlyStopping counter: 24 out of 100
Updating learning rate to 7.105427357601002e-19
EarlyStopping counter: 25 out of 100
Updating learning rate to 3.552713678800501e-19
EarlyStopping counter: 26 out of 100
Updating learning rate to 1.7763568394002505e-19
>>>>>>>testing : long_term_forecast_Exchange_30_FEDformer_custom_ftM_sl96_ll5_pl30_dm512_nh8_el2_dl1_df2048_expand2_dc4_fc3_ebtimeF_dtTrue_Exp_0<<<<<<<<<<<<<<<<<<<<<<<<<<<<<<<<<
Overriding target from 'OT' to 'close' for stock data
test 232
test shape: (232, 30, 5) (232, 30, 5)
test shape: (232, 30, 5) (232, 30, 5)


	mse:0.07734629511833191, mae:0.1330220252275467, dtw:Not calculated


