Using GPU
Args in experiment:
[1mBasic Config[0m
  Task Name:          long_term_forecast  Is Training:        1                   
  Model ID:           Exchange_1          Model:              FEDformer           

[1mData Loader[0m
  Data:               custom              Root Path:          ./dataset/exchange_rate/
  Data Path:          exchange_rate.csv   Features:           M                   
  Target:             OT                  Freq:               h                   
  Checkpoints:        ./checkpoints/      

[1mForecasting Task[0m
  Seq Len:            96                  Label Len:          48                  
  Pred Len:           1                   Seasonal Patterns:  Monthly             
  Inverse:            0                   

[1mModel Parameters[0m
  Top k:              5                   Num Kernels:        6                   
  Enc In:             5                   Dec In:             5                   
  C Out:              5                   d model:            512                 
  n heads:            8                   e layers:           2                   
  d layers:           1                   d FF:               2048                
  Moving Avg:         25                  Factor:             3                   
  Distil:             1                   Dropout:            0.1                 
  Embed:              timeF               Activation:         gelu                

[1mRun Parameters[0m
  Num Workers:        10                  Itr:                1                   
  Train Epochs:       50                  Batch Size:         32                  
  Patience:           100                 Learning Rate:      0.0001              
  Des:                Exp                 Loss:               MSE                 
  Lradj:              type1               Use Amp:            0                   

[1mGPU[0m
  Use GPU:            1                   GPU:                0                   
  Use Multi GPU:      0                   Devices:            0,1,2,3             

[1mDe-stationary Projector Params[0m
  P Hidden Dims:      128, 128            P Hidden Layers:    2                   

Use GPU: cuda:0
fourier enhanced block used!
modes=32, index=[2, 3, 4, 5, 8, 9, 10, 11, 13, 14, 15, 16, 17, 18, 19, 20, 23, 25, 26, 28, 31, 32, 34, 35, 37, 38, 39, 40, 42, 43, 44, 46]
fourier enhanced block used!
modes=32, index=[0, 1, 2, 3, 4, 5, 6, 7, 8, 9, 10, 11, 12, 13, 14, 15, 16, 17, 18, 19, 20, 21, 22, 23]
 fourier enhanced cross attention used!
modes_q=24, index_q=[0, 1, 2, 3, 4, 5, 6, 7, 8, 9, 10, 11, 12, 13, 14, 15, 16, 17, 18, 19, 20, 21, 22, 23]
modes_kv=32, index_kv=[0, 1, 2, 4, 5, 6, 7, 8, 9, 10, 12, 13, 14, 17, 18, 20, 21, 22, 23, 26, 27, 28, 29, 30, 31, 32, 35, 36, 37, 43, 44, 45]
>>>>>>>start training : long_term_forecast_Exchange_1_FEDformer_custom_ftM_sl96_ll48_pl1_dm512_nh8_el2_dl1_df2048_expand2_dc4_fc3_ebtimeF_dtTrue_Exp_0>>>>>>>>>>>>>>>>>>>>>>>>>>
==================================================
DEBUG INFO:
Dataset columns: ['date', 'open', 'high', 'low', 'close', 'volume']
Target we're looking for: 'OT'
Target type: <class 'str'>
==================================================
Overriding target from 'OT' to 'close' for stock data
============================================================
DATASET SPLIT INFO (85/5/10):
============================================================
Total samples: 5193
Train: 4673 samples (85%) - rows 0 to 4672
Val: 259 samples (5%) - rows 4673 to 4931
Test: 261 samples (10%) - rows 4932 to 5192
Sequence length: 96, Prediction length: 1
============================================================
train 4577
==================================================
DEBUG INFO:
Dataset columns: ['date', 'open', 'high', 'low', 'close', 'volume']
Target we're looking for: 'OT'
Target type: <class 'str'>
==================================================
Overriding target from 'OT' to 'close' for stock data
val 259
==================================================
DEBUG INFO:
Dataset columns: ['date', 'open', 'high', 'low', 'close', 'volume']
Target we're looking for: 'OT'
Target type: <class 'str'>
==================================================
Overriding target from 'OT' to 'close' for stock data
test 261
Validation loss decreased (inf --> 0.051381).  Saving model ...
Updating learning rate to 0.0001
Validation loss decreased (0.051381 --> 0.047274).  Saving model ...
Updating learning rate to 5e-05
Validation loss decreased (0.047274 --> 0.030542).  Saving model ...
Updating learning rate to 2.5e-05
Validation loss decreased (0.030542 --> 0.028865).  Saving model ...
Updating learning rate to 1.25e-05
Validation loss decreased (0.028865 --> 0.028288).  Saving model ...
Updating learning rate to 6.25e-06
EarlyStopping counter: 1 out of 100
Updating learning rate to 3.125e-06
EarlyStopping counter: 2 out of 100
Updating learning rate to 1.5625e-06
EarlyStopping counter: 3 out of 100
Updating learning rate to 7.8125e-07
Validation loss decreased (0.028288 --> 0.027926).  Saving model ...
Updating learning rate to 3.90625e-07
EarlyStopping counter: 1 out of 100
Updating learning rate to 1.953125e-07
EarlyStopping counter: 2 out of 100
Updating learning rate to 9.765625e-08
EarlyStopping counter: 3 out of 100
Updating learning rate to 4.8828125e-08
EarlyStopping counter: 4 out of 100
Updating learning rate to 2.44140625e-08
EarlyStopping counter: 5 out of 100
Updating learning rate to 1.220703125e-08
EarlyStopping counter: 6 out of 100
Updating learning rate to 6.103515625e-09
EarlyStopping counter: 7 out of 100
Updating learning rate to 3.0517578125e-09
EarlyStopping counter: 8 out of 100
Updating learning rate to 1.52587890625e-09
EarlyStopping counter: 9 out of 100
Updating learning rate to 7.62939453125e-10
EarlyStopping counter: 10 out of 100
Updating learning rate to 3.814697265625e-10
EarlyStopping counter: 11 out of 100
Updating learning rate to 1.9073486328125e-10
EarlyStopping counter: 12 out of 100
Updating learning rate to 9.5367431640625e-11
EarlyStopping counter: 13 out of 100
Updating learning rate to 4.76837158203125e-11
EarlyStopping counter: 14 out of 100
Updating learning rate to 2.384185791015625e-11
EarlyStopping counter: 15 out of 100
Updating learning rate to 1.1920928955078126e-11
EarlyStopping counter: 16 out of 100
Updating learning rate to 5.960464477539063e-12
EarlyStopping counter: 17 out of 100
Updating learning rate to 2.9802322387695314e-12
EarlyStopping counter: 18 out of 100
Updating learning rate to 1.4901161193847657e-12
EarlyStopping counter: 19 out of 100
Updating learning rate to 7.450580596923828e-13
EarlyStopping counter: 20 out of 100
Updating learning rate to 3.725290298461914e-13
EarlyStopping counter: 21 out of 100
Updating learning rate to 1.862645149230957e-13
EarlyStopping counter: 22 out of 100
Updating learning rate to 9.313225746154786e-14
EarlyStopping counter: 23 out of 100
Updating learning rate to 4.656612873077393e-14
Validation loss decreased (0.027926 --> 0.027482).  Saving model ...
Updating learning rate to 2.3283064365386964e-14
EarlyStopping counter: 1 out of 100
Updating learning rate to 1.1641532182693482e-14
EarlyStopping counter: 2 out of 100
Updating learning rate to 5.820766091346741e-15
EarlyStopping counter: 3 out of 100
Updating learning rate to 2.9103830456733705e-15
EarlyStopping counter: 4 out of 100
Updating learning rate to 1.4551915228366853e-15
EarlyStopping counter: 5 out of 100
Updating learning rate to 7.275957614183426e-16
EarlyStopping counter: 6 out of 100
Updating learning rate to 3.637978807091713e-16
Validation loss decreased (0.027482 --> 0.027415).  Saving model ...
Updating learning rate to 1.8189894035458566e-16
EarlyStopping counter: 1 out of 100
Updating learning rate to 9.094947017729283e-17
EarlyStopping counter: 2 out of 100
Updating learning rate to 4.5474735088646414e-17
EarlyStopping counter: 3 out of 100
Updating learning rate to 2.2737367544323207e-17
EarlyStopping counter: 4 out of 100
Updating learning rate to 1.1368683772161604e-17
EarlyStopping counter: 5 out of 100
Updating learning rate to 5.684341886080802e-18
EarlyStopping counter: 6 out of 100
Updating learning rate to 2.842170943040401e-18
EarlyStopping counter: 7 out of 100
Updating learning rate to 1.4210854715202004e-18
EarlyStopping counter: 8 out of 100
Updating learning rate to 7.105427357601002e-19
EarlyStopping counter: 9 out of 100
Updating learning rate to 3.552713678800501e-19
EarlyStopping counter: 10 out of 100
Updating learning rate to 1.7763568394002505e-19
>>>>>>>testing : long_term_forecast_Exchange_1_FEDformer_custom_ftM_sl96_ll48_pl1_dm512_nh8_el2_dl1_df2048_expand2_dc4_fc3_ebtimeF_dtTrue_Exp_0<<<<<<<<<<<<<<<<<<<<<<<<<<<<<<<<<
==================================================
DEBUG INFO:
Dataset columns: ['date', 'open', 'high', 'low', 'close', 'volume']
Target we're looking for: 'OT'
Target type: <class 'str'>
==================================================
Overriding target from 'OT' to 'close' for stock data
test 261
test shape: (261, 1, 5) (261, 1, 5)
test shape: (261, 1, 5) (261, 1, 5)


	mse:0.06113935634493828, mae:0.11120278388261795, dtw:Not calculated


Using GPU
Args in experiment:
[1mBasic Config[0m
  Task Name:          long_term_forecast  Is Training:        1                   
  Model ID:           Exchange_3          Model:              FEDformer           

[1mData Loader[0m
  Data:               custom              Root Path:          ./dataset/exchange_rate/
  Data Path:          exchange_rate.csv   Features:           M                   
  Target:             OT                  Freq:               h                   
  Checkpoints:        ./checkpoints/      

[1mForecasting Task[0m
  Seq Len:            96                  Label Len:          48                  
  Pred Len:           3                   Seasonal Patterns:  Monthly             
  Inverse:            0                   

[1mModel Parameters[0m
  Top k:              5                   Num Kernels:        6                   
  Enc In:             5                   Dec In:             5                   
  C Out:              5                   d model:            512                 
  n heads:            8                   e layers:           2                   
  d layers:           1                   d FF:               2048                
  Moving Avg:         25                  Factor:             3                   
  Distil:             1                   Dropout:            0.1                 
  Embed:              timeF               Activation:         gelu                

[1mRun Parameters[0m
  Num Workers:        10                  Itr:                1                   
  Train Epochs:       50                  Batch Size:         32                  
  Patience:           100                 Learning Rate:      0.0001              
  Des:                Exp                 Loss:               MSE                 
  Lradj:              type1               Use Amp:            0                   

[1mGPU[0m
  Use GPU:            1                   GPU:                0                   
  Use Multi GPU:      0                   Devices:            0,1,2,3             

[1mDe-stationary Projector Params[0m
  P Hidden Dims:      128, 128            P Hidden Layers:    2                   

Use GPU: cuda:0
fourier enhanced block used!
modes=32, index=[2, 3, 4, 5, 8, 9, 10, 11, 13, 14, 15, 16, 17, 18, 19, 20, 23, 25, 26, 28, 31, 32, 34, 35, 37, 38, 39, 40, 42, 43, 44, 46]
fourier enhanced block used!
modes=32, index=[0, 1, 2, 3, 4, 5, 6, 7, 8, 9, 10, 11, 12, 13, 14, 15, 16, 17, 18, 19, 20, 21, 22, 23, 24]
 fourier enhanced cross attention used!
modes_q=25, index_q=[0, 1, 2, 3, 4, 5, 6, 7, 8, 9, 10, 11, 12, 13, 14, 15, 16, 17, 18, 19, 20, 21, 22, 23, 24]
modes_kv=32, index_kv=[0, 1, 2, 4, 5, 6, 7, 8, 9, 10, 12, 13, 14, 17, 18, 20, 21, 22, 23, 26, 27, 28, 29, 30, 31, 32, 35, 36, 37, 43, 44, 45]
>>>>>>>start training : long_term_forecast_Exchange_3_FEDformer_custom_ftM_sl96_ll48_pl3_dm512_nh8_el2_dl1_df2048_expand2_dc4_fc3_ebtimeF_dtTrue_Exp_0>>>>>>>>>>>>>>>>>>>>>>>>>>
==================================================
DEBUG INFO:
Dataset columns: ['date', 'open', 'high', 'low', 'close', 'volume']
Target we're looking for: 'OT'
Target type: <class 'str'>
==================================================
Overriding target from 'OT' to 'close' for stock data
============================================================
DATASET SPLIT INFO (85/5/10):
============================================================
Total samples: 5193
Train: 4673 samples (85%) - rows 0 to 4672
Val: 259 samples (5%) - rows 4673 to 4931
Test: 261 samples (10%) - rows 4932 to 5192
Sequence length: 96, Prediction length: 3
============================================================
train 4575
==================================================
DEBUG INFO:
Dataset columns: ['date', 'open', 'high', 'low', 'close', 'volume']
Target we're looking for: 'OT'
Target type: <class 'str'>
==================================================
Overriding target from 'OT' to 'close' for stock data
val 257
==================================================
DEBUG INFO:
Dataset columns: ['date', 'open', 'high', 'low', 'close', 'volume']
Target we're looking for: 'OT'
Target type: <class 'str'>
==================================================
Overriding target from 'OT' to 'close' for stock data
test 259
Validation loss decreased (inf --> 0.041292).  Saving model ...
Updating learning rate to 0.0001
Validation loss decreased (0.041292 --> 0.037352).  Saving model ...
Updating learning rate to 5e-05
Validation loss decreased (0.037352 --> 0.036934).  Saving model ...
Updating learning rate to 2.5e-05
EarlyStopping counter: 1 out of 100
Updating learning rate to 1.25e-05
Validation loss decreased (0.036934 --> 0.036913).  Saving model ...
Updating learning rate to 6.25e-06
Validation loss decreased (0.036913 --> 0.034106).  Saving model ...
Updating learning rate to 3.125e-06
EarlyStopping counter: 1 out of 100
Updating learning rate to 1.5625e-06
EarlyStopping counter: 2 out of 100
Updating learning rate to 7.8125e-07
EarlyStopping counter: 3 out of 100
Updating learning rate to 3.90625e-07
EarlyStopping counter: 4 out of 100
Updating learning rate to 1.953125e-07
EarlyStopping counter: 5 out of 100
Updating learning rate to 9.765625e-08
Validation loss decreased (0.034106 --> 0.033333).  Saving model ...
Updating learning rate to 4.8828125e-08
EarlyStopping counter: 1 out of 100
Updating learning rate to 2.44140625e-08
EarlyStopping counter: 2 out of 100
Updating learning rate to 1.220703125e-08
EarlyStopping counter: 3 out of 100
Updating learning rate to 6.103515625e-09
EarlyStopping counter: 4 out of 100
Updating learning rate to 3.0517578125e-09
EarlyStopping counter: 5 out of 100
Updating learning rate to 1.52587890625e-09
Validation loss decreased (0.033333 --> 0.033322).  Saving model ...
Updating learning rate to 7.62939453125e-10
Validation loss decreased (0.033322 --> 0.033201).  Saving model ...
Updating learning rate to 3.814697265625e-10
EarlyStopping counter: 1 out of 100
Updating learning rate to 1.9073486328125e-10
Validation loss decreased (0.033201 --> 0.032813).  Saving model ...
Updating learning rate to 9.5367431640625e-11
EarlyStopping counter: 1 out of 100
Updating learning rate to 4.76837158203125e-11
EarlyStopping counter: 2 out of 100
Updating learning rate to 2.384185791015625e-11
EarlyStopping counter: 3 out of 100
Updating learning rate to 1.1920928955078126e-11
EarlyStopping counter: 4 out of 100
Updating learning rate to 5.960464477539063e-12
EarlyStopping counter: 5 out of 100
Updating learning rate to 2.9802322387695314e-12
EarlyStopping counter: 6 out of 100
Updating learning rate to 1.4901161193847657e-12
EarlyStopping counter: 7 out of 100
Updating learning rate to 7.450580596923828e-13
EarlyStopping counter: 8 out of 100
Updating learning rate to 3.725290298461914e-13
EarlyStopping counter: 9 out of 100
Updating learning rate to 1.862645149230957e-13
EarlyStopping counter: 10 out of 100
Updating learning rate to 9.313225746154786e-14
EarlyStopping counter: 11 out of 100
Updating learning rate to 4.656612873077393e-14
EarlyStopping counter: 12 out of 100
Updating learning rate to 2.3283064365386964e-14
EarlyStopping counter: 13 out of 100
Updating learning rate to 1.1641532182693482e-14
EarlyStopping counter: 14 out of 100
Updating learning rate to 5.820766091346741e-15
EarlyStopping counter: 15 out of 100
Updating learning rate to 2.9103830456733705e-15
EarlyStopping counter: 16 out of 100
Updating learning rate to 1.4551915228366853e-15
EarlyStopping counter: 17 out of 100
Updating learning rate to 7.275957614183426e-16
EarlyStopping counter: 18 out of 100
Updating learning rate to 3.637978807091713e-16
EarlyStopping counter: 19 out of 100
Updating learning rate to 1.8189894035458566e-16
EarlyStopping counter: 20 out of 100
Updating learning rate to 9.094947017729283e-17
EarlyStopping counter: 21 out of 100
Updating learning rate to 4.5474735088646414e-17
EarlyStopping counter: 22 out of 100
Updating learning rate to 2.2737367544323207e-17
EarlyStopping counter: 23 out of 100
Updating learning rate to 1.1368683772161604e-17
EarlyStopping counter: 24 out of 100
Updating learning rate to 5.684341886080802e-18
EarlyStopping counter: 25 out of 100
Updating learning rate to 2.842170943040401e-18
EarlyStopping counter: 26 out of 100
Updating learning rate to 1.4210854715202004e-18
EarlyStopping counter: 27 out of 100
Updating learning rate to 7.105427357601002e-19
EarlyStopping counter: 28 out of 100
Updating learning rate to 3.552713678800501e-19
EarlyStopping counter: 29 out of 100
Updating learning rate to 1.7763568394002505e-19
>>>>>>>testing : long_term_forecast_Exchange_3_FEDformer_custom_ftM_sl96_ll48_pl3_dm512_nh8_el2_dl1_df2048_expand2_dc4_fc3_ebtimeF_dtTrue_Exp_0<<<<<<<<<<<<<<<<<<<<<<<<<<<<<<<<<
==================================================
DEBUG INFO:
Dataset columns: ['date', 'open', 'high', 'low', 'close', 'volume']
Target we're looking for: 'OT'
Target type: <class 'str'>
==================================================
Overriding target from 'OT' to 'close' for stock data
test 259
test shape: (259, 3, 5) (259, 3, 5)
test shape: (259, 3, 5) (259, 3, 5)


	mse:0.06628718972206116, mae:0.11625955253839493, dtw:Not calculated


Using GPU
Args in experiment:
[1mBasic Config[0m
  Task Name:          long_term_forecast  Is Training:        1                   
  Model ID:           Exchange_7          Model:              FEDformer           

[1mData Loader[0m
  Data:               custom              Root Path:          ./dataset/exchange_rate/
  Data Path:          exchange_rate.csv   Features:           M                   
  Target:             OT                  Freq:               h                   
  Checkpoints:        ./checkpoints/      

[1mForecasting Task[0m
  Seq Len:            96                  Label Len:          48                  
  Pred Len:           7                   Seasonal Patterns:  Monthly             
  Inverse:            0                   

[1mModel Parameters[0m
  Top k:              5                   Num Kernels:        6                   
  Enc In:             5                   Dec In:             5                   
  C Out:              5                   d model:            512                 
  n heads:            8                   e layers:           2                   
  d layers:           1                   d FF:               2048                
  Moving Avg:         25                  Factor:             3                   
  Distil:             1                   Dropout:            0.1                 
  Embed:              timeF               Activation:         gelu                

[1mRun Parameters[0m
  Num Workers:        10                  Itr:                1                   
  Train Epochs:       50                  Batch Size:         32                  
  Patience:           100                 Learning Rate:      0.0001              
  Des:                Exp                 Loss:               MSE                 
  Lradj:              type1               Use Amp:            0                   

[1mGPU[0m
  Use GPU:            1                   GPU:                0                   
  Use Multi GPU:      0                   Devices:            0,1,2,3             

[1mDe-stationary Projector Params[0m
  P Hidden Dims:      128, 128            P Hidden Layers:    2                   

Use GPU: cuda:0
fourier enhanced block used!
modes=32, index=[2, 3, 4, 5, 8, 9, 10, 11, 13, 14, 15, 16, 17, 18, 19, 20, 23, 25, 26, 28, 31, 32, 34, 35, 37, 38, 39, 40, 42, 43, 44, 46]
fourier enhanced block used!
modes=32, index=[0, 1, 2, 3, 4, 5, 6, 7, 8, 9, 10, 11, 12, 13, 14, 15, 16, 17, 18, 19, 20, 21, 22, 23, 24, 25, 26]
 fourier enhanced cross attention used!
modes_q=27, index_q=[0, 1, 2, 3, 4, 5, 6, 7, 8, 9, 10, 11, 12, 13, 14, 15, 16, 17, 18, 19, 20, 21, 22, 23, 24, 25, 26]
modes_kv=32, index_kv=[0, 1, 2, 4, 5, 6, 7, 8, 9, 10, 12, 13, 14, 17, 18, 20, 21, 22, 23, 26, 27, 28, 29, 30, 31, 32, 35, 36, 37, 43, 44, 45]
>>>>>>>start training : long_term_forecast_Exchange_7_FEDformer_custom_ftM_sl96_ll48_pl7_dm512_nh8_el2_dl1_df2048_expand2_dc4_fc3_ebtimeF_dtTrue_Exp_0>>>>>>>>>>>>>>>>>>>>>>>>>>
==================================================
DEBUG INFO:
Dataset columns: ['date', 'open', 'high', 'low', 'close', 'volume']
Target we're looking for: 'OT'
Target type: <class 'str'>
==================================================
Overriding target from 'OT' to 'close' for stock data
============================================================
DATASET SPLIT INFO (85/5/10):
============================================================
Total samples: 5193
Train: 4673 samples (85%) - rows 0 to 4672
Val: 259 samples (5%) - rows 4673 to 4931
Test: 261 samples (10%) - rows 4932 to 5192
Sequence length: 96, Prediction length: 7
============================================================
train 4571
==================================================
DEBUG INFO:
Dataset columns: ['date', 'open', 'high', 'low', 'close', 'volume']
Target we're looking for: 'OT'
Target type: <class 'str'>
==================================================
Overriding target from 'OT' to 'close' for stock data
val 253
==================================================
DEBUG INFO:
Dataset columns: ['date', 'open', 'high', 'low', 'close', 'volume']
Target we're looking for: 'OT'
Target type: <class 'str'>
==================================================
Overriding target from 'OT' to 'close' for stock data
test 255
Validation loss decreased (inf --> 0.045327).  Saving model ...
Updating learning rate to 0.0001
Validation loss decreased (0.045327 --> 0.042076).  Saving model ...
Updating learning rate to 5e-05
Validation loss decreased (0.042076 --> 0.039629).  Saving model ...
Updating learning rate to 2.5e-05
Validation loss decreased (0.039629 --> 0.039601).  Saving model ...
Updating learning rate to 1.25e-05
Validation loss decreased (0.039601 --> 0.039165).  Saving model ...
Updating learning rate to 6.25e-06
Validation loss decreased (0.039165 --> 0.039052).  Saving model ...
Updating learning rate to 3.125e-06
Validation loss decreased (0.039052 --> 0.038636).  Saving model ...
Updating learning rate to 1.5625e-06
EarlyStopping counter: 1 out of 100
Updating learning rate to 7.8125e-07
EarlyStopping counter: 2 out of 100
Updating learning rate to 3.90625e-07
Validation loss decreased (0.038636 --> 0.038635).  Saving model ...
Updating learning rate to 1.953125e-07
EarlyStopping counter: 1 out of 100
Updating learning rate to 9.765625e-08
EarlyStopping counter: 2 out of 100
Updating learning rate to 4.8828125e-08
EarlyStopping counter: 3 out of 100
Updating learning rate to 2.44140625e-08
EarlyStopping counter: 4 out of 100
Updating learning rate to 1.220703125e-08
EarlyStopping counter: 5 out of 100
Updating learning rate to 6.103515625e-09
EarlyStopping counter: 6 out of 100
Updating learning rate to 3.0517578125e-09
EarlyStopping counter: 7 out of 100
Updating learning rate to 1.52587890625e-09
EarlyStopping counter: 8 out of 100
Updating learning rate to 7.62939453125e-10
EarlyStopping counter: 9 out of 100
Updating learning rate to 3.814697265625e-10
EarlyStopping counter: 10 out of 100
Updating learning rate to 1.9073486328125e-10
EarlyStopping counter: 11 out of 100
Updating learning rate to 9.5367431640625e-11
EarlyStopping counter: 12 out of 100
Updating learning rate to 4.76837158203125e-11
EarlyStopping counter: 13 out of 100
Updating learning rate to 2.384185791015625e-11
Validation loss decreased (0.038635 --> 0.038628).  Saving model ...
Updating learning rate to 1.1920928955078126e-11
EarlyStopping counter: 1 out of 100
Updating learning rate to 5.960464477539063e-12
EarlyStopping counter: 2 out of 100
Updating learning rate to 2.9802322387695314e-12
EarlyStopping counter: 3 out of 100
Updating learning rate to 1.4901161193847657e-12
EarlyStopping counter: 4 out of 100
Updating learning rate to 7.450580596923828e-13
EarlyStopping counter: 5 out of 100
Updating learning rate to 3.725290298461914e-13
EarlyStopping counter: 6 out of 100
Updating learning rate to 1.862645149230957e-13
EarlyStopping counter: 7 out of 100
Updating learning rate to 9.313225746154786e-14
EarlyStopping counter: 8 out of 100
Updating learning rate to 4.656612873077393e-14
EarlyStopping counter: 9 out of 100
Updating learning rate to 2.3283064365386964e-14
EarlyStopping counter: 10 out of 100
Updating learning rate to 1.1641532182693482e-14
EarlyStopping counter: 11 out of 100
Updating learning rate to 5.820766091346741e-15
EarlyStopping counter: 12 out of 100
Updating learning rate to 2.9103830456733705e-15
EarlyStopping counter: 13 out of 100
Updating learning rate to 1.4551915228366853e-15
EarlyStopping counter: 14 out of 100
Updating learning rate to 7.275957614183426e-16
EarlyStopping counter: 15 out of 100
Updating learning rate to 3.637978807091713e-16
EarlyStopping counter: 16 out of 100
Updating learning rate to 1.8189894035458566e-16
EarlyStopping counter: 17 out of 100
Updating learning rate to 9.094947017729283e-17
EarlyStopping counter: 18 out of 100
Updating learning rate to 4.5474735088646414e-17
EarlyStopping counter: 19 out of 100
Updating learning rate to 2.2737367544323207e-17
EarlyStopping counter: 20 out of 100
Updating learning rate to 1.1368683772161604e-17
EarlyStopping counter: 21 out of 100
Updating learning rate to 5.684341886080802e-18
EarlyStopping counter: 22 out of 100
Updating learning rate to 2.842170943040401e-18
EarlyStopping counter: 23 out of 100
Updating learning rate to 1.4210854715202004e-18
EarlyStopping counter: 24 out of 100
Updating learning rate to 7.105427357601002e-19
EarlyStopping counter: 25 out of 100
Updating learning rate to 3.552713678800501e-19
EarlyStopping counter: 26 out of 100
Updating learning rate to 1.7763568394002505e-19
>>>>>>>testing : long_term_forecast_Exchange_7_FEDformer_custom_ftM_sl96_ll48_pl7_dm512_nh8_el2_dl1_df2048_expand2_dc4_fc3_ebtimeF_dtTrue_Exp_0<<<<<<<<<<<<<<<<<<<<<<<<<<<<<<<<<
==================================================
DEBUG INFO:
Dataset columns: ['date', 'open', 'high', 'low', 'close', 'volume']
Target we're looking for: 'OT'
Target type: <class 'str'>
==================================================
Overriding target from 'OT' to 'close' for stock data
test 255
test shape: (255, 7, 5) (255, 7, 5)
test shape: (255, 7, 5) (255, 7, 5)


	mse:0.07468381524085999, mae:0.12940752506256104, dtw:Not calculated


Using GPU
Args in experiment:
[1mBasic Config[0m
  Task Name:          long_term_forecast  Is Training:        1                   
  Model ID:           Exchange_14         Model:              FEDformer           

[1mData Loader[0m
  Data:               custom              Root Path:          ./dataset/exchange_rate/
  Data Path:          exchange_rate.csv   Features:           M                   
  Target:             OT                  Freq:               h                   
  Checkpoints:        ./checkpoints/      

[1mForecasting Task[0m
  Seq Len:            96                  Label Len:          48                  
  Pred Len:           14                  Seasonal Patterns:  Monthly             
  Inverse:            0                   

[1mModel Parameters[0m
  Top k:              5                   Num Kernels:        6                   
  Enc In:             5                   Dec In:             5                   
  C Out:              5                   d model:            512                 
  n heads:            8                   e layers:           2                   
  d layers:           1                   d FF:               2048                
  Moving Avg:         25                  Factor:             3                   
  Distil:             1                   Dropout:            0.1                 
  Embed:              timeF               Activation:         gelu                

[1mRun Parameters[0m
  Num Workers:        10                  Itr:                1                   
  Train Epochs:       50                  Batch Size:         32                  
  Patience:           100                 Learning Rate:      0.0001              
  Des:                Exp                 Loss:               MSE                 
  Lradj:              type1               Use Amp:            0                   

[1mGPU[0m
  Use GPU:            1                   GPU:                0                   
  Use Multi GPU:      0                   Devices:            0,1,2,3             

[1mDe-stationary Projector Params[0m
  P Hidden Dims:      128, 128            P Hidden Layers:    2                   

Use GPU: cuda:0
fourier enhanced block used!
modes=32, index=[2, 3, 4, 5, 8, 9, 10, 11, 13, 14, 15, 16, 17, 18, 19, 20, 23, 25, 26, 28, 31, 32, 34, 35, 37, 38, 39, 40, 42, 43, 44, 46]
fourier enhanced block used!
modes=32, index=[0, 1, 2, 3, 4, 5, 6, 7, 8, 9, 10, 11, 12, 13, 14, 15, 16, 17, 18, 19, 20, 21, 22, 23, 24, 25, 26, 27, 28, 29, 30]
 fourier enhanced cross attention used!
modes_q=31, index_q=[0, 1, 2, 3, 4, 5, 6, 7, 8, 9, 10, 11, 12, 13, 14, 15, 16, 17, 18, 19, 20, 21, 22, 23, 24, 25, 26, 27, 28, 29, 30]
modes_kv=32, index_kv=[0, 1, 2, 4, 5, 6, 7, 8, 9, 10, 12, 13, 14, 17, 18, 20, 21, 22, 23, 26, 27, 28, 29, 30, 31, 32, 35, 36, 37, 43, 44, 45]
>>>>>>>start training : long_term_forecast_Exchange_14_FEDformer_custom_ftM_sl96_ll48_pl14_dm512_nh8_el2_dl1_df2048_expand2_dc4_fc3_ebtimeF_dtTrue_Exp_0>>>>>>>>>>>>>>>>>>>>>>>>>>
==================================================
DEBUG INFO:
Dataset columns: ['date', 'open', 'high', 'low', 'close', 'volume']
Target we're looking for: 'OT'
Target type: <class 'str'>
==================================================
Overriding target from 'OT' to 'close' for stock data
============================================================
DATASET SPLIT INFO (85/5/10):
============================================================
Total samples: 5193
Train: 4673 samples (85%) - rows 0 to 4672
Val: 259 samples (5%) - rows 4673 to 4931
Test: 261 samples (10%) - rows 4932 to 5192
Sequence length: 96, Prediction length: 14
============================================================
train 4564
==================================================
DEBUG INFO:
Dataset columns: ['date', 'open', 'high', 'low', 'close', 'volume']
Target we're looking for: 'OT'
Target type: <class 'str'>
==================================================
Overriding target from 'OT' to 'close' for stock data
val 246
==================================================
DEBUG INFO:
Dataset columns: ['date', 'open', 'high', 'low', 'close', 'volume']
Target we're looking for: 'OT'
Target type: <class 'str'>
==================================================
Overriding target from 'OT' to 'close' for stock data
test 248
Validation loss decreased (inf --> 0.039717).  Saving model ...
Updating learning rate to 0.0001
Validation loss decreased (0.039717 --> 0.038730).  Saving model ...
Updating learning rate to 5e-05
EarlyStopping counter: 1 out of 100
Updating learning rate to 2.5e-05
Validation loss decreased (0.038730 --> 0.037082).  Saving model ...
Updating learning rate to 1.25e-05
EarlyStopping counter: 1 out of 100
Updating learning rate to 6.25e-06
EarlyStopping counter: 2 out of 100
Updating learning rate to 3.125e-06
EarlyStopping counter: 3 out of 100
Updating learning rate to 1.5625e-06
EarlyStopping counter: 4 out of 100
Updating learning rate to 7.8125e-07
EarlyStopping counter: 5 out of 100
Updating learning rate to 3.90625e-07
EarlyStopping counter: 6 out of 100
Updating learning rate to 1.953125e-07
EarlyStopping counter: 7 out of 100
Updating learning rate to 9.765625e-08
EarlyStopping counter: 8 out of 100
Updating learning rate to 4.8828125e-08
EarlyStopping counter: 9 out of 100
Updating learning rate to 2.44140625e-08
EarlyStopping counter: 10 out of 100
Updating learning rate to 1.220703125e-08
EarlyStopping counter: 11 out of 100
Updating learning rate to 6.103515625e-09
EarlyStopping counter: 12 out of 100
Updating learning rate to 3.0517578125e-09
EarlyStopping counter: 13 out of 100
Updating learning rate to 1.52587890625e-09
EarlyStopping counter: 14 out of 100
Updating learning rate to 7.62939453125e-10
EarlyStopping counter: 15 out of 100
Updating learning rate to 3.814697265625e-10
EarlyStopping counter: 16 out of 100
Updating learning rate to 1.9073486328125e-10
EarlyStopping counter: 17 out of 100
Updating learning rate to 9.5367431640625e-11
EarlyStopping counter: 18 out of 100
Updating learning rate to 4.76837158203125e-11
EarlyStopping counter: 19 out of 100
Updating learning rate to 2.384185791015625e-11
EarlyStopping counter: 20 out of 100
Updating learning rate to 1.1920928955078126e-11
EarlyStopping counter: 21 out of 100
Updating learning rate to 5.960464477539063e-12
EarlyStopping counter: 22 out of 100
Updating learning rate to 2.9802322387695314e-12
EarlyStopping counter: 23 out of 100
Updating learning rate to 1.4901161193847657e-12
EarlyStopping counter: 24 out of 100
Updating learning rate to 7.450580596923828e-13
EarlyStopping counter: 25 out of 100
Updating learning rate to 3.725290298461914e-13
EarlyStopping counter: 26 out of 100
Updating learning rate to 1.862645149230957e-13
EarlyStopping counter: 27 out of 100
Updating learning rate to 9.313225746154786e-14
EarlyStopping counter: 28 out of 100
Updating learning rate to 4.656612873077393e-14
EarlyStopping counter: 29 out of 100
Updating learning rate to 2.3283064365386964e-14
EarlyStopping counter: 30 out of 100
Updating learning rate to 1.1641532182693482e-14
EarlyStopping counter: 31 out of 100
Updating learning rate to 5.820766091346741e-15
EarlyStopping counter: 32 out of 100
Updating learning rate to 2.9103830456733705e-15
EarlyStopping counter: 33 out of 100
Updating learning rate to 1.4551915228366853e-15
EarlyStopping counter: 34 out of 100
Updating learning rate to 7.275957614183426e-16
EarlyStopping counter: 35 out of 100
Updating learning rate to 3.637978807091713e-16
EarlyStopping counter: 36 out of 100
Updating learning rate to 1.8189894035458566e-16
EarlyStopping counter: 37 out of 100
Updating learning rate to 9.094947017729283e-17
EarlyStopping counter: 38 out of 100
Updating learning rate to 4.5474735088646414e-17
EarlyStopping counter: 39 out of 100
Updating learning rate to 2.2737367544323207e-17
EarlyStopping counter: 40 out of 100
Updating learning rate to 1.1368683772161604e-17
EarlyStopping counter: 41 out of 100
Updating learning rate to 5.684341886080802e-18
EarlyStopping counter: 42 out of 100
Updating learning rate to 2.842170943040401e-18
EarlyStopping counter: 43 out of 100
Updating learning rate to 1.4210854715202004e-18
EarlyStopping counter: 44 out of 100
Updating learning rate to 7.105427357601002e-19
EarlyStopping counter: 45 out of 100
Updating learning rate to 3.552713678800501e-19
EarlyStopping counter: 46 out of 100
Updating learning rate to 1.7763568394002505e-19
>>>>>>>testing : long_term_forecast_Exchange_14_FEDformer_custom_ftM_sl96_ll48_pl14_dm512_nh8_el2_dl1_df2048_expand2_dc4_fc3_ebtimeF_dtTrue_Exp_0<<<<<<<<<<<<<<<<<<<<<<<<<<<<<<<<<
==================================================
DEBUG INFO:
Dataset columns: ['date', 'open', 'high', 'low', 'close', 'volume']
Target we're looking for: 'OT'
Target type: <class 'str'>
==================================================
Overriding target from 'OT' to 'close' for stock data
test 248
test shape: (248, 14, 5) (248, 14, 5)
test shape: (248, 14, 5) (248, 14, 5)


	mse:0.07480613142251968, mae:0.12642601132392883, dtw:Not calculated


Using GPU
Args in experiment:
[1mBasic Config[0m
  Task Name:          long_term_forecast  Is Training:        1                   
  Model ID:           Exchange_30         Model:              FEDformer           

[1mData Loader[0m
  Data:               custom              Root Path:          ./dataset/exchange_rate/
  Data Path:          exchange_rate.csv   Features:           M                   
  Target:             OT                  Freq:               h                   
  Checkpoints:        ./checkpoints/      

[1mForecasting Task[0m
  Seq Len:            96                  Label Len:          48                  
  Pred Len:           30                  Seasonal Patterns:  Monthly             
  Inverse:            0                   

[1mModel Parameters[0m
  Top k:              5                   Num Kernels:        6                   
  Enc In:             5                   Dec In:             5                   
  C Out:              5                   d model:            512                 
  n heads:            8                   e layers:           2                   
  d layers:           1                   d FF:               2048                
  Moving Avg:         25                  Factor:             3                   
  Distil:             1                   Dropout:            0.1                 
  Embed:              timeF               Activation:         gelu                

[1mRun Parameters[0m
  Num Workers:        10                  Itr:                1                   
  Train Epochs:       50                  Batch Size:         32                  
  Patience:           100                 Learning Rate:      0.0001              
  Des:                Exp                 Loss:               MSE                 
  Lradj:              type1               Use Amp:            0                   

[1mGPU[0m
  Use GPU:            1                   GPU:                0                   
  Use Multi GPU:      0                   Devices:            0,1,2,3             

[1mDe-stationary Projector Params[0m
  P Hidden Dims:      128, 128            P Hidden Layers:    2                   

Use GPU: cuda:0
fourier enhanced block used!
modes=32, index=[2, 3, 4, 5, 8, 9, 10, 11, 13, 14, 15, 16, 17, 18, 19, 20, 23, 25, 26, 28, 31, 32, 34, 35, 37, 38, 39, 40, 42, 43, 44, 46]
fourier enhanced block used!
modes=32, index=[0, 1, 2, 3, 4, 5, 6, 7, 8, 9, 10, 13, 16, 17, 18, 20, 21, 22, 23, 24, 25, 27, 28, 29, 30, 31, 32, 34, 35, 36, 37, 38]
 fourier enhanced cross attention used!
modes_q=32, index_q=[0, 1, 2, 3, 4, 5, 8, 9, 10, 11, 12, 13, 14, 15, 16, 17, 19, 20, 21, 22, 23, 24, 25, 28, 30, 31, 32, 33, 34, 35, 37, 38]
modes_kv=32, index_kv=[0, 2, 8, 13, 14, 16, 18, 19, 20, 21, 22, 23, 24, 25, 26, 27, 28, 29, 31, 33, 34, 35, 36, 37, 39, 40, 41, 42, 44, 45, 46, 47]
>>>>>>>start training : long_term_forecast_Exchange_30_FEDformer_custom_ftM_sl96_ll48_pl30_dm512_nh8_el2_dl1_df2048_expand2_dc4_fc3_ebtimeF_dtTrue_Exp_0>>>>>>>>>>>>>>>>>>>>>>>>>>
==================================================
DEBUG INFO:
Dataset columns: ['date', 'open', 'high', 'low', 'close', 'volume']
Target we're looking for: 'OT'
Target type: <class 'str'>
==================================================
Overriding target from 'OT' to 'close' for stock data
============================================================
DATASET SPLIT INFO (85/5/10):
============================================================
Total samples: 5193
Train: 4673 samples (85%) - rows 0 to 4672
Val: 259 samples (5%) - rows 4673 to 4931
Test: 261 samples (10%) - rows 4932 to 5192
Sequence length: 96, Prediction length: 30
============================================================
train 4548
==================================================
DEBUG INFO:
Dataset columns: ['date', 'open', 'high', 'low', 'close', 'volume']
Target we're looking for: 'OT'
Target type: <class 'str'>
==================================================
Overriding target from 'OT' to 'close' for stock data
val 230
==================================================
DEBUG INFO:
Dataset columns: ['date', 'open', 'high', 'low', 'close', 'volume']
Target we're looking for: 'OT'
Target type: <class 'str'>
==================================================
Overriding target from 'OT' to 'close' for stock data
test 232
Validation loss decreased (inf --> 0.042211).  Saving model ...
Updating learning rate to 0.0001
Validation loss decreased (0.042211 --> 0.039741).  Saving model ...
Updating learning rate to 5e-05
Validation loss decreased (0.039741 --> 0.039013).  Saving model ...
Updating learning rate to 2.5e-05
Validation loss decreased (0.039013 --> 0.038231).  Saving model ...
Updating learning rate to 1.25e-05
EarlyStopping counter: 1 out of 100
Updating learning rate to 6.25e-06
EarlyStopping counter: 2 out of 100
Updating learning rate to 3.125e-06
EarlyStopping counter: 3 out of 100
Updating learning rate to 1.5625e-06
EarlyStopping counter: 4 out of 100
Updating learning rate to 7.8125e-07
EarlyStopping counter: 5 out of 100
Updating learning rate to 3.90625e-07
EarlyStopping counter: 6 out of 100
Updating learning rate to 1.953125e-07
Validation loss decreased (0.038231 --> 0.037529).  Saving model ...
Updating learning rate to 9.765625e-08
EarlyStopping counter: 1 out of 100
Updating learning rate to 4.8828125e-08
EarlyStopping counter: 2 out of 100
Updating learning rate to 2.44140625e-08
EarlyStopping counter: 3 out of 100
Updating learning rate to 1.220703125e-08
EarlyStopping counter: 4 out of 100
Updating learning rate to 6.103515625e-09
EarlyStopping counter: 5 out of 100
Updating learning rate to 3.0517578125e-09
EarlyStopping counter: 6 out of 100
Updating learning rate to 1.52587890625e-09
EarlyStopping counter: 7 out of 100
Updating learning rate to 7.62939453125e-10
EarlyStopping counter: 8 out of 100
Updating learning rate to 3.814697265625e-10
EarlyStopping counter: 9 out of 100
Updating learning rate to 1.9073486328125e-10
EarlyStopping counter: 10 out of 100
Updating learning rate to 9.5367431640625e-11
EarlyStopping counter: 11 out of 100
Updating learning rate to 4.76837158203125e-11
EarlyStopping counter: 12 out of 100
Updating learning rate to 2.384185791015625e-11
Validation loss decreased (0.037529 --> 0.037307).  Saving model ...
Updating learning rate to 1.1920928955078126e-11
EarlyStopping counter: 1 out of 100
Updating learning rate to 5.960464477539063e-12
EarlyStopping counter: 2 out of 100
Updating learning rate to 2.9802322387695314e-12
EarlyStopping counter: 3 out of 100
Updating learning rate to 1.4901161193847657e-12
EarlyStopping counter: 4 out of 100
Updating learning rate to 7.450580596923828e-13
EarlyStopping counter: 5 out of 100
Updating learning rate to 3.725290298461914e-13
EarlyStopping counter: 6 out of 100
Updating learning rate to 1.862645149230957e-13
EarlyStopping counter: 7 out of 100
Updating learning rate to 9.313225746154786e-14
EarlyStopping counter: 8 out of 100
Updating learning rate to 4.656612873077393e-14
EarlyStopping counter: 9 out of 100
Updating learning rate to 2.3283064365386964e-14
EarlyStopping counter: 10 out of 100
Updating learning rate to 1.1641532182693482e-14
EarlyStopping counter: 11 out of 100
Updating learning rate to 5.820766091346741e-15
EarlyStopping counter: 12 out of 100
Updating learning rate to 2.9103830456733705e-15
EarlyStopping counter: 13 out of 100
Updating learning rate to 1.4551915228366853e-15
EarlyStopping counter: 14 out of 100
Updating learning rate to 7.275957614183426e-16
EarlyStopping counter: 15 out of 100
Updating learning rate to 3.637978807091713e-16
EarlyStopping counter: 16 out of 100
Updating learning rate to 1.8189894035458566e-16
EarlyStopping counter: 17 out of 100
Updating learning rate to 9.094947017729283e-17
EarlyStopping counter: 18 out of 100
Updating learning rate to 4.5474735088646414e-17
EarlyStopping counter: 19 out of 100
Updating learning rate to 2.2737367544323207e-17
EarlyStopping counter: 20 out of 100
Updating learning rate to 1.1368683772161604e-17
EarlyStopping counter: 21 out of 100
Updating learning rate to 5.684341886080802e-18
EarlyStopping counter: 22 out of 100
Updating learning rate to 2.842170943040401e-18
EarlyStopping counter: 23 out of 100
Updating learning rate to 1.4210854715202004e-18
EarlyStopping counter: 24 out of 100
Updating learning rate to 7.105427357601002e-19
EarlyStopping counter: 25 out of 100
Updating learning rate to 3.552713678800501e-19
EarlyStopping counter: 26 out of 100
Updating learning rate to 1.7763568394002505e-19
>>>>>>>testing : long_term_forecast_Exchange_30_FEDformer_custom_ftM_sl96_ll48_pl30_dm512_nh8_el2_dl1_df2048_expand2_dc4_fc3_ebtimeF_dtTrue_Exp_0<<<<<<<<<<<<<<<<<<<<<<<<<<<<<<<<<
==================================================
DEBUG INFO:
Dataset columns: ['date', 'open', 'high', 'low', 'close', 'volume']
Target we're looking for: 'OT'
Target type: <class 'str'>
==================================================
Overriding target from 'OT' to 'close' for stock data
test 232
test shape: (232, 30, 5) (232, 30, 5)
test shape: (232, 30, 5) (232, 30, 5)


	mse:0.08302601426839828, mae:0.13714437186717987, dtw:Not calculated


Using GPU
Args in experiment:
[1mBasic Config[0m
  Task Name:          long_term_forecast  Is Training:        1                   
  Model ID:           Exchange_48         Model:              FEDformer           

[1mData Loader[0m
  Data:               custom              Root Path:          ./dataset/exchange_rate/
  Data Path:          exchange_rate.csv   Features:           M                   
  Target:             OT                  Freq:               h                   
  Checkpoints:        ./checkpoints/      

[1mForecasting Task[0m
  Seq Len:            96                  Label Len:          48                  
  Pred Len:           48                  Seasonal Patterns:  Monthly             
  Inverse:            0                   

[1mModel Parameters[0m
  Top k:              5                   Num Kernels:        6                   
  Enc In:             5                   Dec In:             5                   
  C Out:              5                   d model:            512                 
  n heads:            8                   e layers:           2                   
  d layers:           1                   d FF:               2048                
  Moving Avg:         25                  Factor:             3                   
  Distil:             1                   Dropout:            0.1                 
  Embed:              timeF               Activation:         gelu                

[1mRun Parameters[0m
  Num Workers:        10                  Itr:                1                   
  Train Epochs:       50                  Batch Size:         32                  
  Patience:           100                 Learning Rate:      0.0001              
  Des:                Exp                 Loss:               MSE                 
  Lradj:              type1               Use Amp:            0                   

[1mGPU[0m
  Use GPU:            1                   GPU:                0                   
  Use Multi GPU:      0                   Devices:            0,1,2,3             

[1mDe-stationary Projector Params[0m
  P Hidden Dims:      128, 128            P Hidden Layers:    2                   

Use GPU: cuda:0
fourier enhanced block used!
modes=32, index=[2, 3, 4, 5, 8, 9, 10, 11, 13, 14, 15, 16, 17, 18, 19, 20, 23, 25, 26, 28, 31, 32, 34, 35, 37, 38, 39, 40, 42, 43, 44, 46]
fourier enhanced block used!
modes=32, index=[0, 1, 2, 3, 4, 5, 6, 8, 10, 13, 16, 18, 20, 21, 22, 23, 24, 28, 29, 30, 31, 32, 34, 35, 38, 39, 41, 43, 44, 45, 46, 47]
 fourier enhanced cross attention used!
modes_q=32, index_q=[0, 1, 2, 4, 5, 6, 7, 8, 9, 10, 12, 13, 14, 17, 18, 20, 21, 22, 23, 26, 27, 28, 29, 30, 31, 32, 35, 36, 37, 43, 44, 45]
modes_kv=32, index_kv=[0, 1, 4, 6, 8, 9, 10, 11, 13, 15, 16, 17, 18, 19, 21, 22, 24, 25, 26, 28, 29, 30, 33, 34, 35, 37, 38, 40, 42, 44, 46, 47]
>>>>>>>start training : long_term_forecast_Exchange_48_FEDformer_custom_ftM_sl96_ll48_pl48_dm512_nh8_el2_dl1_df2048_expand2_dc4_fc3_ebtimeF_dtTrue_Exp_0>>>>>>>>>>>>>>>>>>>>>>>>>>
==================================================
DEBUG INFO:
Dataset columns: ['date', 'open', 'high', 'low', 'close', 'volume']
Target we're looking for: 'OT'
Target type: <class 'str'>
==================================================
Overriding target from 'OT' to 'close' for stock data
============================================================
DATASET SPLIT INFO (85/5/10):
============================================================
Total samples: 5193
Train: 4673 samples (85%) - rows 0 to 4672
Val: 259 samples (5%) - rows 4673 to 4931
Test: 261 samples (10%) - rows 4932 to 5192
Sequence length: 96, Prediction length: 48
============================================================
train 4530
==================================================
DEBUG INFO:
Dataset columns: ['date', 'open', 'high', 'low', 'close', 'volume']
Target we're looking for: 'OT'
Target type: <class 'str'>
==================================================
Overriding target from 'OT' to 'close' for stock data
val 212
==================================================
DEBUG INFO:
Dataset columns: ['date', 'open', 'high', 'low', 'close', 'volume']
Target we're looking for: 'OT'
Target type: <class 'str'>
==================================================
Overriding target from 'OT' to 'close' for stock data
test 214
Validation loss decreased (inf --> 0.039027).  Saving model ...
Updating learning rate to 0.0001
EarlyStopping counter: 1 out of 100
Updating learning rate to 5e-05
EarlyStopping counter: 2 out of 100
Updating learning rate to 2.5e-05
EarlyStopping counter: 3 out of 100
Updating learning rate to 1.25e-05
EarlyStopping counter: 4 out of 100
Updating learning rate to 6.25e-06
EarlyStopping counter: 5 out of 100
Updating learning rate to 3.125e-06
EarlyStopping counter: 6 out of 100
Updating learning rate to 1.5625e-06
EarlyStopping counter: 7 out of 100
Updating learning rate to 7.8125e-07
EarlyStopping counter: 8 out of 100
Updating learning rate to 3.90625e-07
EarlyStopping counter: 9 out of 100
Updating learning rate to 1.953125e-07
EarlyStopping counter: 10 out of 100
Updating learning rate to 9.765625e-08
EarlyStopping counter: 11 out of 100
Updating learning rate to 4.8828125e-08
EarlyStopping counter: 12 out of 100
Updating learning rate to 2.44140625e-08
EarlyStopping counter: 13 out of 100
Updating learning rate to 1.220703125e-08
EarlyStopping counter: 14 out of 100
Updating learning rate to 6.103515625e-09
EarlyStopping counter: 15 out of 100
Updating learning rate to 3.0517578125e-09
EarlyStopping counter: 16 out of 100
Updating learning rate to 1.52587890625e-09
EarlyStopping counter: 17 out of 100
Updating learning rate to 7.62939453125e-10
EarlyStopping counter: 18 out of 100
Updating learning rate to 3.814697265625e-10
EarlyStopping counter: 19 out of 100
Updating learning rate to 1.9073486328125e-10
EarlyStopping counter: 20 out of 100
Updating learning rate to 9.5367431640625e-11
EarlyStopping counter: 21 out of 100
Updating learning rate to 4.76837158203125e-11
EarlyStopping counter: 22 out of 100
Updating learning rate to 2.384185791015625e-11
EarlyStopping counter: 23 out of 100
Updating learning rate to 1.1920928955078126e-11
EarlyStopping counter: 24 out of 100
Updating learning rate to 5.960464477539063e-12
EarlyStopping counter: 25 out of 100
Updating learning rate to 2.9802322387695314e-12
EarlyStopping counter: 26 out of 100
Updating learning rate to 1.4901161193847657e-12
EarlyStopping counter: 27 out of 100
Updating learning rate to 7.450580596923828e-13
EarlyStopping counter: 28 out of 100
Updating learning rate to 3.725290298461914e-13
EarlyStopping counter: 29 out of 100
Updating learning rate to 1.862645149230957e-13
EarlyStopping counter: 30 out of 100
Updating learning rate to 9.313225746154786e-14
EarlyStopping counter: 31 out of 100
Updating learning rate to 4.656612873077393e-14
EarlyStopping counter: 32 out of 100
Updating learning rate to 2.3283064365386964e-14
EarlyStopping counter: 33 out of 100
Updating learning rate to 1.1641532182693482e-14
EarlyStopping counter: 34 out of 100
Updating learning rate to 5.820766091346741e-15
EarlyStopping counter: 35 out of 100
Updating learning rate to 2.9103830456733705e-15
EarlyStopping counter: 36 out of 100
Updating learning rate to 1.4551915228366853e-15
EarlyStopping counter: 37 out of 100
Updating learning rate to 7.275957614183426e-16
EarlyStopping counter: 38 out of 100
Updating learning rate to 3.637978807091713e-16
EarlyStopping counter: 39 out of 100
Updating learning rate to 1.8189894035458566e-16
EarlyStopping counter: 40 out of 100
Updating learning rate to 9.094947017729283e-17
EarlyStopping counter: 41 out of 100
Updating learning rate to 4.5474735088646414e-17
EarlyStopping counter: 42 out of 100
Updating learning rate to 2.2737367544323207e-17
EarlyStopping counter: 43 out of 100
Updating learning rate to 1.1368683772161604e-17
EarlyStopping counter: 44 out of 100
Updating learning rate to 5.684341886080802e-18
EarlyStopping counter: 45 out of 100
Updating learning rate to 2.842170943040401e-18
EarlyStopping counter: 46 out of 100
Updating learning rate to 1.4210854715202004e-18
EarlyStopping counter: 47 out of 100
Updating learning rate to 7.105427357601002e-19
EarlyStopping counter: 48 out of 100
Updating learning rate to 3.552713678800501e-19
EarlyStopping counter: 49 out of 100
Updating learning rate to 1.7763568394002505e-19
>>>>>>>testing : long_term_forecast_Exchange_48_FEDformer_custom_ftM_sl96_ll48_pl48_dm512_nh8_el2_dl1_df2048_expand2_dc4_fc3_ebtimeF_dtTrue_Exp_0<<<<<<<<<<<<<<<<<<<<<<<<<<<<<<<<<
==================================================
DEBUG INFO:
Dataset columns: ['date', 'open', 'high', 'low', 'close', 'volume']
Target we're looking for: 'OT'
Target type: <class 'str'>
==================================================
Overriding target from 'OT' to 'close' for stock data
test 214
test shape: (214, 48, 5) (214, 48, 5)
test shape: (214, 48, 5) (214, 48, 5)


	mse:0.08138497173786163, mae:0.14364562928676605, dtw:Not calculated


Using GPU
Args in experiment:
[1mBasic Config[0m
  Task Name:          long_term_forecast  Is Training:        1                   
  Model ID:           Exchange_60         Model:              FEDformer           

[1mData Loader[0m
  Data:               custom              Root Path:          ./dataset/exchange_rate/
  Data Path:          exchange_rate.csv   Features:           M                   
  Target:             OT                  Freq:               h                   
  Checkpoints:        ./checkpoints/      

[1mForecasting Task[0m
  Seq Len:            96                  Label Len:          48                  
  Pred Len:           60                  Seasonal Patterns:  Monthly             
  Inverse:            0                   

[1mModel Parameters[0m
  Top k:              5                   Num Kernels:        6                   
  Enc In:             5                   Dec In:             5                   
  C Out:              5                   d model:            512                 
  n heads:            8                   e layers:           2                   
  d layers:           1                   d FF:               2048                
  Moving Avg:         25                  Factor:             3                   
  Distil:             1                   Dropout:            0.1                 
  Embed:              timeF               Activation:         gelu                

[1mRun Parameters[0m
  Num Workers:        10                  Itr:                1                   
  Train Epochs:       50                  Batch Size:         32                  
  Patience:           100                 Learning Rate:      0.0001              
  Des:                Exp                 Loss:               MSE                 
  Lradj:              type1               Use Amp:            0                   

[1mGPU[0m
  Use GPU:            1                   GPU:                0                   
  Use Multi GPU:      0                   Devices:            0,1,2,3             

[1mDe-stationary Projector Params[0m
  P Hidden Dims:      128, 128            P Hidden Layers:    2                   

Use GPU: cuda:0
fourier enhanced block used!
modes=32, index=[2, 3, 4, 5, 8, 9, 10, 11, 13, 14, 15, 16, 17, 18, 19, 20, 23, 25, 26, 28, 31, 32, 34, 35, 37, 38, 39, 40, 42, 43, 44, 46]
fourier enhanced block used!
modes=32, index=[0, 1, 2, 3, 4, 5, 6, 8, 10, 13, 16, 18, 21, 22, 23, 24, 28, 29, 30, 31, 32, 34, 37, 38, 39, 44, 45, 46, 49, 51, 52, 53]
 fourier enhanced cross attention used!
modes_q=32, index_q=[0, 1, 2, 4, 6, 7, 8, 9, 10, 12, 13, 14, 17, 18, 20, 21, 22, 23, 27, 28, 29, 30, 31, 35, 36, 37, 42, 43, 48, 50, 51, 53]
modes_kv=32, index_kv=[0, 1, 4, 6, 8, 9, 10, 11, 13, 15, 16, 17, 18, 19, 21, 23, 24, 26, 27, 28, 29, 30, 32, 33, 34, 35, 38, 39, 40, 41, 45, 47]
>>>>>>>start training : long_term_forecast_Exchange_60_FEDformer_custom_ftM_sl96_ll48_pl60_dm512_nh8_el2_dl1_df2048_expand2_dc4_fc3_ebtimeF_dtTrue_Exp_0>>>>>>>>>>>>>>>>>>>>>>>>>>
==================================================
DEBUG INFO:
Dataset columns: ['date', 'open', 'high', 'low', 'close', 'volume']
Target we're looking for: 'OT'
Target type: <class 'str'>
==================================================
Overriding target from 'OT' to 'close' for stock data
============================================================
DATASET SPLIT INFO (85/5/10):
============================================================
Total samples: 5193
Train: 4673 samples (85%) - rows 0 to 4672
Val: 259 samples (5%) - rows 4673 to 4931
Test: 261 samples (10%) - rows 4932 to 5192
Sequence length: 96, Prediction length: 60
============================================================
train 4518
==================================================
DEBUG INFO:
Dataset columns: ['date', 'open', 'high', 'low', 'close', 'volume']
Target we're looking for: 'OT'
Target type: <class 'str'>
==================================================
Overriding target from 'OT' to 'close' for stock data
val 200
==================================================
DEBUG INFO:
Dataset columns: ['date', 'open', 'high', 'low', 'close', 'volume']
Target we're looking for: 'OT'
Target type: <class 'str'>
==================================================
Overriding target from 'OT' to 'close' for stock data
test 202
Validation loss decreased (inf --> 0.038092).  Saving model ...
Updating learning rate to 0.0001
EarlyStopping counter: 1 out of 100
Updating learning rate to 5e-05
EarlyStopping counter: 2 out of 100
Updating learning rate to 2.5e-05
EarlyStopping counter: 3 out of 100
Updating learning rate to 1.25e-05
EarlyStopping counter: 4 out of 100
Updating learning rate to 6.25e-06
EarlyStopping counter: 5 out of 100
Updating learning rate to 3.125e-06
EarlyStopping counter: 6 out of 100
Updating learning rate to 1.5625e-06
EarlyStopping counter: 7 out of 100
Updating learning rate to 7.8125e-07
EarlyStopping counter: 8 out of 100
Updating learning rate to 3.90625e-07
EarlyStopping counter: 9 out of 100
Updating learning rate to 1.953125e-07
EarlyStopping counter: 10 out of 100
Updating learning rate to 9.765625e-08
EarlyStopping counter: 11 out of 100
Updating learning rate to 4.8828125e-08
EarlyStopping counter: 12 out of 100
Updating learning rate to 2.44140625e-08
EarlyStopping counter: 13 out of 100
Updating learning rate to 1.220703125e-08
EarlyStopping counter: 14 out of 100
Updating learning rate to 6.103515625e-09
EarlyStopping counter: 15 out of 100
Updating learning rate to 3.0517578125e-09
EarlyStopping counter: 16 out of 100
Updating learning rate to 1.52587890625e-09
EarlyStopping counter: 17 out of 100
Updating learning rate to 7.62939453125e-10
EarlyStopping counter: 18 out of 100
Updating learning rate to 3.814697265625e-10
EarlyStopping counter: 19 out of 100
Updating learning rate to 1.9073486328125e-10
EarlyStopping counter: 20 out of 100
Updating learning rate to 9.5367431640625e-11
EarlyStopping counter: 21 out of 100
Updating learning rate to 4.76837158203125e-11
EarlyStopping counter: 22 out of 100
Updating learning rate to 2.384185791015625e-11
EarlyStopping counter: 23 out of 100
Updating learning rate to 1.1920928955078126e-11
EarlyStopping counter: 24 out of 100
Updating learning rate to 5.960464477539063e-12
EarlyStopping counter: 25 out of 100
Updating learning rate to 2.9802322387695314e-12
EarlyStopping counter: 26 out of 100
Updating learning rate to 1.4901161193847657e-12
EarlyStopping counter: 27 out of 100
Updating learning rate to 7.450580596923828e-13
EarlyStopping counter: 28 out of 100
Updating learning rate to 3.725290298461914e-13
EarlyStopping counter: 29 out of 100
Updating learning rate to 1.862645149230957e-13
EarlyStopping counter: 30 out of 100
Updating learning rate to 9.313225746154786e-14
EarlyStopping counter: 31 out of 100
Updating learning rate to 4.656612873077393e-14
EarlyStopping counter: 32 out of 100
Updating learning rate to 2.3283064365386964e-14
EarlyStopping counter: 33 out of 100
Updating learning rate to 1.1641532182693482e-14
EarlyStopping counter: 34 out of 100
Updating learning rate to 5.820766091346741e-15
EarlyStopping counter: 35 out of 100
Updating learning rate to 2.9103830456733705e-15
EarlyStopping counter: 36 out of 100
Updating learning rate to 1.4551915228366853e-15
EarlyStopping counter: 37 out of 100
Updating learning rate to 7.275957614183426e-16
EarlyStopping counter: 38 out of 100
Updating learning rate to 3.637978807091713e-16
EarlyStopping counter: 39 out of 100
Updating learning rate to 1.8189894035458566e-16
EarlyStopping counter: 40 out of 100
Updating learning rate to 9.094947017729283e-17
EarlyStopping counter: 41 out of 100
Updating learning rate to 4.5474735088646414e-17
EarlyStopping counter: 42 out of 100
Updating learning rate to 2.2737367544323207e-17
EarlyStopping counter: 43 out of 100
Updating learning rate to 1.1368683772161604e-17
EarlyStopping counter: 44 out of 100
Updating learning rate to 5.684341886080802e-18
EarlyStopping counter: 45 out of 100
Updating learning rate to 2.842170943040401e-18
EarlyStopping counter: 46 out of 100
Updating learning rate to 1.4210854715202004e-18
EarlyStopping counter: 47 out of 100
Updating learning rate to 7.105427357601002e-19
EarlyStopping counter: 48 out of 100
Updating learning rate to 3.552713678800501e-19
EarlyStopping counter: 49 out of 100
Updating learning rate to 1.7763568394002505e-19
>>>>>>>testing : long_term_forecast_Exchange_60_FEDformer_custom_ftM_sl96_ll48_pl60_dm512_nh8_el2_dl1_df2048_expand2_dc4_fc3_ebtimeF_dtTrue_Exp_0<<<<<<<<<<<<<<<<<<<<<<<<<<<<<<<<<
==================================================
DEBUG INFO:
Dataset columns: ['date', 'open', 'high', 'low', 'close', 'volume']
Target we're looking for: 'OT'
Target type: <class 'str'>
==================================================
Overriding target from 'OT' to 'close' for stock data
test 202
test shape: (202, 60, 5) (202, 60, 5)
test shape: (202, 60, 5) (202, 60, 5)


	mse:0.08581618964672089, mae:0.1472221165895462, dtw:Not calculated


Using GPU
Args in experiment:
[1mBasic Config[0m
  Task Name:          long_term_forecast  Is Training:        1                   
  Model ID:           Exchange_72         Model:              FEDformer           

[1mData Loader[0m
  Data:               custom              Root Path:          ./dataset/exchange_rate/
  Data Path:          exchange_rate.csv   Features:           M                   
  Target:             OT                  Freq:               h                   
  Checkpoints:        ./checkpoints/      

[1mForecasting Task[0m
  Seq Len:            96                  Label Len:          48                  
  Pred Len:           72                  Seasonal Patterns:  Monthly             
  Inverse:            0                   

[1mModel Parameters[0m
  Top k:              5                   Num Kernels:        6                   
  Enc In:             5                   Dec In:             5                   
  C Out:              5                   d model:            512                 
  n heads:            8                   e layers:           2                   
  d layers:           1                   d FF:               2048                
  Moving Avg:         25                  Factor:             3                   
  Distil:             1                   Dropout:            0.1                 
  Embed:              timeF               Activation:         gelu                

[1mRun Parameters[0m
  Num Workers:        10                  Itr:                1                   
  Train Epochs:       50                  Batch Size:         32                  
  Patience:           100                 Learning Rate:      0.0001              
  Des:                Exp                 Loss:               MSE                 
  Lradj:              type1               Use Amp:            0                   

[1mGPU[0m
  Use GPU:            1                   GPU:                0                   
  Use Multi GPU:      0                   Devices:            0,1,2,3             

[1mDe-stationary Projector Params[0m
  P Hidden Dims:      128, 128            P Hidden Layers:    2                   

Use GPU: cuda:0
fourier enhanced block used!
modes=32, index=[2, 3, 4, 5, 8, 9, 10, 11, 13, 14, 15, 16, 17, 18, 19, 20, 23, 25, 26, 28, 31, 32, 34, 35, 37, 38, 39, 40, 42, 43, 44, 46]
fourier enhanced block used!
modes=32, index=[0, 1, 2, 3, 4, 5, 6, 8, 10, 13, 16, 18, 21, 22, 23, 24, 28, 29, 30, 32, 34, 35, 38, 43, 45, 49, 50, 51, 55, 56, 58, 59]
 fourier enhanced cross attention used!
modes_q=32, index_q=[0, 1, 2, 4, 6, 7, 8, 9, 10, 13, 14, 18, 20, 21, 22, 23, 27, 28, 29, 30, 31, 34, 35, 36, 40, 42, 44, 45, 47, 56, 57, 59]
modes_kv=32, index_kv=[0, 1, 6, 8, 9, 10, 11, 13, 15, 17, 18, 19, 20, 21, 23, 24, 26, 27, 29, 30, 31, 32, 33, 34, 35, 39, 40, 41, 42, 44, 45, 46]
>>>>>>>start training : long_term_forecast_Exchange_72_FEDformer_custom_ftM_sl96_ll48_pl72_dm512_nh8_el2_dl1_df2048_expand2_dc4_fc3_ebtimeF_dtTrue_Exp_0>>>>>>>>>>>>>>>>>>>>>>>>>>
==================================================
DEBUG INFO:
Dataset columns: ['date', 'open', 'high', 'low', 'close', 'volume']
Target we're looking for: 'OT'
Target type: <class 'str'>
==================================================
Overriding target from 'OT' to 'close' for stock data
============================================================
DATASET SPLIT INFO (85/5/10):
============================================================
Total samples: 5193
Train: 4673 samples (85%) - rows 0 to 4672
Val: 259 samples (5%) - rows 4673 to 4931
Test: 261 samples (10%) - rows 4932 to 5192
Sequence length: 96, Prediction length: 72
============================================================
train 4506
==================================================
DEBUG INFO:
Dataset columns: ['date', 'open', 'high', 'low', 'close', 'volume']
Target we're looking for: 'OT'
Target type: <class 'str'>
==================================================
Overriding target from 'OT' to 'close' for stock data
val 188
==================================================
DEBUG INFO:
Dataset columns: ['date', 'open', 'high', 'low', 'close', 'volume']
Target we're looking for: 'OT'
Target type: <class 'str'>
==================================================
Overriding target from 'OT' to 'close' for stock data
test 190
Validation loss decreased (inf --> 0.037741).  Saving model ...
Updating learning rate to 0.0001
EarlyStopping counter: 1 out of 100
Updating learning rate to 5e-05
EarlyStopping counter: 2 out of 100
Updating learning rate to 2.5e-05
EarlyStopping counter: 3 out of 100
Updating learning rate to 1.25e-05
EarlyStopping counter: 4 out of 100
Updating learning rate to 6.25e-06
EarlyStopping counter: 5 out of 100
Updating learning rate to 3.125e-06
EarlyStopping counter: 6 out of 100
Updating learning rate to 1.5625e-06
EarlyStopping counter: 7 out of 100
Updating learning rate to 7.8125e-07
EarlyStopping counter: 8 out of 100
Updating learning rate to 3.90625e-07
EarlyStopping counter: 9 out of 100
Updating learning rate to 1.953125e-07
EarlyStopping counter: 10 out of 100
Updating learning rate to 9.765625e-08
EarlyStopping counter: 11 out of 100
Updating learning rate to 4.8828125e-08
EarlyStopping counter: 12 out of 100
Updating learning rate to 2.44140625e-08
EarlyStopping counter: 13 out of 100
Updating learning rate to 1.220703125e-08
EarlyStopping counter: 14 out of 100
Updating learning rate to 6.103515625e-09
EarlyStopping counter: 15 out of 100
Updating learning rate to 3.0517578125e-09
EarlyStopping counter: 16 out of 100
Updating learning rate to 1.52587890625e-09
EarlyStopping counter: 17 out of 100
Updating learning rate to 7.62939453125e-10
EarlyStopping counter: 18 out of 100
Updating learning rate to 3.814697265625e-10
EarlyStopping counter: 19 out of 100
Updating learning rate to 1.9073486328125e-10
EarlyStopping counter: 20 out of 100
Updating learning rate to 9.5367431640625e-11
EarlyStopping counter: 21 out of 100
Updating learning rate to 4.76837158203125e-11
EarlyStopping counter: 22 out of 100
Updating learning rate to 2.384185791015625e-11
EarlyStopping counter: 23 out of 100
Updating learning rate to 1.1920928955078126e-11
EarlyStopping counter: 24 out of 100
Updating learning rate to 5.960464477539063e-12
EarlyStopping counter: 25 out of 100
Updating learning rate to 2.9802322387695314e-12
EarlyStopping counter: 26 out of 100
Updating learning rate to 1.4901161193847657e-12
EarlyStopping counter: 27 out of 100
Updating learning rate to 7.450580596923828e-13
EarlyStopping counter: 28 out of 100
Updating learning rate to 3.725290298461914e-13
EarlyStopping counter: 29 out of 100
Updating learning rate to 1.862645149230957e-13
EarlyStopping counter: 30 out of 100
Updating learning rate to 9.313225746154786e-14
EarlyStopping counter: 31 out of 100
Updating learning rate to 4.656612873077393e-14
EarlyStopping counter: 32 out of 100
Updating learning rate to 2.3283064365386964e-14
EarlyStopping counter: 33 out of 100
Updating learning rate to 1.1641532182693482e-14
EarlyStopping counter: 34 out of 100
Updating learning rate to 5.820766091346741e-15
EarlyStopping counter: 35 out of 100
Updating learning rate to 2.9103830456733705e-15
EarlyStopping counter: 36 out of 100
Updating learning rate to 1.4551915228366853e-15
EarlyStopping counter: 37 out of 100
Updating learning rate to 7.275957614183426e-16
EarlyStopping counter: 38 out of 100
Updating learning rate to 3.637978807091713e-16
EarlyStopping counter: 39 out of 100
Updating learning rate to 1.8189894035458566e-16
EarlyStopping counter: 40 out of 100
Updating learning rate to 9.094947017729283e-17
EarlyStopping counter: 41 out of 100
Updating learning rate to 4.5474735088646414e-17
EarlyStopping counter: 42 out of 100
Updating learning rate to 2.2737367544323207e-17
EarlyStopping counter: 43 out of 100
Updating learning rate to 1.1368683772161604e-17
EarlyStopping counter: 44 out of 100
Updating learning rate to 5.684341886080802e-18
EarlyStopping counter: 45 out of 100
Updating learning rate to 2.842170943040401e-18
EarlyStopping counter: 46 out of 100
Updating learning rate to 1.4210854715202004e-18
EarlyStopping counter: 47 out of 100
Updating learning rate to 7.105427357601002e-19
EarlyStopping counter: 48 out of 100
Updating learning rate to 3.552713678800501e-19
EarlyStopping counter: 49 out of 100
Updating learning rate to 1.7763568394002505e-19
>>>>>>>testing : long_term_forecast_Exchange_72_FEDformer_custom_ftM_sl96_ll48_pl72_dm512_nh8_el2_dl1_df2048_expand2_dc4_fc3_ebtimeF_dtTrue_Exp_0<<<<<<<<<<<<<<<<<<<<<<<<<<<<<<<<<
==================================================
DEBUG INFO:
Dataset columns: ['date', 'open', 'high', 'low', 'close', 'volume']
Target we're looking for: 'OT'
Target type: <class 'str'>
==================================================
Overriding target from 'OT' to 'close' for stock data
test 190
test shape: (190, 72, 5) (190, 72, 5)
test shape: (190, 72, 5) (190, 72, 5)


	mse:0.08580880612134933, mae:0.15159620344638824, dtw:Not calculated


Using GPU
Args in experiment:
[1mBasic Config[0m
  Task Name:          long_term_forecast  Is Training:        1                   
  Model ID:           Exchange_96         Model:              FEDformer           

[1mData Loader[0m
  Data:               custom              Root Path:          ./dataset/exchange_rate/
  Data Path:          exchange_rate.csv   Features:           M                   
  Target:             OT                  Freq:               h                   
  Checkpoints:        ./checkpoints/      

[1mForecasting Task[0m
  Seq Len:            96                  Label Len:          48                  
  Pred Len:           96                  Seasonal Patterns:  Monthly             
  Inverse:            0                   

[1mModel Parameters[0m
  Top k:              5                   Num Kernels:        6                   
  Enc In:             5                   Dec In:             5                   
  C Out:              5                   d model:            512                 
  n heads:            8                   e layers:           2                   
  d layers:           1                   d FF:               2048                
  Moving Avg:         25                  Factor:             3                   
  Distil:             1                   Dropout:            0.1                 
  Embed:              timeF               Activation:         gelu                

[1mRun Parameters[0m
  Num Workers:        10                  Itr:                1                   
  Train Epochs:       50                  Batch Size:         32                  
  Patience:           100                 Learning Rate:      0.0001              
  Des:                Exp                 Loss:               MSE                 
  Lradj:              type1               Use Amp:            0                   

[1mGPU[0m
  Use GPU:            1                   GPU:                0                   
  Use Multi GPU:      0                   Devices:            0,1,2,3             

[1mDe-stationary Projector Params[0m
  P Hidden Dims:      128, 128            P Hidden Layers:    2                   

Use GPU: cuda:0
fourier enhanced block used!
modes=32, index=[2, 3, 4, 5, 8, 9, 10, 11, 13, 14, 15, 16, 17, 18, 19, 20, 23, 25, 26, 28, 31, 32, 34, 35, 37, 38, 39, 40, 42, 43, 44, 46]
fourier enhanced block used!
modes=32, index=[0, 1, 2, 4, 5, 8, 10, 12, 13, 14, 16, 21, 22, 24, 26, 28, 29, 30, 34, 35, 37, 38, 42, 43, 45, 47, 56, 57, 58, 65, 70, 71]
 fourier enhanced cross attention used!
modes_q=32, index_q=[0, 8, 13, 14, 16, 17, 18, 19, 21, 22, 24, 28, 29, 33, 37, 40, 42, 43, 44, 47, 48, 50, 51, 53, 55, 56, 58, 60, 62, 63, 68, 69]
modes_kv=32, index_kv=[0, 1, 2, 5, 6, 7, 8, 9, 11, 12, 13, 14, 15, 16, 17, 20, 22, 24, 28, 30, 31, 32, 34, 35, 36, 37, 38, 39, 44, 45, 46, 47]
>>>>>>>start training : long_term_forecast_Exchange_96_FEDformer_custom_ftM_sl96_ll48_pl96_dm512_nh8_el2_dl1_df2048_expand2_dc4_fc3_ebtimeF_dtTrue_Exp_0>>>>>>>>>>>>>>>>>>>>>>>>>>
==================================================
DEBUG INFO:
Dataset columns: ['date', 'open', 'high', 'low', 'close', 'volume']
Target we're looking for: 'OT'
Target type: <class 'str'>
==================================================
Overriding target from 'OT' to 'close' for stock data
============================================================
DATASET SPLIT INFO (85/5/10):
============================================================
Total samples: 5193
Train: 4673 samples (85%) - rows 0 to 4672
Val: 259 samples (5%) - rows 4673 to 4931
Test: 261 samples (10%) - rows 4932 to 5192
Sequence length: 96, Prediction length: 96
============================================================
train 4482
==================================================
DEBUG INFO:
Dataset columns: ['date', 'open', 'high', 'low', 'close', 'volume']
Target we're looking for: 'OT'
Target type: <class 'str'>
==================================================
Overriding target from 'OT' to 'close' for stock data
val 164
==================================================
DEBUG INFO:
Dataset columns: ['date', 'open', 'high', 'low', 'close', 'volume']
Target we're looking for: 'OT'
Target type: <class 'str'>
==================================================
Overriding target from 'OT' to 'close' for stock data
test 166
Validation loss decreased (inf --> 0.037699).  Saving model ...
Updating learning rate to 0.0001
EarlyStopping counter: 1 out of 100
Updating learning rate to 5e-05
EarlyStopping counter: 2 out of 100
Updating learning rate to 2.5e-05
EarlyStopping counter: 3 out of 100
Updating learning rate to 1.25e-05
EarlyStopping counter: 4 out of 100
Updating learning rate to 6.25e-06
EarlyStopping counter: 5 out of 100
Updating learning rate to 3.125e-06
EarlyStopping counter: 6 out of 100
Updating learning rate to 1.5625e-06
EarlyStopping counter: 7 out of 100
Updating learning rate to 7.8125e-07
EarlyStopping counter: 8 out of 100
Updating learning rate to 3.90625e-07
EarlyStopping counter: 9 out of 100
Updating learning rate to 1.953125e-07
EarlyStopping counter: 10 out of 100
Updating learning rate to 9.765625e-08
EarlyStopping counter: 11 out of 100
Updating learning rate to 4.8828125e-08
EarlyStopping counter: 12 out of 100
Updating learning rate to 2.44140625e-08
EarlyStopping counter: 13 out of 100
Updating learning rate to 1.220703125e-08
EarlyStopping counter: 14 out of 100
Updating learning rate to 6.103515625e-09
EarlyStopping counter: 15 out of 100
Updating learning rate to 3.0517578125e-09
EarlyStopping counter: 16 out of 100
Updating learning rate to 1.52587890625e-09
EarlyStopping counter: 17 out of 100
Updating learning rate to 7.62939453125e-10
EarlyStopping counter: 18 out of 100
Updating learning rate to 3.814697265625e-10
EarlyStopping counter: 19 out of 100
Updating learning rate to 1.9073486328125e-10
EarlyStopping counter: 20 out of 100
Updating learning rate to 9.5367431640625e-11
EarlyStopping counter: 21 out of 100
Updating learning rate to 4.76837158203125e-11
EarlyStopping counter: 22 out of 100
Updating learning rate to 2.384185791015625e-11
EarlyStopping counter: 23 out of 100
Updating learning rate to 1.1920928955078126e-11
EarlyStopping counter: 24 out of 100
Updating learning rate to 5.960464477539063e-12
EarlyStopping counter: 25 out of 100
Updating learning rate to 2.9802322387695314e-12
EarlyStopping counter: 26 out of 100
Updating learning rate to 1.4901161193847657e-12
EarlyStopping counter: 27 out of 100
Updating learning rate to 7.450580596923828e-13
EarlyStopping counter: 28 out of 100
Updating learning rate to 3.725290298461914e-13
EarlyStopping counter: 29 out of 100
Updating learning rate to 1.862645149230957e-13
EarlyStopping counter: 30 out of 100
Updating learning rate to 9.313225746154786e-14
EarlyStopping counter: 31 out of 100
Updating learning rate to 4.656612873077393e-14
EarlyStopping counter: 32 out of 100
Updating learning rate to 2.3283064365386964e-14
EarlyStopping counter: 33 out of 100
Updating learning rate to 1.1641532182693482e-14
EarlyStopping counter: 34 out of 100
Updating learning rate to 5.820766091346741e-15
EarlyStopping counter: 35 out of 100
Updating learning rate to 2.9103830456733705e-15
EarlyStopping counter: 36 out of 100
Updating learning rate to 1.4551915228366853e-15
EarlyStopping counter: 37 out of 100
Updating learning rate to 7.275957614183426e-16
EarlyStopping counter: 38 out of 100
Updating learning rate to 3.637978807091713e-16
EarlyStopping counter: 39 out of 100
Updating learning rate to 1.8189894035458566e-16
EarlyStopping counter: 40 out of 100
Updating learning rate to 9.094947017729283e-17
EarlyStopping counter: 41 out of 100
Updating learning rate to 4.5474735088646414e-17
EarlyStopping counter: 42 out of 100
Updating learning rate to 2.2737367544323207e-17
EarlyStopping counter: 43 out of 100
Updating learning rate to 1.1368683772161604e-17
EarlyStopping counter: 44 out of 100
Updating learning rate to 5.684341886080802e-18
EarlyStopping counter: 45 out of 100
Updating learning rate to 2.842170943040401e-18
EarlyStopping counter: 46 out of 100
Updating learning rate to 1.4210854715202004e-18
EarlyStopping counter: 47 out of 100
Updating learning rate to 7.105427357601002e-19
EarlyStopping counter: 48 out of 100
Updating learning rate to 3.552713678800501e-19
EarlyStopping counter: 49 out of 100
Updating learning rate to 1.7763568394002505e-19
>>>>>>>testing : long_term_forecast_Exchange_96_FEDformer_custom_ftM_sl96_ll48_pl96_dm512_nh8_el2_dl1_df2048_expand2_dc4_fc3_ebtimeF_dtTrue_Exp_0<<<<<<<<<<<<<<<<<<<<<<<<<<<<<<<<<
==================================================
DEBUG INFO:
Dataset columns: ['date', 'open', 'high', 'low', 'close', 'volume']
Target we're looking for: 'OT'
Target type: <class 'str'>
==================================================
Overriding target from 'OT' to 'close' for stock data
test 166
test shape: (166, 96, 5) (166, 96, 5)
test shape: (166, 96, 5) (166, 96, 5)


	mse:0.08181516826152802, mae:0.1449480652809143, dtw:Not calculated


