Using GPU
Args in experiment:
[1mBasic Config[0m
  Task Name:          long_term_forecast  Is Training:        1                   
  Model ID:           exchange            Model:              Informer            

[1mData Loader[0m
  Data:               custom              Root Path:          ./dataset/exchange_rate/
  Data Path:          exchange_rate.csv   Features:           M                   
  Target:             OT                  Freq:               h                   
  Checkpoints:        ./checkpoints/      

[1mForecasting Task[0m
  Seq Len:            96                  Label Len:          48                  
  Pred Len:           1                   Seasonal Patterns:  Monthly             
  Inverse:            0                   

[1mModel Parameters[0m
  Top k:              5                   Num Kernels:        6                   
  Enc In:             5                   Dec In:             5                   
  C Out:              5                   d model:            128                 
  n heads:            8                   e layers:           2                   
  d layers:           1                   d FF:               16                  
  Moving Avg:         25                  Factor:             1                   
  Distil:             1                   Dropout:            0.1                 
  Embed:              timeF               Activation:         gelu                

[1mRun Parameters[0m
  Num Workers:        10                  Itr:                1                   
  Train Epochs:       50                  Batch Size:         32                  
  Patience:           10                  Learning Rate:      0.0001              
  Des:                test                Loss:               MSE                 
  Lradj:              type1               Use Amp:            0                   

[1mGPU[0m
  Use GPU:            1                   GPU:                0                   
  Use Multi GPU:      0                   Devices:            0,1,2,3             

[1mDe-stationary Projector Params[0m
  P Hidden Dims:      128, 128            P Hidden Layers:    2                   

Use GPU: cuda:0
>>>>>>>start training : long_term_forecast_exchange_Informer_custom_ftM_sl96_ll48_pl1_dm128_nh8_el2_dl1_df16_expand2_dc4_fc1_ebtimeF_dtTrue_test_0>>>>>>>>>>>>>>>>>>>>>>>>>>
==================================================
DEBUG INFO:
Dataset columns: ['date', 'open', 'high', 'low', 'close', 'volume']
Target we're looking for: 'OT'
Target type: <class 'str'>
==================================================
Overriding target from 'OT' to 'close' for stock data
============================================================
DATASET SPLIT INFO (85/5/10):
============================================================
Total samples: 5193
Train: 4673 samples (85%) - rows 0 to 4672
Val: 259 samples (5%) - rows 4673 to 4931
Test: 261 samples (10%) - rows 4932 to 5192
Sequence length: 96, Prediction length: 1
============================================================
train 4577
==================================================
DEBUG INFO:
Dataset columns: ['date', 'open', 'high', 'low', 'close', 'volume']
Target we're looking for: 'OT'
Target type: <class 'str'>
==================================================
Overriding target from 'OT' to 'close' for stock data
val 259
==================================================
DEBUG INFO:
Dataset columns: ['date', 'open', 'high', 'low', 'close', 'volume']
Target we're looking for: 'OT'
Target type: <class 'str'>
==================================================
Overriding target from 'OT' to 'close' for stock data
test 261
Validation loss decreased (inf --> 0.052579).  Saving model ...
Updating learning rate to 0.0001
EarlyStopping counter: 1 out of 10
Updating learning rate to 5e-05
Validation loss decreased (0.052579 --> 0.043347).  Saving model ...
Updating learning rate to 2.5e-05
EarlyStopping counter: 1 out of 10
Updating learning rate to 1.25e-05
EarlyStopping counter: 2 out of 10
Updating learning rate to 6.25e-06
EarlyStopping counter: 3 out of 10
Updating learning rate to 3.125e-06
EarlyStopping counter: 4 out of 10
Updating learning rate to 1.5625e-06
EarlyStopping counter: 5 out of 10
Updating learning rate to 7.8125e-07
EarlyStopping counter: 6 out of 10
Updating learning rate to 3.90625e-07
EarlyStopping counter: 7 out of 10
Updating learning rate to 1.953125e-07
EarlyStopping counter: 8 out of 10
Updating learning rate to 9.765625e-08
EarlyStopping counter: 9 out of 10
Updating learning rate to 4.8828125e-08
EarlyStopping counter: 10 out of 10
>>>>>>>testing : long_term_forecast_exchange_Informer_custom_ftM_sl96_ll48_pl1_dm128_nh8_el2_dl1_df16_expand2_dc4_fc1_ebtimeF_dtTrue_test_0<<<<<<<<<<<<<<<<<<<<<<<<<<<<<<<<<
==================================================
DEBUG INFO:
Dataset columns: ['date', 'open', 'high', 'low', 'close', 'volume']
Target we're looking for: 'OT'
Target type: <class 'str'>
==================================================
Overriding target from 'OT' to 'close' for stock data
test 261
test shape: (261, 1, 5) (261, 1, 5)
test shape: (261, 1, 5) (261, 1, 5)


	mse:0.08224787563085556, mae:0.17050465941429138, dtw:Not calculated


Using GPU
Args in experiment:
[1mBasic Config[0m
  Task Name:          long_term_forecast  Is Training:        1                   
  Model ID:           exchange            Model:              Informer            

[1mData Loader[0m
  Data:               custom              Root Path:          ./dataset/exchange_rate/
  Data Path:          exchange_rate.csv   Features:           M                   
  Target:             OT                  Freq:               h                   
  Checkpoints:        ./checkpoints/      

[1mForecasting Task[0m
  Seq Len:            96                  Label Len:          48                  
  Pred Len:           3                   Seasonal Patterns:  Monthly             
  Inverse:            0                   

[1mModel Parameters[0m
  Top k:              5                   Num Kernels:        6                   
  Enc In:             5                   Dec In:             5                   
  C Out:              5                   d model:            128                 
  n heads:            8                   e layers:           2                   
  d layers:           1                   d FF:               16                  
  Moving Avg:         25                  Factor:             1                   
  Distil:             1                   Dropout:            0.1                 
  Embed:              timeF               Activation:         gelu                

[1mRun Parameters[0m
  Num Workers:        10                  Itr:                1                   
  Train Epochs:       50                  Batch Size:         32                  
  Patience:           10                  Learning Rate:      0.0001              
  Des:                test                Loss:               MSE                 
  Lradj:              type1               Use Amp:            0                   

[1mGPU[0m
  Use GPU:            1                   GPU:                0                   
  Use Multi GPU:      0                   Devices:            0,1,2,3             

[1mDe-stationary Projector Params[0m
  P Hidden Dims:      128, 128            P Hidden Layers:    2                   

Use GPU: cuda:0
>>>>>>>start training : long_term_forecast_exchange_Informer_custom_ftM_sl96_ll48_pl3_dm128_nh8_el2_dl1_df16_expand2_dc4_fc1_ebtimeF_dtTrue_test_0>>>>>>>>>>>>>>>>>>>>>>>>>>
==================================================
DEBUG INFO:
Dataset columns: ['date', 'open', 'high', 'low', 'close', 'volume']
Target we're looking for: 'OT'
Target type: <class 'str'>
==================================================
Overriding target from 'OT' to 'close' for stock data
============================================================
DATASET SPLIT INFO (85/5/10):
============================================================
Total samples: 5193
Train: 4673 samples (85%) - rows 0 to 4672
Val: 259 samples (5%) - rows 4673 to 4931
Test: 261 samples (10%) - rows 4932 to 5192
Sequence length: 96, Prediction length: 3
============================================================
train 4575
==================================================
DEBUG INFO:
Dataset columns: ['date', 'open', 'high', 'low', 'close', 'volume']
Target we're looking for: 'OT'
Target type: <class 'str'>
==================================================
Overriding target from 'OT' to 'close' for stock data
val 257
==================================================
DEBUG INFO:
Dataset columns: ['date', 'open', 'high', 'low', 'close', 'volume']
Target we're looking for: 'OT'
Target type: <class 'str'>
==================================================
Overriding target from 'OT' to 'close' for stock data
test 259
Validation loss decreased (inf --> 0.058089).  Saving model ...
Updating learning rate to 0.0001
Validation loss decreased (0.058089 --> 0.058056).  Saving model ...
Updating learning rate to 5e-05
Validation loss decreased (0.058056 --> 0.050026).  Saving model ...
Updating learning rate to 2.5e-05
EarlyStopping counter: 1 out of 10
Updating learning rate to 1.25e-05
EarlyStopping counter: 2 out of 10
Updating learning rate to 6.25e-06
EarlyStopping counter: 3 out of 10
Updating learning rate to 3.125e-06
EarlyStopping counter: 4 out of 10
Updating learning rate to 1.5625e-06
EarlyStopping counter: 5 out of 10
Updating learning rate to 7.8125e-07
EarlyStopping counter: 6 out of 10
Updating learning rate to 3.90625e-07
EarlyStopping counter: 7 out of 10
Updating learning rate to 1.953125e-07
EarlyStopping counter: 8 out of 10
Updating learning rate to 9.765625e-08
EarlyStopping counter: 9 out of 10
Updating learning rate to 4.8828125e-08
EarlyStopping counter: 10 out of 10
>>>>>>>testing : long_term_forecast_exchange_Informer_custom_ftM_sl96_ll48_pl3_dm128_nh8_el2_dl1_df16_expand2_dc4_fc1_ebtimeF_dtTrue_test_0<<<<<<<<<<<<<<<<<<<<<<<<<<<<<<<<<
==================================================
DEBUG INFO:
Dataset columns: ['date', 'open', 'high', 'low', 'close', 'volume']
Target we're looking for: 'OT'
Target type: <class 'str'>
==================================================
Overriding target from 'OT' to 'close' for stock data
test 259
test shape: (259, 3, 5) (259, 3, 5)
test shape: (259, 3, 5) (259, 3, 5)


	mse:0.0866328775882721, mae:0.166997030377388, dtw:Not calculated


Using GPU
Args in experiment:
[1mBasic Config[0m
  Task Name:          long_term_forecast  Is Training:        1                   
  Model ID:           exchange            Model:              Informer            

[1mData Loader[0m
  Data:               custom              Root Path:          ./dataset/exchange_rate/
  Data Path:          exchange_rate.csv   Features:           M                   
  Target:             OT                  Freq:               h                   
  Checkpoints:        ./checkpoints/      

[1mForecasting Task[0m
  Seq Len:            96                  Label Len:          48                  
  Pred Len:           7                   Seasonal Patterns:  Monthly             
  Inverse:            0                   

[1mModel Parameters[0m
  Top k:              5                   Num Kernels:        6                   
  Enc In:             5                   Dec In:             5                   
  C Out:              5                   d model:            128                 
  n heads:            8                   e layers:           2                   
  d layers:           1                   d FF:               16                  
  Moving Avg:         25                  Factor:             1                   
  Distil:             1                   Dropout:            0.1                 
  Embed:              timeF               Activation:         gelu                

[1mRun Parameters[0m
  Num Workers:        10                  Itr:                1                   
  Train Epochs:       50                  Batch Size:         32                  
  Patience:           10                  Learning Rate:      0.0001              
  Des:                test                Loss:               MSE                 
  Lradj:              type1               Use Amp:            0                   

[1mGPU[0m
  Use GPU:            1                   GPU:                0                   
  Use Multi GPU:      0                   Devices:            0,1,2,3             

[1mDe-stationary Projector Params[0m
  P Hidden Dims:      128, 128            P Hidden Layers:    2                   

Use GPU: cuda:0
>>>>>>>start training : long_term_forecast_exchange_Informer_custom_ftM_sl96_ll48_pl7_dm128_nh8_el2_dl1_df16_expand2_dc4_fc1_ebtimeF_dtTrue_test_0>>>>>>>>>>>>>>>>>>>>>>>>>>
==================================================
DEBUG INFO:
Dataset columns: ['date', 'open', 'high', 'low', 'close', 'volume']
Target we're looking for: 'OT'
Target type: <class 'str'>
==================================================
Overriding target from 'OT' to 'close' for stock data
============================================================
DATASET SPLIT INFO (85/5/10):
============================================================
Total samples: 5193
Train: 4673 samples (85%) - rows 0 to 4672
Val: 259 samples (5%) - rows 4673 to 4931
Test: 261 samples (10%) - rows 4932 to 5192
Sequence length: 96, Prediction length: 7
============================================================
train 4571
==================================================
DEBUG INFO:
Dataset columns: ['date', 'open', 'high', 'low', 'close', 'volume']
Target we're looking for: 'OT'
Target type: <class 'str'>
==================================================
Overriding target from 'OT' to 'close' for stock data
val 253
==================================================
DEBUG INFO:
Dataset columns: ['date', 'open', 'high', 'low', 'close', 'volume']
Target we're looking for: 'OT'
Target type: <class 'str'>
==================================================
Overriding target from 'OT' to 'close' for stock data
test 255
Validation loss decreased (inf --> 0.067066).  Saving model ...
Updating learning rate to 0.0001
Validation loss decreased (0.067066 --> 0.056531).  Saving model ...
Updating learning rate to 5e-05
EarlyStopping counter: 1 out of 10
Updating learning rate to 2.5e-05
EarlyStopping counter: 2 out of 10
Updating learning rate to 1.25e-05
EarlyStopping counter: 3 out of 10
Updating learning rate to 6.25e-06
EarlyStopping counter: 4 out of 10
Updating learning rate to 3.125e-06
EarlyStopping counter: 5 out of 10
Updating learning rate to 1.5625e-06
EarlyStopping counter: 6 out of 10
Updating learning rate to 7.8125e-07
EarlyStopping counter: 7 out of 10
Updating learning rate to 3.90625e-07
EarlyStopping counter: 8 out of 10
Updating learning rate to 1.953125e-07
EarlyStopping counter: 9 out of 10
Updating learning rate to 9.765625e-08
EarlyStopping counter: 10 out of 10
>>>>>>>testing : long_term_forecast_exchange_Informer_custom_ftM_sl96_ll48_pl7_dm128_nh8_el2_dl1_df16_expand2_dc4_fc1_ebtimeF_dtTrue_test_0<<<<<<<<<<<<<<<<<<<<<<<<<<<<<<<<<
==================================================
DEBUG INFO:
Dataset columns: ['date', 'open', 'high', 'low', 'close', 'volume']
Target we're looking for: 'OT'
Target type: <class 'str'>
==================================================
Overriding target from 'OT' to 'close' for stock data
test 255
test shape: (255, 7, 5) (255, 7, 5)
test shape: (255, 7, 5) (255, 7, 5)


	mse:0.11372072249650955, mae:0.23280136287212372, dtw:Not calculated


Using GPU
Args in experiment:
[1mBasic Config[0m
  Task Name:          long_term_forecast  Is Training:        1                   
  Model ID:           exchange            Model:              Informer            

[1mData Loader[0m
  Data:               custom              Root Path:          ./dataset/exchange_rate/
  Data Path:          exchange_rate.csv   Features:           M                   
  Target:             OT                  Freq:               h                   
  Checkpoints:        ./checkpoints/      

[1mForecasting Task[0m
  Seq Len:            96                  Label Len:          48                  
  Pred Len:           14                  Seasonal Patterns:  Monthly             
  Inverse:            0                   

[1mModel Parameters[0m
  Top k:              5                   Num Kernels:        6                   
  Enc In:             5                   Dec In:             5                   
  C Out:              5                   d model:            128                 
  n heads:            8                   e layers:           2                   
  d layers:           1                   d FF:               16                  
  Moving Avg:         25                  Factor:             1                   
  Distil:             1                   Dropout:            0.1                 
  Embed:              timeF               Activation:         gelu                

[1mRun Parameters[0m
  Num Workers:        10                  Itr:                1                   
  Train Epochs:       50                  Batch Size:         32                  
  Patience:           10                  Learning Rate:      0.0001              
  Des:                test                Loss:               MSE                 
  Lradj:              type1               Use Amp:            0                   

[1mGPU[0m
  Use GPU:            1                   GPU:                0                   
  Use Multi GPU:      0                   Devices:            0,1,2,3             

[1mDe-stationary Projector Params[0m
  P Hidden Dims:      128, 128            P Hidden Layers:    2                   

Use GPU: cuda:0
>>>>>>>start training : long_term_forecast_exchange_Informer_custom_ftM_sl96_ll48_pl14_dm128_nh8_el2_dl1_df16_expand2_dc4_fc1_ebtimeF_dtTrue_test_0>>>>>>>>>>>>>>>>>>>>>>>>>>
==================================================
DEBUG INFO:
Dataset columns: ['date', 'open', 'high', 'low', 'close', 'volume']
Target we're looking for: 'OT'
Target type: <class 'str'>
==================================================
Overriding target from 'OT' to 'close' for stock data
============================================================
DATASET SPLIT INFO (85/5/10):
============================================================
Total samples: 5193
Train: 4673 samples (85%) - rows 0 to 4672
Val: 259 samples (5%) - rows 4673 to 4931
Test: 261 samples (10%) - rows 4932 to 5192
Sequence length: 96, Prediction length: 14
============================================================
train 4564
==================================================
DEBUG INFO:
Dataset columns: ['date', 'open', 'high', 'low', 'close', 'volume']
Target we're looking for: 'OT'
Target type: <class 'str'>
==================================================
Overriding target from 'OT' to 'close' for stock data
val 246
==================================================
DEBUG INFO:
Dataset columns: ['date', 'open', 'high', 'low', 'close', 'volume']
Target we're looking for: 'OT'
Target type: <class 'str'>
==================================================
Overriding target from 'OT' to 'close' for stock data
test 248
Validation loss decreased (inf --> 0.077526).  Saving model ...
Updating learning rate to 0.0001
Validation loss decreased (0.077526 --> 0.046721).  Saving model ...
Updating learning rate to 5e-05
EarlyStopping counter: 1 out of 10
Updating learning rate to 2.5e-05
EarlyStopping counter: 2 out of 10
Updating learning rate to 1.25e-05
EarlyStopping counter: 3 out of 10
Updating learning rate to 6.25e-06
EarlyStopping counter: 4 out of 10
Updating learning rate to 3.125e-06
EarlyStopping counter: 5 out of 10
Updating learning rate to 1.5625e-06
EarlyStopping counter: 6 out of 10
Updating learning rate to 7.8125e-07
EarlyStopping counter: 7 out of 10
Updating learning rate to 3.90625e-07
EarlyStopping counter: 8 out of 10
Updating learning rate to 1.953125e-07
EarlyStopping counter: 9 out of 10
Updating learning rate to 9.765625e-08
EarlyStopping counter: 10 out of 10
>>>>>>>testing : long_term_forecast_exchange_Informer_custom_ftM_sl96_ll48_pl14_dm128_nh8_el2_dl1_df16_expand2_dc4_fc1_ebtimeF_dtTrue_test_0<<<<<<<<<<<<<<<<<<<<<<<<<<<<<<<<<
==================================================
DEBUG INFO:
Dataset columns: ['date', 'open', 'high', 'low', 'close', 'volume']
Target we're looking for: 'OT'
Target type: <class 'str'>
==================================================
Overriding target from 'OT' to 'close' for stock data
test 248
test shape: (248, 14, 5) (248, 14, 5)
test shape: (248, 14, 5) (248, 14, 5)


	mse:0.09725020825862885, mae:0.2054859846830368, dtw:Not calculated


Using GPU
Args in experiment:
[1mBasic Config[0m
  Task Name:          long_term_forecast  Is Training:        1                   
  Model ID:           exchange            Model:              Informer            

[1mData Loader[0m
  Data:               custom              Root Path:          ./dataset/exchange_rate/
  Data Path:          exchange_rate.csv   Features:           M                   
  Target:             OT                  Freq:               h                   
  Checkpoints:        ./checkpoints/      

[1mForecasting Task[0m
  Seq Len:            96                  Label Len:          48                  
  Pred Len:           30                  Seasonal Patterns:  Monthly             
  Inverse:            0                   

[1mModel Parameters[0m
  Top k:              5                   Num Kernels:        6                   
  Enc In:             5                   Dec In:             5                   
  C Out:              5                   d model:            128                 
  n heads:            8                   e layers:           2                   
  d layers:           1                   d FF:               16                  
  Moving Avg:         25                  Factor:             1                   
  Distil:             1                   Dropout:            0.1                 
  Embed:              timeF               Activation:         gelu                

[1mRun Parameters[0m
  Num Workers:        10                  Itr:                1                   
  Train Epochs:       50                  Batch Size:         32                  
  Patience:           10                  Learning Rate:      0.0001              
  Des:                test                Loss:               MSE                 
  Lradj:              type1               Use Amp:            0                   

[1mGPU[0m
  Use GPU:            1                   GPU:                0                   
  Use Multi GPU:      0                   Devices:            0,1,2,3             

[1mDe-stationary Projector Params[0m
  P Hidden Dims:      128, 128            P Hidden Layers:    2                   

Use GPU: cuda:0
>>>>>>>start training : long_term_forecast_exchange_Informer_custom_ftM_sl96_ll48_pl30_dm128_nh8_el2_dl1_df16_expand2_dc4_fc1_ebtimeF_dtTrue_test_0>>>>>>>>>>>>>>>>>>>>>>>>>>
==================================================
DEBUG INFO:
Dataset columns: ['date', 'open', 'high', 'low', 'close', 'volume']
Target we're looking for: 'OT'
Target type: <class 'str'>
==================================================
Overriding target from 'OT' to 'close' for stock data
============================================================
DATASET SPLIT INFO (85/5/10):
============================================================
Total samples: 5193
Train: 4673 samples (85%) - rows 0 to 4672
Val: 259 samples (5%) - rows 4673 to 4931
Test: 261 samples (10%) - rows 4932 to 5192
Sequence length: 96, Prediction length: 30
============================================================
train 4548
==================================================
DEBUG INFO:
Dataset columns: ['date', 'open', 'high', 'low', 'close', 'volume']
Target we're looking for: 'OT'
Target type: <class 'str'>
==================================================
Overriding target from 'OT' to 'close' for stock data
val 230
==================================================
DEBUG INFO:
Dataset columns: ['date', 'open', 'high', 'low', 'close', 'volume']
Target we're looking for: 'OT'
Target type: <class 'str'>
==================================================
Overriding target from 'OT' to 'close' for stock data
test 232
Validation loss decreased (inf --> 0.075707).  Saving model ...
Updating learning rate to 0.0001
Validation loss decreased (0.075707 --> 0.061521).  Saving model ...
Updating learning rate to 5e-05
EarlyStopping counter: 1 out of 10
Updating learning rate to 2.5e-05
Validation loss decreased (0.061521 --> 0.060219).  Saving model ...
Updating learning rate to 1.25e-05
EarlyStopping counter: 1 out of 10
Updating learning rate to 6.25e-06
EarlyStopping counter: 2 out of 10
Updating learning rate to 3.125e-06
EarlyStopping counter: 3 out of 10
Updating learning rate to 1.5625e-06
EarlyStopping counter: 4 out of 10
Updating learning rate to 7.8125e-07
EarlyStopping counter: 5 out of 10
Updating learning rate to 3.90625e-07
EarlyStopping counter: 6 out of 10
Updating learning rate to 1.953125e-07
EarlyStopping counter: 7 out of 10
Updating learning rate to 9.765625e-08
EarlyStopping counter: 8 out of 10
Updating learning rate to 4.8828125e-08
EarlyStopping counter: 9 out of 10
Updating learning rate to 2.44140625e-08
EarlyStopping counter: 10 out of 10
>>>>>>>testing : long_term_forecast_exchange_Informer_custom_ftM_sl96_ll48_pl30_dm128_nh8_el2_dl1_df16_expand2_dc4_fc1_ebtimeF_dtTrue_test_0<<<<<<<<<<<<<<<<<<<<<<<<<<<<<<<<<
==================================================
DEBUG INFO:
Dataset columns: ['date', 'open', 'high', 'low', 'close', 'volume']
Target we're looking for: 'OT'
Target type: <class 'str'>
==================================================
Overriding target from 'OT' to 'close' for stock data
test 232
test shape: (232, 30, 5) (232, 30, 5)
test shape: (232, 30, 5) (232, 30, 5)


	mse:0.1118633821606636, mae:0.19173701107501984, dtw:Not calculated


Using GPU
Args in experiment:
[1mBasic Config[0m
  Task Name:          long_term_forecast  Is Training:        1                   
  Model ID:           exchange            Model:              Informer            

[1mData Loader[0m
  Data:               custom              Root Path:          ./dataset/exchange_rate/
  Data Path:          exchange_rate.csv   Features:           M                   
  Target:             OT                  Freq:               h                   
  Checkpoints:        ./checkpoints/      

[1mForecasting Task[0m
  Seq Len:            96                  Label Len:          48                  
  Pred Len:           48                  Seasonal Patterns:  Monthly             
  Inverse:            0                   

[1mModel Parameters[0m
  Top k:              5                   Num Kernels:        6                   
  Enc In:             5                   Dec In:             5                   
  C Out:              5                   d model:            128                 
  n heads:            8                   e layers:           2                   
  d layers:           1                   d FF:               16                  
  Moving Avg:         25                  Factor:             1                   
  Distil:             1                   Dropout:            0.1                 
  Embed:              timeF               Activation:         gelu                

[1mRun Parameters[0m
  Num Workers:        10                  Itr:                1                   
  Train Epochs:       50                  Batch Size:         32                  
  Patience:           10                  Learning Rate:      0.0001              
  Des:                test                Loss:               MSE                 
  Lradj:              type1               Use Amp:            0                   

[1mGPU[0m
  Use GPU:            1                   GPU:                0                   
  Use Multi GPU:      0                   Devices:            0,1,2,3             

[1mDe-stationary Projector Params[0m
  P Hidden Dims:      128, 128            P Hidden Layers:    2                   

Use GPU: cuda:0
>>>>>>>start training : long_term_forecast_exchange_Informer_custom_ftM_sl96_ll48_pl48_dm128_nh8_el2_dl1_df16_expand2_dc4_fc1_ebtimeF_dtTrue_test_0>>>>>>>>>>>>>>>>>>>>>>>>>>
==================================================
DEBUG INFO:
Dataset columns: ['date', 'open', 'high', 'low', 'close', 'volume']
Target we're looking for: 'OT'
Target type: <class 'str'>
==================================================
Overriding target from 'OT' to 'close' for stock data
============================================================
DATASET SPLIT INFO (85/5/10):
============================================================
Total samples: 5193
Train: 4673 samples (85%) - rows 0 to 4672
Val: 259 samples (5%) - rows 4673 to 4931
Test: 261 samples (10%) - rows 4932 to 5192
Sequence length: 96, Prediction length: 48
============================================================
train 4530
==================================================
DEBUG INFO:
Dataset columns: ['date', 'open', 'high', 'low', 'close', 'volume']
Target we're looking for: 'OT'
Target type: <class 'str'>
==================================================
Overriding target from 'OT' to 'close' for stock data
val 212
==================================================
DEBUG INFO:
Dataset columns: ['date', 'open', 'high', 'low', 'close', 'volume']
Target we're looking for: 'OT'
Target type: <class 'str'>
==================================================
Overriding target from 'OT' to 'close' for stock data
test 214
Validation loss decreased (inf --> 0.084882).  Saving model ...
Updating learning rate to 0.0001
Validation loss decreased (0.084882 --> 0.061188).  Saving model ...
Updating learning rate to 5e-05
Validation loss decreased (0.061188 --> 0.059153).  Saving model ...
Updating learning rate to 2.5e-05
EarlyStopping counter: 1 out of 10
Updating learning rate to 1.25e-05
EarlyStopping counter: 2 out of 10
Updating learning rate to 6.25e-06
EarlyStopping counter: 3 out of 10
Updating learning rate to 3.125e-06
EarlyStopping counter: 4 out of 10
Updating learning rate to 1.5625e-06
EarlyStopping counter: 5 out of 10
Updating learning rate to 7.8125e-07
EarlyStopping counter: 6 out of 10
Updating learning rate to 3.90625e-07
EarlyStopping counter: 7 out of 10
Updating learning rate to 1.953125e-07
EarlyStopping counter: 8 out of 10
Updating learning rate to 9.765625e-08
EarlyStopping counter: 9 out of 10
Updating learning rate to 4.8828125e-08
EarlyStopping counter: 10 out of 10
>>>>>>>testing : long_term_forecast_exchange_Informer_custom_ftM_sl96_ll48_pl48_dm128_nh8_el2_dl1_df16_expand2_dc4_fc1_ebtimeF_dtTrue_test_0<<<<<<<<<<<<<<<<<<<<<<<<<<<<<<<<<
==================================================
DEBUG INFO:
Dataset columns: ['date', 'open', 'high', 'low', 'close', 'volume']
Target we're looking for: 'OT'
Target type: <class 'str'>
==================================================
Overriding target from 'OT' to 'close' for stock data
test 214
test shape: (214, 48, 5) (214, 48, 5)
test shape: (214, 48, 5) (214, 48, 5)


	mse:0.11791254580020905, mae:0.21182884275913239, dtw:Not calculated


Using GPU
Args in experiment:
[1mBasic Config[0m
  Task Name:          long_term_forecast  Is Training:        1                   
  Model ID:           exchange            Model:              Informer            

[1mData Loader[0m
  Data:               custom              Root Path:          ./dataset/exchange_rate/
  Data Path:          exchange_rate.csv   Features:           M                   
  Target:             OT                  Freq:               h                   
  Checkpoints:        ./checkpoints/      

[1mForecasting Task[0m
  Seq Len:            96                  Label Len:          48                  
  Pred Len:           60                  Seasonal Patterns:  Monthly             
  Inverse:            0                   

[1mModel Parameters[0m
  Top k:              5                   Num Kernels:        6                   
  Enc In:             5                   Dec In:             5                   
  C Out:              5                   d model:            128                 
  n heads:            8                   e layers:           2                   
  d layers:           1                   d FF:               16                  
  Moving Avg:         25                  Factor:             1                   
  Distil:             1                   Dropout:            0.1                 
  Embed:              timeF               Activation:         gelu                

[1mRun Parameters[0m
  Num Workers:        10                  Itr:                1                   
  Train Epochs:       50                  Batch Size:         32                  
  Patience:           10                  Learning Rate:      0.0001              
  Des:                test                Loss:               MSE                 
  Lradj:              type1               Use Amp:            0                   

[1mGPU[0m
  Use GPU:            1                   GPU:                0                   
  Use Multi GPU:      0                   Devices:            0,1,2,3             

[1mDe-stationary Projector Params[0m
  P Hidden Dims:      128, 128            P Hidden Layers:    2                   

Use GPU: cuda:0
>>>>>>>start training : long_term_forecast_exchange_Informer_custom_ftM_sl96_ll48_pl60_dm128_nh8_el2_dl1_df16_expand2_dc4_fc1_ebtimeF_dtTrue_test_0>>>>>>>>>>>>>>>>>>>>>>>>>>
==================================================
DEBUG INFO:
Dataset columns: ['date', 'open', 'high', 'low', 'close', 'volume']
Target we're looking for: 'OT'
Target type: <class 'str'>
==================================================
Overriding target from 'OT' to 'close' for stock data
============================================================
DATASET SPLIT INFO (85/5/10):
============================================================
Total samples: 5193
Train: 4673 samples (85%) - rows 0 to 4672
Val: 259 samples (5%) - rows 4673 to 4931
Test: 261 samples (10%) - rows 4932 to 5192
Sequence length: 96, Prediction length: 60
============================================================
train 4518
==================================================
DEBUG INFO:
Dataset columns: ['date', 'open', 'high', 'low', 'close', 'volume']
Target we're looking for: 'OT'
Target type: <class 'str'>
==================================================
Overriding target from 'OT' to 'close' for stock data
val 200
==================================================
DEBUG INFO:
Dataset columns: ['date', 'open', 'high', 'low', 'close', 'volume']
Target we're looking for: 'OT'
Target type: <class 'str'>
==================================================
Overriding target from 'OT' to 'close' for stock data
test 202
Validation loss decreased (inf --> 0.071321).  Saving model ...
Updating learning rate to 0.0001
Validation loss decreased (0.071321 --> 0.058684).  Saving model ...
Updating learning rate to 5e-05
EarlyStopping counter: 1 out of 10
Updating learning rate to 2.5e-05
EarlyStopping counter: 2 out of 10
Updating learning rate to 1.25e-05
EarlyStopping counter: 3 out of 10
Updating learning rate to 6.25e-06
EarlyStopping counter: 4 out of 10
Updating learning rate to 3.125e-06
EarlyStopping counter: 5 out of 10
Updating learning rate to 1.5625e-06
EarlyStopping counter: 6 out of 10
Updating learning rate to 7.8125e-07
EarlyStopping counter: 7 out of 10
Updating learning rate to 3.90625e-07
EarlyStopping counter: 8 out of 10
Updating learning rate to 1.953125e-07
EarlyStopping counter: 9 out of 10
Updating learning rate to 9.765625e-08
EarlyStopping counter: 10 out of 10
>>>>>>>testing : long_term_forecast_exchange_Informer_custom_ftM_sl96_ll48_pl60_dm128_nh8_el2_dl1_df16_expand2_dc4_fc1_ebtimeF_dtTrue_test_0<<<<<<<<<<<<<<<<<<<<<<<<<<<<<<<<<
==================================================
DEBUG INFO:
Dataset columns: ['date', 'open', 'high', 'low', 'close', 'volume']
Target we're looking for: 'OT'
Target type: <class 'str'>
==================================================
Overriding target from 'OT' to 'close' for stock data
test 202
test shape: (202, 60, 5) (202, 60, 5)
test shape: (202, 60, 5) (202, 60, 5)


	mse:0.1185535117983818, mae:0.21870937943458557, dtw:Not calculated


Using GPU
Args in experiment:
[1mBasic Config[0m
  Task Name:          long_term_forecast  Is Training:        1                   
  Model ID:           exchange            Model:              Informer            

[1mData Loader[0m
  Data:               custom              Root Path:          ./dataset/exchange_rate/
  Data Path:          exchange_rate.csv   Features:           M                   
  Target:             OT                  Freq:               h                   
  Checkpoints:        ./checkpoints/      

[1mForecasting Task[0m
  Seq Len:            96                  Label Len:          48                  
  Pred Len:           72                  Seasonal Patterns:  Monthly             
  Inverse:            0                   

[1mModel Parameters[0m
  Top k:              5                   Num Kernels:        6                   
  Enc In:             5                   Dec In:             5                   
  C Out:              5                   d model:            128                 
  n heads:            8                   e layers:           2                   
  d layers:           1                   d FF:               16                  
  Moving Avg:         25                  Factor:             1                   
  Distil:             1                   Dropout:            0.1                 
  Embed:              timeF               Activation:         gelu                

[1mRun Parameters[0m
  Num Workers:        10                  Itr:                1                   
  Train Epochs:       50                  Batch Size:         32                  
  Patience:           10                  Learning Rate:      0.0001              
  Des:                test                Loss:               MSE                 
  Lradj:              type1               Use Amp:            0                   

[1mGPU[0m
  Use GPU:            1                   GPU:                0                   
  Use Multi GPU:      0                   Devices:            0,1,2,3             

[1mDe-stationary Projector Params[0m
  P Hidden Dims:      128, 128            P Hidden Layers:    2                   

Use GPU: cuda:0
>>>>>>>start training : long_term_forecast_exchange_Informer_custom_ftM_sl96_ll48_pl72_dm128_nh8_el2_dl1_df16_expand2_dc4_fc1_ebtimeF_dtTrue_test_0>>>>>>>>>>>>>>>>>>>>>>>>>>
==================================================
DEBUG INFO:
Dataset columns: ['date', 'open', 'high', 'low', 'close', 'volume']
Target we're looking for: 'OT'
Target type: <class 'str'>
==================================================
Overriding target from 'OT' to 'close' for stock data
============================================================
DATASET SPLIT INFO (85/5/10):
============================================================
Total samples: 5193
Train: 4673 samples (85%) - rows 0 to 4672
Val: 259 samples (5%) - rows 4673 to 4931
Test: 261 samples (10%) - rows 4932 to 5192
Sequence length: 96, Prediction length: 72
============================================================
train 4506
==================================================
DEBUG INFO:
Dataset columns: ['date', 'open', 'high', 'low', 'close', 'volume']
Target we're looking for: 'OT'
Target type: <class 'str'>
==================================================
Overriding target from 'OT' to 'close' for stock data
val 188
==================================================
DEBUG INFO:
Dataset columns: ['date', 'open', 'high', 'low', 'close', 'volume']
Target we're looking for: 'OT'
Target type: <class 'str'>
==================================================
Overriding target from 'OT' to 'close' for stock data
test 190
Validation loss decreased (inf --> 0.071615).  Saving model ...
Updating learning rate to 0.0001
EarlyStopping counter: 1 out of 10
Updating learning rate to 5e-05
Validation loss decreased (0.071615 --> 0.066757).  Saving model ...
Updating learning rate to 2.5e-05
EarlyStopping counter: 1 out of 10
Updating learning rate to 1.25e-05
EarlyStopping counter: 2 out of 10
Updating learning rate to 6.25e-06
EarlyStopping counter: 3 out of 10
Updating learning rate to 3.125e-06
EarlyStopping counter: 4 out of 10
Updating learning rate to 1.5625e-06
EarlyStopping counter: 5 out of 10
Updating learning rate to 7.8125e-07
Validation loss decreased (0.066757 --> 0.065774).  Saving model ...
Updating learning rate to 3.90625e-07
EarlyStopping counter: 1 out of 10
Updating learning rate to 1.953125e-07
EarlyStopping counter: 2 out of 10
Updating learning rate to 9.765625e-08
EarlyStopping counter: 3 out of 10
Updating learning rate to 4.8828125e-08
EarlyStopping counter: 4 out of 10
Updating learning rate to 2.44140625e-08
EarlyStopping counter: 5 out of 10
Updating learning rate to 1.220703125e-08
EarlyStopping counter: 6 out of 10
Updating learning rate to 6.103515625e-09
Validation loss decreased (0.065774 --> 0.065579).  Saving model ...
Updating learning rate to 3.0517578125e-09
EarlyStopping counter: 1 out of 10
Updating learning rate to 1.52587890625e-09
Validation loss decreased (0.065579 --> 0.063092).  Saving model ...
Updating learning rate to 7.62939453125e-10
EarlyStopping counter: 1 out of 10
Updating learning rate to 3.814697265625e-10
EarlyStopping counter: 2 out of 10
Updating learning rate to 1.9073486328125e-10
EarlyStopping counter: 3 out of 10
Updating learning rate to 9.5367431640625e-11
EarlyStopping counter: 4 out of 10
Updating learning rate to 4.76837158203125e-11
EarlyStopping counter: 5 out of 10
Updating learning rate to 2.384185791015625e-11
EarlyStopping counter: 6 out of 10
Updating learning rate to 1.1920928955078126e-11
EarlyStopping counter: 7 out of 10
Updating learning rate to 5.960464477539063e-12
EarlyStopping counter: 8 out of 10
Updating learning rate to 2.9802322387695314e-12
EarlyStopping counter: 9 out of 10
Updating learning rate to 1.4901161193847657e-12
EarlyStopping counter: 10 out of 10
>>>>>>>testing : long_term_forecast_exchange_Informer_custom_ftM_sl96_ll48_pl72_dm128_nh8_el2_dl1_df16_expand2_dc4_fc1_ebtimeF_dtTrue_test_0<<<<<<<<<<<<<<<<<<<<<<<<<<<<<<<<<
==================================================
DEBUG INFO:
Dataset columns: ['date', 'open', 'high', 'low', 'close', 'volume']
Target we're looking for: 'OT'
Target type: <class 'str'>
==================================================
Overriding target from 'OT' to 'close' for stock data
test 190
test shape: (190, 72, 5) (190, 72, 5)
test shape: (190, 72, 5) (190, 72, 5)


	mse:0.13170520961284637, mae:0.24177905917167664, dtw:Not calculated


Using GPU
Args in experiment:
[1mBasic Config[0m
  Task Name:          long_term_forecast  Is Training:        1                   
  Model ID:           exchange            Model:              Informer            

[1mData Loader[0m
  Data:               custom              Root Path:          ./dataset/exchange_rate/
  Data Path:          exchange_rate.csv   Features:           M                   
  Target:             OT                  Freq:               h                   
  Checkpoints:        ./checkpoints/      

[1mForecasting Task[0m
  Seq Len:            96                  Label Len:          48                  
  Pred Len:           96                  Seasonal Patterns:  Monthly             
  Inverse:            0                   

[1mModel Parameters[0m
  Top k:              5                   Num Kernels:        6                   
  Enc In:             5                   Dec In:             5                   
  C Out:              5                   d model:            128                 
  n heads:            8                   e layers:           2                   
  d layers:           1                   d FF:               16                  
  Moving Avg:         25                  Factor:             1                   
  Distil:             1                   Dropout:            0.1                 
  Embed:              timeF               Activation:         gelu                

[1mRun Parameters[0m
  Num Workers:        10                  Itr:                1                   
  Train Epochs:       50                  Batch Size:         32                  
  Patience:           10                  Learning Rate:      0.0001              
  Des:                test                Loss:               MSE                 
  Lradj:              type1               Use Amp:            0                   

[1mGPU[0m
  Use GPU:            1                   GPU:                0                   
  Use Multi GPU:      0                   Devices:            0,1,2,3             

[1mDe-stationary Projector Params[0m
  P Hidden Dims:      128, 128            P Hidden Layers:    2                   

Use GPU: cuda:0
>>>>>>>start training : long_term_forecast_exchange_Informer_custom_ftM_sl96_ll48_pl96_dm128_nh8_el2_dl1_df16_expand2_dc4_fc1_ebtimeF_dtTrue_test_0>>>>>>>>>>>>>>>>>>>>>>>>>>
==================================================
DEBUG INFO:
Dataset columns: ['date', 'open', 'high', 'low', 'close', 'volume']
Target we're looking for: 'OT'
Target type: <class 'str'>
==================================================
Overriding target from 'OT' to 'close' for stock data
============================================================
DATASET SPLIT INFO (85/5/10):
============================================================
Total samples: 5193
Train: 4673 samples (85%) - rows 0 to 4672
Val: 259 samples (5%) - rows 4673 to 4931
Test: 261 samples (10%) - rows 4932 to 5192
Sequence length: 96, Prediction length: 96
============================================================
train 4482
==================================================
DEBUG INFO:
Dataset columns: ['date', 'open', 'high', 'low', 'close', 'volume']
Target we're looking for: 'OT'
Target type: <class 'str'>
==================================================
Overriding target from 'OT' to 'close' for stock data
val 164
==================================================
DEBUG INFO:
Dataset columns: ['date', 'open', 'high', 'low', 'close', 'volume']
Target we're looking for: 'OT'
Target type: <class 'str'>
==================================================
Overriding target from 'OT' to 'close' for stock data
test 166
Validation loss decreased (inf --> 0.067296).  Saving model ...
Updating learning rate to 0.0001
Validation loss decreased (0.067296 --> 0.055738).  Saving model ...
Updating learning rate to 5e-05
EarlyStopping counter: 1 out of 10
Updating learning rate to 2.5e-05
EarlyStopping counter: 2 out of 10
Updating learning rate to 1.25e-05
EarlyStopping counter: 3 out of 10
Updating learning rate to 6.25e-06
EarlyStopping counter: 4 out of 10
Updating learning rate to 3.125e-06
EarlyStopping counter: 5 out of 10
Updating learning rate to 1.5625e-06
EarlyStopping counter: 6 out of 10
Updating learning rate to 7.8125e-07
EarlyStopping counter: 7 out of 10
Updating learning rate to 3.90625e-07
EarlyStopping counter: 8 out of 10
Updating learning rate to 1.953125e-07
EarlyStopping counter: 9 out of 10
Updating learning rate to 9.765625e-08
EarlyStopping counter: 10 out of 10
>>>>>>>testing : long_term_forecast_exchange_Informer_custom_ftM_sl96_ll48_pl96_dm128_nh8_el2_dl1_df16_expand2_dc4_fc1_ebtimeF_dtTrue_test_0<<<<<<<<<<<<<<<<<<<<<<<<<<<<<<<<<
==================================================
DEBUG INFO:
Dataset columns: ['date', 'open', 'high', 'low', 'close', 'volume']
Target we're looking for: 'OT'
Target type: <class 'str'>
==================================================
Overriding target from 'OT' to 'close' for stock data
test 166
test shape: (166, 96, 5) (166, 96, 5)
test shape: (166, 96, 5) (166, 96, 5)


	mse:0.12059127539396286, mae:0.24234157800674438, dtw:Not calculated


