Using cpu or mps
Args in experiment:
[1mBasic Config[0m
  Task Name:          long_term_forecast  Is Training:        1                   
  Model ID:           Exchange_1          Model:              FEDformer           

[1mData Loader[0m
  Data:               custom              Root Path:          ./dataset/exchange_rate/
  Data Path:          exchange_rate.csv   Features:           M                   
  Target:             OT                  Freq:               h                   
  Checkpoints:        ./checkpoints/      

[1mForecasting Task[0m
  Seq Len:            96                  Label Len:          48                  
  Pred Len:           1                   Seasonal Patterns:  Monthly             
  Inverse:            0                   

[1mModel Parameters[0m
  Top k:              5                   Num Kernels:        6                   
  Enc In:             5                   Dec In:             5                   
  C Out:              5                   d model:            512                 
  n heads:            8                   e layers:           2                   
  d layers:           1                   d FF:               2048                
  Moving Avg:         25                  Factor:             3                   
  Distil:             1                   Dropout:            0.1                 
  Embed:              timeF               Activation:         gelu                

[1mRun Parameters[0m
  Num Workers:        10                  Itr:                1                   
  Train Epochs:       50                  Batch Size:         32                  
  Patience:           3                   Learning Rate:      0.0001              
  Des:                Exp                 Loss:               MSE                 
  Lradj:              type1               Use Amp:            0                   

[1mGPU[0m
  Use GPU:            1                   GPU:                0                   
  Use Multi GPU:      0                   Devices:            0,1,2,3             

[1mDe-stationary Projector Params[0m
  P Hidden Dims:      128, 128            P Hidden Layers:    2                   

Use GPU: cuda:0
fourier enhanced block used!
modes=32, index=[2, 3, 4, 5, 8, 9, 10, 11, 13, 14, 15, 16, 17, 18, 19, 20, 23, 25, 26, 28, 31, 32, 34, 35, 37, 38, 39, 40, 42, 43, 44, 46]
fourier enhanced block used!
modes=32, index=[0, 1, 2, 3, 4, 5, 6, 7, 8, 9, 10, 11, 12, 13, 14, 15, 16, 17, 18, 19, 20, 21, 22, 23]
 fourier enhanced cross attention used!
modes_q=24, index_q=[0, 1, 2, 3, 4, 5, 6, 7, 8, 9, 10, 11, 12, 13, 14, 15, 16, 17, 18, 19, 20, 21, 22, 23]
modes_kv=32, index_kv=[0, 1, 2, 4, 5, 6, 7, 8, 9, 10, 12, 13, 14, 17, 18, 20, 21, 22, 23, 26, 27, 28, 29, 30, 31, 32, 35, 36, 37, 43, 44, 45]
Traceback (most recent call last):
  File "run.py", line 179, in <module>
    exp = Exp(args)  # set experiments
  File "/home-mscluster/bkodze/Time-Series-Library/exp/exp_long_term_forecasting.py", line 20, in __init__
    super(Exp_Long_Term_Forecast, self).__init__(args)
  File "/home-mscluster/bkodze/Time-Series-Library/exp/exp_basic.py", line 50, in __init__
    self.model = self._build_model().to(self.device)
  File "/home-mscluster/bkodze/miniconda3/envs/finalenv/lib/python3.8/site-packages/torch/nn/modules/module.py", line 1174, in to
    return self._apply(convert)
  File "/home-mscluster/bkodze/miniconda3/envs/finalenv/lib/python3.8/site-packages/torch/nn/modules/module.py", line 780, in _apply
    module._apply(fn)
  File "/home-mscluster/bkodze/miniconda3/envs/finalenv/lib/python3.8/site-packages/torch/nn/modules/module.py", line 780, in _apply
    module._apply(fn)
  File "/home-mscluster/bkodze/miniconda3/envs/finalenv/lib/python3.8/site-packages/torch/nn/modules/module.py", line 780, in _apply
    module._apply(fn)
  File "/home-mscluster/bkodze/miniconda3/envs/finalenv/lib/python3.8/site-packages/torch/nn/modules/module.py", line 805, in _apply
    param_applied = fn(param)
  File "/home-mscluster/bkodze/miniconda3/envs/finalenv/lib/python3.8/site-packages/torch/nn/modules/module.py", line 1160, in convert
    return t.to(
  File "/home-mscluster/bkodze/miniconda3/envs/finalenv/lib/python3.8/site-packages/torch/cuda/__init__.py", line 314, in _lazy_init
    torch._C._cuda_init()
RuntimeError: CUDA unknown error - this may be due to an incorrectly set up environment, e.g. changing env variable CUDA_VISIBLE_DEVICES after program start. Setting the available devices to be zero.
Using cpu or mps
Args in experiment:
[1mBasic Config[0m
  Task Name:          long_term_forecast  Is Training:        1                   
  Model ID:           Exchange_3          Model:              FEDformer           

[1mData Loader[0m
  Data:               custom              Root Path:          ./dataset/exchange_rate/
  Data Path:          exchange_rate.csv   Features:           M                   
  Target:             OT                  Freq:               h                   
  Checkpoints:        ./checkpoints/      

[1mForecasting Task[0m
  Seq Len:            96                  Label Len:          48                  
  Pred Len:           3                   Seasonal Patterns:  Monthly             
  Inverse:            0                   

[1mModel Parameters[0m
  Top k:              5                   Num Kernels:        6                   
  Enc In:             5                   Dec In:             5                   
  C Out:              5                   d model:            512                 
  n heads:            8                   e layers:           2                   
  d layers:           1                   d FF:               2048                
  Moving Avg:         25                  Factor:             3                   
  Distil:             1                   Dropout:            0.1                 
  Embed:              timeF               Activation:         gelu                

[1mRun Parameters[0m
  Num Workers:        10                  Itr:                1                   
  Train Epochs:       50                  Batch Size:         32                  
  Patience:           3                   Learning Rate:      0.0001              
  Des:                Exp                 Loss:               MSE                 
  Lradj:              type1               Use Amp:            0                   

[1mGPU[0m
  Use GPU:            1                   GPU:                0                   
  Use Multi GPU:      0                   Devices:            0,1,2,3             

[1mDe-stationary Projector Params[0m
  P Hidden Dims:      128, 128            P Hidden Layers:    2                   

Use GPU: cuda:0
fourier enhanced block used!
modes=32, index=[2, 3, 4, 5, 8, 9, 10, 11, 13, 14, 15, 16, 17, 18, 19, 20, 23, 25, 26, 28, 31, 32, 34, 35, 37, 38, 39, 40, 42, 43, 44, 46]
fourier enhanced block used!
modes=32, index=[0, 1, 2, 3, 4, 5, 6, 7, 8, 9, 10, 11, 12, 13, 14, 15, 16, 17, 18, 19, 20, 21, 22, 23, 24]
 fourier enhanced cross attention used!
modes_q=25, index_q=[0, 1, 2, 3, 4, 5, 6, 7, 8, 9, 10, 11, 12, 13, 14, 15, 16, 17, 18, 19, 20, 21, 22, 23, 24]
modes_kv=32, index_kv=[0, 1, 2, 4, 5, 6, 7, 8, 9, 10, 12, 13, 14, 17, 18, 20, 21, 22, 23, 26, 27, 28, 29, 30, 31, 32, 35, 36, 37, 43, 44, 45]
Traceback (most recent call last):
  File "run.py", line 179, in <module>
    exp = Exp(args)  # set experiments
  File "/home-mscluster/bkodze/Time-Series-Library/exp/exp_long_term_forecasting.py", line 20, in __init__
    super(Exp_Long_Term_Forecast, self).__init__(args)
  File "/home-mscluster/bkodze/Time-Series-Library/exp/exp_basic.py", line 50, in __init__
    self.model = self._build_model().to(self.device)
  File "/home-mscluster/bkodze/miniconda3/envs/finalenv/lib/python3.8/site-packages/torch/nn/modules/module.py", line 1174, in to
    return self._apply(convert)
  File "/home-mscluster/bkodze/miniconda3/envs/finalenv/lib/python3.8/site-packages/torch/nn/modules/module.py", line 780, in _apply
    module._apply(fn)
  File "/home-mscluster/bkodze/miniconda3/envs/finalenv/lib/python3.8/site-packages/torch/nn/modules/module.py", line 780, in _apply
    module._apply(fn)
  File "/home-mscluster/bkodze/miniconda3/envs/finalenv/lib/python3.8/site-packages/torch/nn/modules/module.py", line 780, in _apply
    module._apply(fn)
  File "/home-mscluster/bkodze/miniconda3/envs/finalenv/lib/python3.8/site-packages/torch/nn/modules/module.py", line 805, in _apply
    param_applied = fn(param)
  File "/home-mscluster/bkodze/miniconda3/envs/finalenv/lib/python3.8/site-packages/torch/nn/modules/module.py", line 1160, in convert
    return t.to(
  File "/home-mscluster/bkodze/miniconda3/envs/finalenv/lib/python3.8/site-packages/torch/cuda/__init__.py", line 314, in _lazy_init
    torch._C._cuda_init()
RuntimeError: CUDA unknown error - this may be due to an incorrectly set up environment, e.g. changing env variable CUDA_VISIBLE_DEVICES after program start. Setting the available devices to be zero.
Using cpu or mps
Args in experiment:
[1mBasic Config[0m
  Task Name:          long_term_forecast  Is Training:        1                   
  Model ID:           Exchange_7          Model:              FEDformer           

[1mData Loader[0m
  Data:               custom              Root Path:          ./dataset/exchange_rate/
  Data Path:          exchange_rate.csv   Features:           M                   
  Target:             OT                  Freq:               h                   
  Checkpoints:        ./checkpoints/      

[1mForecasting Task[0m
  Seq Len:            96                  Label Len:          48                  
  Pred Len:           7                   Seasonal Patterns:  Monthly             
  Inverse:            0                   

[1mModel Parameters[0m
  Top k:              5                   Num Kernels:        6                   
  Enc In:             5                   Dec In:             5                   
  C Out:              5                   d model:            512                 
  n heads:            8                   e layers:           2                   
  d layers:           1                   d FF:               2048                
  Moving Avg:         25                  Factor:             3                   
  Distil:             1                   Dropout:            0.1                 
  Embed:              timeF               Activation:         gelu                

[1mRun Parameters[0m
  Num Workers:        10                  Itr:                1                   
  Train Epochs:       50                  Batch Size:         32                  
  Patience:           3                   Learning Rate:      0.0001              
  Des:                Exp                 Loss:               MSE                 
  Lradj:              type1               Use Amp:            0                   

[1mGPU[0m
  Use GPU:            1                   GPU:                0                   
  Use Multi GPU:      0                   Devices:            0,1,2,3             

[1mDe-stationary Projector Params[0m
  P Hidden Dims:      128, 128            P Hidden Layers:    2                   

Use GPU: cuda:0
fourier enhanced block used!
modes=32, index=[2, 3, 4, 5, 8, 9, 10, 11, 13, 14, 15, 16, 17, 18, 19, 20, 23, 25, 26, 28, 31, 32, 34, 35, 37, 38, 39, 40, 42, 43, 44, 46]
fourier enhanced block used!
modes=32, index=[0, 1, 2, 3, 4, 5, 6, 7, 8, 9, 10, 11, 12, 13, 14, 15, 16, 17, 18, 19, 20, 21, 22, 23, 24, 25, 26]
 fourier enhanced cross attention used!
modes_q=27, index_q=[0, 1, 2, 3, 4, 5, 6, 7, 8, 9, 10, 11, 12, 13, 14, 15, 16, 17, 18, 19, 20, 21, 22, 23, 24, 25, 26]
modes_kv=32, index_kv=[0, 1, 2, 4, 5, 6, 7, 8, 9, 10, 12, 13, 14, 17, 18, 20, 21, 22, 23, 26, 27, 28, 29, 30, 31, 32, 35, 36, 37, 43, 44, 45]
Traceback (most recent call last):
  File "run.py", line 179, in <module>
    exp = Exp(args)  # set experiments
  File "/home-mscluster/bkodze/Time-Series-Library/exp/exp_long_term_forecasting.py", line 20, in __init__
    super(Exp_Long_Term_Forecast, self).__init__(args)
  File "/home-mscluster/bkodze/Time-Series-Library/exp/exp_basic.py", line 50, in __init__
    self.model = self._build_model().to(self.device)
  File "/home-mscluster/bkodze/miniconda3/envs/finalenv/lib/python3.8/site-packages/torch/nn/modules/module.py", line 1174, in to
    return self._apply(convert)
  File "/home-mscluster/bkodze/miniconda3/envs/finalenv/lib/python3.8/site-packages/torch/nn/modules/module.py", line 780, in _apply
    module._apply(fn)
  File "/home-mscluster/bkodze/miniconda3/envs/finalenv/lib/python3.8/site-packages/torch/nn/modules/module.py", line 780, in _apply
    module._apply(fn)
  File "/home-mscluster/bkodze/miniconda3/envs/finalenv/lib/python3.8/site-packages/torch/nn/modules/module.py", line 780, in _apply
    module._apply(fn)
  File "/home-mscluster/bkodze/miniconda3/envs/finalenv/lib/python3.8/site-packages/torch/nn/modules/module.py", line 805, in _apply
    param_applied = fn(param)
  File "/home-mscluster/bkodze/miniconda3/envs/finalenv/lib/python3.8/site-packages/torch/nn/modules/module.py", line 1160, in convert
    return t.to(
  File "/home-mscluster/bkodze/miniconda3/envs/finalenv/lib/python3.8/site-packages/torch/cuda/__init__.py", line 314, in _lazy_init
    torch._C._cuda_init()
RuntimeError: CUDA unknown error - this may be due to an incorrectly set up environment, e.g. changing env variable CUDA_VISIBLE_DEVICES after program start. Setting the available devices to be zero.
Using cpu or mps
Args in experiment:
[1mBasic Config[0m
  Task Name:          long_term_forecast  Is Training:        1                   
  Model ID:           Exchange_14         Model:              FEDformer           

[1mData Loader[0m
  Data:               custom              Root Path:          ./dataset/exchange_rate/
  Data Path:          exchange_rate.csv   Features:           M                   
  Target:             OT                  Freq:               h                   
  Checkpoints:        ./checkpoints/      

[1mForecasting Task[0m
  Seq Len:            96                  Label Len:          48                  
  Pred Len:           14                  Seasonal Patterns:  Monthly             
  Inverse:            0                   

[1mModel Parameters[0m
  Top k:              5                   Num Kernels:        6                   
  Enc In:             5                   Dec In:             5                   
  C Out:              5                   d model:            512                 
  n heads:            8                   e layers:           2                   
  d layers:           1                   d FF:               2048                
  Moving Avg:         25                  Factor:             3                   
  Distil:             1                   Dropout:            0.1                 
  Embed:              timeF               Activation:         gelu                

[1mRun Parameters[0m
  Num Workers:        10                  Itr:                1                   
  Train Epochs:       50                  Batch Size:         32                  
  Patience:           3                   Learning Rate:      0.0001              
  Des:                Exp                 Loss:               MSE                 
  Lradj:              type1               Use Amp:            0                   

[1mGPU[0m
  Use GPU:            1                   GPU:                0                   
  Use Multi GPU:      0                   Devices:            0,1,2,3             

[1mDe-stationary Projector Params[0m
  P Hidden Dims:      128, 128            P Hidden Layers:    2                   

Use GPU: cuda:0
fourier enhanced block used!
modes=32, index=[2, 3, 4, 5, 8, 9, 10, 11, 13, 14, 15, 16, 17, 18, 19, 20, 23, 25, 26, 28, 31, 32, 34, 35, 37, 38, 39, 40, 42, 43, 44, 46]
fourier enhanced block used!
modes=32, index=[0, 1, 2, 3, 4, 5, 6, 7, 8, 9, 10, 11, 12, 13, 14, 15, 16, 17, 18, 19, 20, 21, 22, 23, 24, 25, 26, 27, 28, 29, 30]
 fourier enhanced cross attention used!
modes_q=31, index_q=[0, 1, 2, 3, 4, 5, 6, 7, 8, 9, 10, 11, 12, 13, 14, 15, 16, 17, 18, 19, 20, 21, 22, 23, 24, 25, 26, 27, 28, 29, 30]
modes_kv=32, index_kv=[0, 1, 2, 4, 5, 6, 7, 8, 9, 10, 12, 13, 14, 17, 18, 20, 21, 22, 23, 26, 27, 28, 29, 30, 31, 32, 35, 36, 37, 43, 44, 45]
Traceback (most recent call last):
  File "run.py", line 179, in <module>
    exp = Exp(args)  # set experiments
  File "/home-mscluster/bkodze/Time-Series-Library/exp/exp_long_term_forecasting.py", line 20, in __init__
    super(Exp_Long_Term_Forecast, self).__init__(args)
  File "/home-mscluster/bkodze/Time-Series-Library/exp/exp_basic.py", line 50, in __init__
    self.model = self._build_model().to(self.device)
  File "/home-mscluster/bkodze/miniconda3/envs/finalenv/lib/python3.8/site-packages/torch/nn/modules/module.py", line 1174, in to
    return self._apply(convert)
  File "/home-mscluster/bkodze/miniconda3/envs/finalenv/lib/python3.8/site-packages/torch/nn/modules/module.py", line 780, in _apply
    module._apply(fn)
  File "/home-mscluster/bkodze/miniconda3/envs/finalenv/lib/python3.8/site-packages/torch/nn/modules/module.py", line 780, in _apply
    module._apply(fn)
  File "/home-mscluster/bkodze/miniconda3/envs/finalenv/lib/python3.8/site-packages/torch/nn/modules/module.py", line 780, in _apply
    module._apply(fn)
  File "/home-mscluster/bkodze/miniconda3/envs/finalenv/lib/python3.8/site-packages/torch/nn/modules/module.py", line 805, in _apply
    param_applied = fn(param)
  File "/home-mscluster/bkodze/miniconda3/envs/finalenv/lib/python3.8/site-packages/torch/nn/modules/module.py", line 1160, in convert
    return t.to(
  File "/home-mscluster/bkodze/miniconda3/envs/finalenv/lib/python3.8/site-packages/torch/cuda/__init__.py", line 314, in _lazy_init
    torch._C._cuda_init()
RuntimeError: CUDA unknown error - this may be due to an incorrectly set up environment, e.g. changing env variable CUDA_VISIBLE_DEVICES after program start. Setting the available devices to be zero.
Using cpu or mps
Args in experiment:
[1mBasic Config[0m
  Task Name:          long_term_forecast  Is Training:        1                   
  Model ID:           Exchange_30         Model:              FEDformer           

[1mData Loader[0m
  Data:               custom              Root Path:          ./dataset/exchange_rate/
  Data Path:          exchange_rate.csv   Features:           M                   
  Target:             OT                  Freq:               h                   
  Checkpoints:        ./checkpoints/      

[1mForecasting Task[0m
  Seq Len:            96                  Label Len:          48                  
  Pred Len:           30                  Seasonal Patterns:  Monthly             
  Inverse:            0                   

[1mModel Parameters[0m
  Top k:              5                   Num Kernels:        6                   
  Enc In:             5                   Dec In:             5                   
  C Out:              5                   d model:            512                 
  n heads:            8                   e layers:           2                   
  d layers:           1                   d FF:               2048                
  Moving Avg:         25                  Factor:             3                   
  Distil:             1                   Dropout:            0.1                 
  Embed:              timeF               Activation:         gelu                

[1mRun Parameters[0m
  Num Workers:        10                  Itr:                1                   
  Train Epochs:       50                  Batch Size:         32                  
  Patience:           3                   Learning Rate:      0.0001              
  Des:                Exp                 Loss:               MSE                 
  Lradj:              type1               Use Amp:            0                   

[1mGPU[0m
  Use GPU:            1                   GPU:                0                   
  Use Multi GPU:      0                   Devices:            0,1,2,3             

[1mDe-stationary Projector Params[0m
  P Hidden Dims:      128, 128            P Hidden Layers:    2                   

Use GPU: cuda:0
fourier enhanced block used!
modes=32, index=[2, 3, 4, 5, 8, 9, 10, 11, 13, 14, 15, 16, 17, 18, 19, 20, 23, 25, 26, 28, 31, 32, 34, 35, 37, 38, 39, 40, 42, 43, 44, 46]
fourier enhanced block used!
modes=32, index=[0, 1, 2, 3, 4, 5, 6, 7, 8, 9, 10, 13, 16, 17, 18, 20, 21, 22, 23, 24, 25, 27, 28, 29, 30, 31, 32, 34, 35, 36, 37, 38]
 fourier enhanced cross attention used!
modes_q=32, index_q=[0, 1, 2, 3, 4, 5, 8, 9, 10, 11, 12, 13, 14, 15, 16, 17, 19, 20, 21, 22, 23, 24, 25, 28, 30, 31, 32, 33, 34, 35, 37, 38]
modes_kv=32, index_kv=[0, 2, 8, 13, 14, 16, 18, 19, 20, 21, 22, 23, 24, 25, 26, 27, 28, 29, 31, 33, 34, 35, 36, 37, 39, 40, 41, 42, 44, 45, 46, 47]
Traceback (most recent call last):
  File "run.py", line 179, in <module>
    exp = Exp(args)  # set experiments
  File "/home-mscluster/bkodze/Time-Series-Library/exp/exp_long_term_forecasting.py", line 20, in __init__
    super(Exp_Long_Term_Forecast, self).__init__(args)
  File "/home-mscluster/bkodze/Time-Series-Library/exp/exp_basic.py", line 50, in __init__
    self.model = self._build_model().to(self.device)
  File "/home-mscluster/bkodze/miniconda3/envs/finalenv/lib/python3.8/site-packages/torch/nn/modules/module.py", line 1174, in to
    return self._apply(convert)
  File "/home-mscluster/bkodze/miniconda3/envs/finalenv/lib/python3.8/site-packages/torch/nn/modules/module.py", line 780, in _apply
    module._apply(fn)
  File "/home-mscluster/bkodze/miniconda3/envs/finalenv/lib/python3.8/site-packages/torch/nn/modules/module.py", line 780, in _apply
    module._apply(fn)
  File "/home-mscluster/bkodze/miniconda3/envs/finalenv/lib/python3.8/site-packages/torch/nn/modules/module.py", line 780, in _apply
    module._apply(fn)
  File "/home-mscluster/bkodze/miniconda3/envs/finalenv/lib/python3.8/site-packages/torch/nn/modules/module.py", line 805, in _apply
    param_applied = fn(param)
  File "/home-mscluster/bkodze/miniconda3/envs/finalenv/lib/python3.8/site-packages/torch/nn/modules/module.py", line 1160, in convert
    return t.to(
  File "/home-mscluster/bkodze/miniconda3/envs/finalenv/lib/python3.8/site-packages/torch/cuda/__init__.py", line 314, in _lazy_init
    torch._C._cuda_init()
RuntimeError: CUDA unknown error - this may be due to an incorrectly set up environment, e.g. changing env variable CUDA_VISIBLE_DEVICES after program start. Setting the available devices to be zero.
Using cpu or mps
Args in experiment:
[1mBasic Config[0m
  Task Name:          long_term_forecast  Is Training:        1                   
  Model ID:           Exchange_48         Model:              FEDformer           

[1mData Loader[0m
  Data:               custom              Root Path:          ./dataset/exchange_rate/
  Data Path:          exchange_rate.csv   Features:           M                   
  Target:             OT                  Freq:               h                   
  Checkpoints:        ./checkpoints/      

[1mForecasting Task[0m
  Seq Len:            96                  Label Len:          48                  
  Pred Len:           48                  Seasonal Patterns:  Monthly             
  Inverse:            0                   

[1mModel Parameters[0m
  Top k:              5                   Num Kernels:        6                   
  Enc In:             5                   Dec In:             5                   
  C Out:              5                   d model:            512                 
  n heads:            8                   e layers:           2                   
  d layers:           1                   d FF:               2048                
  Moving Avg:         25                  Factor:             3                   
  Distil:             1                   Dropout:            0.1                 
  Embed:              timeF               Activation:         gelu                

[1mRun Parameters[0m
  Num Workers:        10                  Itr:                1                   
  Train Epochs:       50                  Batch Size:         32                  
  Patience:           3                   Learning Rate:      0.0001              
  Des:                Exp                 Loss:               MSE                 
  Lradj:              type1               Use Amp:            0                   

[1mGPU[0m
  Use GPU:            1                   GPU:                0                   
  Use Multi GPU:      0                   Devices:            0,1,2,3             

[1mDe-stationary Projector Params[0m
  P Hidden Dims:      128, 128            P Hidden Layers:    2                   

Use GPU: cuda:0
fourier enhanced block used!
modes=32, index=[2, 3, 4, 5, 8, 9, 10, 11, 13, 14, 15, 16, 17, 18, 19, 20, 23, 25, 26, 28, 31, 32, 34, 35, 37, 38, 39, 40, 42, 43, 44, 46]
fourier enhanced block used!
modes=32, index=[0, 1, 2, 3, 4, 5, 6, 8, 10, 13, 16, 18, 20, 21, 22, 23, 24, 28, 29, 30, 31, 32, 34, 35, 38, 39, 41, 43, 44, 45, 46, 47]
 fourier enhanced cross attention used!
modes_q=32, index_q=[0, 1, 2, 4, 5, 6, 7, 8, 9, 10, 12, 13, 14, 17, 18, 20, 21, 22, 23, 26, 27, 28, 29, 30, 31, 32, 35, 36, 37, 43, 44, 45]
modes_kv=32, index_kv=[0, 1, 4, 6, 8, 9, 10, 11, 13, 15, 16, 17, 18, 19, 21, 22, 24, 25, 26, 28, 29, 30, 33, 34, 35, 37, 38, 40, 42, 44, 46, 47]
Traceback (most recent call last):
  File "run.py", line 179, in <module>
    exp = Exp(args)  # set experiments
  File "/home-mscluster/bkodze/Time-Series-Library/exp/exp_long_term_forecasting.py", line 20, in __init__
    super(Exp_Long_Term_Forecast, self).__init__(args)
  File "/home-mscluster/bkodze/Time-Series-Library/exp/exp_basic.py", line 50, in __init__
    self.model = self._build_model().to(self.device)
  File "/home-mscluster/bkodze/miniconda3/envs/finalenv/lib/python3.8/site-packages/torch/nn/modules/module.py", line 1174, in to
    return self._apply(convert)
  File "/home-mscluster/bkodze/miniconda3/envs/finalenv/lib/python3.8/site-packages/torch/nn/modules/module.py", line 780, in _apply
    module._apply(fn)
  File "/home-mscluster/bkodze/miniconda3/envs/finalenv/lib/python3.8/site-packages/torch/nn/modules/module.py", line 780, in _apply
    module._apply(fn)
  File "/home-mscluster/bkodze/miniconda3/envs/finalenv/lib/python3.8/site-packages/torch/nn/modules/module.py", line 780, in _apply
    module._apply(fn)
  File "/home-mscluster/bkodze/miniconda3/envs/finalenv/lib/python3.8/site-packages/torch/nn/modules/module.py", line 805, in _apply
    param_applied = fn(param)
  File "/home-mscluster/bkodze/miniconda3/envs/finalenv/lib/python3.8/site-packages/torch/nn/modules/module.py", line 1160, in convert
    return t.to(
  File "/home-mscluster/bkodze/miniconda3/envs/finalenv/lib/python3.8/site-packages/torch/cuda/__init__.py", line 314, in _lazy_init
    torch._C._cuda_init()
RuntimeError: CUDA unknown error - this may be due to an incorrectly set up environment, e.g. changing env variable CUDA_VISIBLE_DEVICES after program start. Setting the available devices to be zero.
Using cpu or mps
Args in experiment:
[1mBasic Config[0m
  Task Name:          long_term_forecast  Is Training:        1                   
  Model ID:           Exchange_60         Model:              FEDformer           

[1mData Loader[0m
  Data:               custom              Root Path:          ./dataset/exchange_rate/
  Data Path:          exchange_rate.csv   Features:           M                   
  Target:             OT                  Freq:               h                   
  Checkpoints:        ./checkpoints/      

[1mForecasting Task[0m
  Seq Len:            96                  Label Len:          48                  
  Pred Len:           60                  Seasonal Patterns:  Monthly             
  Inverse:            0                   

[1mModel Parameters[0m
  Top k:              5                   Num Kernels:        6                   
  Enc In:             5                   Dec In:             5                   
  C Out:              5                   d model:            512                 
  n heads:            8                   e layers:           2                   
  d layers:           1                   d FF:               2048                
  Moving Avg:         25                  Factor:             3                   
  Distil:             1                   Dropout:            0.1                 
  Embed:              timeF               Activation:         gelu                

[1mRun Parameters[0m
  Num Workers:        10                  Itr:                1                   
  Train Epochs:       50                  Batch Size:         32                  
  Patience:           3                   Learning Rate:      0.0001              
  Des:                Exp                 Loss:               MSE                 
  Lradj:              type1               Use Amp:            0                   

[1mGPU[0m
  Use GPU:            1                   GPU:                0                   
  Use Multi GPU:      0                   Devices:            0,1,2,3             

[1mDe-stationary Projector Params[0m
  P Hidden Dims:      128, 128            P Hidden Layers:    2                   

Use GPU: cuda:0
fourier enhanced block used!
modes=32, index=[2, 3, 4, 5, 8, 9, 10, 11, 13, 14, 15, 16, 17, 18, 19, 20, 23, 25, 26, 28, 31, 32, 34, 35, 37, 38, 39, 40, 42, 43, 44, 46]
fourier enhanced block used!
modes=32, index=[0, 1, 2, 3, 4, 5, 6, 8, 10, 13, 16, 18, 21, 22, 23, 24, 28, 29, 30, 31, 32, 34, 37, 38, 39, 44, 45, 46, 49, 51, 52, 53]
 fourier enhanced cross attention used!
modes_q=32, index_q=[0, 1, 2, 4, 6, 7, 8, 9, 10, 12, 13, 14, 17, 18, 20, 21, 22, 23, 27, 28, 29, 30, 31, 35, 36, 37, 42, 43, 48, 50, 51, 53]
modes_kv=32, index_kv=[0, 1, 4, 6, 8, 9, 10, 11, 13, 15, 16, 17, 18, 19, 21, 23, 24, 26, 27, 28, 29, 30, 32, 33, 34, 35, 38, 39, 40, 41, 45, 47]
Traceback (most recent call last):
  File "run.py", line 179, in <module>
    exp = Exp(args)  # set experiments
  File "/home-mscluster/bkodze/Time-Series-Library/exp/exp_long_term_forecasting.py", line 20, in __init__
    super(Exp_Long_Term_Forecast, self).__init__(args)
  File "/home-mscluster/bkodze/Time-Series-Library/exp/exp_basic.py", line 50, in __init__
    self.model = self._build_model().to(self.device)
  File "/home-mscluster/bkodze/miniconda3/envs/finalenv/lib/python3.8/site-packages/torch/nn/modules/module.py", line 1174, in to
    return self._apply(convert)
  File "/home-mscluster/bkodze/miniconda3/envs/finalenv/lib/python3.8/site-packages/torch/nn/modules/module.py", line 780, in _apply
    module._apply(fn)
  File "/home-mscluster/bkodze/miniconda3/envs/finalenv/lib/python3.8/site-packages/torch/nn/modules/module.py", line 780, in _apply
    module._apply(fn)
  File "/home-mscluster/bkodze/miniconda3/envs/finalenv/lib/python3.8/site-packages/torch/nn/modules/module.py", line 780, in _apply
    module._apply(fn)
  File "/home-mscluster/bkodze/miniconda3/envs/finalenv/lib/python3.8/site-packages/torch/nn/modules/module.py", line 805, in _apply
    param_applied = fn(param)
  File "/home-mscluster/bkodze/miniconda3/envs/finalenv/lib/python3.8/site-packages/torch/nn/modules/module.py", line 1160, in convert
    return t.to(
  File "/home-mscluster/bkodze/miniconda3/envs/finalenv/lib/python3.8/site-packages/torch/cuda/__init__.py", line 314, in _lazy_init
    torch._C._cuda_init()
RuntimeError: CUDA unknown error - this may be due to an incorrectly set up environment, e.g. changing env variable CUDA_VISIBLE_DEVICES after program start. Setting the available devices to be zero.
Using cpu or mps
Args in experiment:
[1mBasic Config[0m
  Task Name:          long_term_forecast  Is Training:        1                   
  Model ID:           Exchange_72         Model:              FEDformer           

[1mData Loader[0m
  Data:               custom              Root Path:          ./dataset/exchange_rate/
  Data Path:          exchange_rate.csv   Features:           M                   
  Target:             OT                  Freq:               h                   
  Checkpoints:        ./checkpoints/      

[1mForecasting Task[0m
  Seq Len:            96                  Label Len:          48                  
  Pred Len:           72                  Seasonal Patterns:  Monthly             
  Inverse:            0                   

[1mModel Parameters[0m
  Top k:              5                   Num Kernels:        6                   
  Enc In:             5                   Dec In:             5                   
  C Out:              5                   d model:            512                 
  n heads:            8                   e layers:           2                   
  d layers:           1                   d FF:               2048                
  Moving Avg:         25                  Factor:             3                   
  Distil:             1                   Dropout:            0.1                 
  Embed:              timeF               Activation:         gelu                

[1mRun Parameters[0m
  Num Workers:        10                  Itr:                1                   
  Train Epochs:       50                  Batch Size:         32                  
  Patience:           3                   Learning Rate:      0.0001              
  Des:                Exp                 Loss:               MSE                 
  Lradj:              type1               Use Amp:            0                   

[1mGPU[0m
  Use GPU:            1                   GPU:                0                   
  Use Multi GPU:      0                   Devices:            0,1,2,3             

[1mDe-stationary Projector Params[0m
  P Hidden Dims:      128, 128            P Hidden Layers:    2                   

Use GPU: cuda:0
fourier enhanced block used!
modes=32, index=[2, 3, 4, 5, 8, 9, 10, 11, 13, 14, 15, 16, 17, 18, 19, 20, 23, 25, 26, 28, 31, 32, 34, 35, 37, 38, 39, 40, 42, 43, 44, 46]
fourier enhanced block used!
modes=32, index=[0, 1, 2, 3, 4, 5, 6, 8, 10, 13, 16, 18, 21, 22, 23, 24, 28, 29, 30, 32, 34, 35, 38, 43, 45, 49, 50, 51, 55, 56, 58, 59]
 fourier enhanced cross attention used!
modes_q=32, index_q=[0, 1, 2, 4, 6, 7, 8, 9, 10, 13, 14, 18, 20, 21, 22, 23, 27, 28, 29, 30, 31, 34, 35, 36, 40, 42, 44, 45, 47, 56, 57, 59]
modes_kv=32, index_kv=[0, 1, 6, 8, 9, 10, 11, 13, 15, 17, 18, 19, 20, 21, 23, 24, 26, 27, 29, 30, 31, 32, 33, 34, 35, 39, 40, 41, 42, 44, 45, 46]
Traceback (most recent call last):
  File "run.py", line 179, in <module>
    exp = Exp(args)  # set experiments
  File "/home-mscluster/bkodze/Time-Series-Library/exp/exp_long_term_forecasting.py", line 20, in __init__
    super(Exp_Long_Term_Forecast, self).__init__(args)
  File "/home-mscluster/bkodze/Time-Series-Library/exp/exp_basic.py", line 50, in __init__
    self.model = self._build_model().to(self.device)
  File "/home-mscluster/bkodze/miniconda3/envs/finalenv/lib/python3.8/site-packages/torch/nn/modules/module.py", line 1174, in to
    return self._apply(convert)
  File "/home-mscluster/bkodze/miniconda3/envs/finalenv/lib/python3.8/site-packages/torch/nn/modules/module.py", line 780, in _apply
    module._apply(fn)
  File "/home-mscluster/bkodze/miniconda3/envs/finalenv/lib/python3.8/site-packages/torch/nn/modules/module.py", line 780, in _apply
    module._apply(fn)
  File "/home-mscluster/bkodze/miniconda3/envs/finalenv/lib/python3.8/site-packages/torch/nn/modules/module.py", line 780, in _apply
    module._apply(fn)
  File "/home-mscluster/bkodze/miniconda3/envs/finalenv/lib/python3.8/site-packages/torch/nn/modules/module.py", line 805, in _apply
    param_applied = fn(param)
  File "/home-mscluster/bkodze/miniconda3/envs/finalenv/lib/python3.8/site-packages/torch/nn/modules/module.py", line 1160, in convert
    return t.to(
  File "/home-mscluster/bkodze/miniconda3/envs/finalenv/lib/python3.8/site-packages/torch/cuda/__init__.py", line 314, in _lazy_init
    torch._C._cuda_init()
RuntimeError: CUDA unknown error - this may be due to an incorrectly set up environment, e.g. changing env variable CUDA_VISIBLE_DEVICES after program start. Setting the available devices to be zero.
Using cpu or mps
Args in experiment:
[1mBasic Config[0m
  Task Name:          long_term_forecast  Is Training:        1                   
  Model ID:           Exchange_96         Model:              FEDformer           

[1mData Loader[0m
  Data:               custom              Root Path:          ./dataset/exchange_rate/
  Data Path:          exchange_rate.csv   Features:           M                   
  Target:             OT                  Freq:               h                   
  Checkpoints:        ./checkpoints/      

[1mForecasting Task[0m
  Seq Len:            96                  Label Len:          48                  
  Pred Len:           96                  Seasonal Patterns:  Monthly             
  Inverse:            0                   

[1mModel Parameters[0m
  Top k:              5                   Num Kernels:        6                   
  Enc In:             5                   Dec In:             5                   
  C Out:              5                   d model:            512                 
  n heads:            8                   e layers:           2                   
  d layers:           1                   d FF:               2048                
  Moving Avg:         25                  Factor:             3                   
  Distil:             1                   Dropout:            0.1                 
  Embed:              timeF               Activation:         gelu                

[1mRun Parameters[0m
  Num Workers:        10                  Itr:                1                   
  Train Epochs:       50                  Batch Size:         32                  
  Patience:           3                   Learning Rate:      0.0001              
  Des:                Exp                 Loss:               MSE                 
  Lradj:              type1               Use Amp:            0                   

[1mGPU[0m
  Use GPU:            1                   GPU:                0                   
  Use Multi GPU:      0                   Devices:            0,1,2,3             

[1mDe-stationary Projector Params[0m
  P Hidden Dims:      128, 128            P Hidden Layers:    2                   

Use GPU: cuda:0
fourier enhanced block used!
modes=32, index=[2, 3, 4, 5, 8, 9, 10, 11, 13, 14, 15, 16, 17, 18, 19, 20, 23, 25, 26, 28, 31, 32, 34, 35, 37, 38, 39, 40, 42, 43, 44, 46]
fourier enhanced block used!
modes=32, index=[0, 1, 2, 4, 5, 8, 10, 12, 13, 14, 16, 21, 22, 24, 26, 28, 29, 30, 34, 35, 37, 38, 42, 43, 45, 47, 56, 57, 58, 65, 70, 71]
 fourier enhanced cross attention used!
modes_q=32, index_q=[0, 8, 13, 14, 16, 17, 18, 19, 21, 22, 24, 28, 29, 33, 37, 40, 42, 43, 44, 47, 48, 50, 51, 53, 55, 56, 58, 60, 62, 63, 68, 69]
modes_kv=32, index_kv=[0, 1, 2, 5, 6, 7, 8, 9, 11, 12, 13, 14, 15, 16, 17, 20, 22, 24, 28, 30, 31, 32, 34, 35, 36, 37, 38, 39, 44, 45, 46, 47]
Traceback (most recent call last):
  File "run.py", line 179, in <module>
    exp = Exp(args)  # set experiments
  File "/home-mscluster/bkodze/Time-Series-Library/exp/exp_long_term_forecasting.py", line 20, in __init__
    super(Exp_Long_Term_Forecast, self).__init__(args)
  File "/home-mscluster/bkodze/Time-Series-Library/exp/exp_basic.py", line 50, in __init__
    self.model = self._build_model().to(self.device)
  File "/home-mscluster/bkodze/miniconda3/envs/finalenv/lib/python3.8/site-packages/torch/nn/modules/module.py", line 1174, in to
    return self._apply(convert)
  File "/home-mscluster/bkodze/miniconda3/envs/finalenv/lib/python3.8/site-packages/torch/nn/modules/module.py", line 780, in _apply
    module._apply(fn)
  File "/home-mscluster/bkodze/miniconda3/envs/finalenv/lib/python3.8/site-packages/torch/nn/modules/module.py", line 780, in _apply
    module._apply(fn)
  File "/home-mscluster/bkodze/miniconda3/envs/finalenv/lib/python3.8/site-packages/torch/nn/modules/module.py", line 780, in _apply
    module._apply(fn)
  File "/home-mscluster/bkodze/miniconda3/envs/finalenv/lib/python3.8/site-packages/torch/nn/modules/module.py", line 805, in _apply
    param_applied = fn(param)
  File "/home-mscluster/bkodze/miniconda3/envs/finalenv/lib/python3.8/site-packages/torch/nn/modules/module.py", line 1160, in convert
    return t.to(
  File "/home-mscluster/bkodze/miniconda3/envs/finalenv/lib/python3.8/site-packages/torch/cuda/__init__.py", line 314, in _lazy_init
    torch._C._cuda_init()
RuntimeError: CUDA unknown error - this may be due to an incorrectly set up environment, e.g. changing env variable CUDA_VISIBLE_DEVICES after program start. Setting the available devices to be zero.
