Using GPU
Args in experiment:
[1mBasic Config[0m
  Task Name:          long_term_forecast  Is Training:        1                   
  Model ID:           Exchange_1          Model:              Mamba               

[1mData Loader[0m
  Data:               custom              Root Path:          ./dataset/exchange_rate/
  Data Path:          exchange_rate.csv   Features:           M                   
  Target:             OT                  Freq:               h                   
  Checkpoints:        ./checkpoints/      

[1mForecasting Task[0m
  Seq Len:            96                  Label Len:          48                  
  Pred Len:           1                   Seasonal Patterns:  Monthly             
  Inverse:            0                   

[1mModel Parameters[0m
  Top k:              5                   Num Kernels:        6                   
  Enc In:             5                   Dec In:             5                   
  C Out:              5                   d model:            128                 
  n heads:            8                   e layers:           2                   
  d layers:           1                   d FF:               16                  
  Moving Avg:         25                  Factor:             1                   
  Distil:             1                   Dropout:            0.1                 
  Embed:              timeF               Activation:         gelu                

[1mRun Parameters[0m
  Num Workers:        10                  Itr:                1                   
  Train Epochs:       50                  Batch Size:         32                  
  Patience:           50                  Learning Rate:      0.0001              
  Des:                Exp                 Loss:               MSE                 
  Lradj:              type1               Use Amp:            0                   

[1mGPU[0m
  Use GPU:            1                   GPU:                0                   
  Use Multi GPU:      0                   Devices:            0,1,2,3             

[1mDe-stationary Projector Params[0m
  P Hidden Dims:      128, 128            P Hidden Layers:    2                   

Please make sure you have successfully installed mamba_ssm
Use GPU: cuda:0
>>>>>>>start training : long_term_forecast_Exchange_1_Mamba_custom_ftM_sl96_ll48_pl1_dm128_nh8_el2_dl1_df16_expand2_dc4_fc1_ebtimeF_dtTrue_Exp_0>>>>>>>>>>>>>>>>>>>>>>>>>>
==================================================
DEBUG INFO:
Dataset columns: ['date', 'open', 'high', 'low', 'close', 'volume']
Target we're looking for: 'OT'
Target type: <class 'str'>
==================================================
Overriding target from 'OT' to 'close' for stock data
============================================================
DATASET SPLIT INFO (85/5/10):
============================================================
Total samples: 5193
Train: 4414 samples (85%) - rows 0 to 4413
Val: 259 samples (5%) - rows 4414 to 4672
Test: 520 samples (10%) - rows 4673 to 5192
Sequence length: 96, Prediction length: 1
============================================================
train 4318
==================================================
DEBUG INFO:
Dataset columns: ['date', 'open', 'high', 'low', 'close', 'volume']
Target we're looking for: 'OT'
Target type: <class 'str'>
==================================================
Overriding target from 'OT' to 'close' for stock data
val 259
==================================================
DEBUG INFO:
Dataset columns: ['date', 'open', 'high', 'low', 'close', 'volume']
Target we're looking for: 'OT'
Target type: <class 'str'>
==================================================
Overriding target from 'OT' to 'close' for stock data
test 520
Validation loss decreased (inf --> 0.020197).  Saving model ...
Updating learning rate to 0.0001
Validation loss decreased (0.020197 --> 0.019177).  Saving model ...
Updating learning rate to 5e-05
Validation loss decreased (0.019177 --> 0.018613).  Saving model ...
Updating learning rate to 2.5e-05
Validation loss decreased (0.018613 --> 0.017747).  Saving model ...
Updating learning rate to 1.25e-05
EarlyStopping counter: 1 out of 50
Updating learning rate to 6.25e-06
EarlyStopping counter: 2 out of 50
Updating learning rate to 3.125e-06
EarlyStopping counter: 3 out of 50
Updating learning rate to 1.5625e-06
Validation loss decreased (0.017747 --> 0.017468).  Saving model ...
Updating learning rate to 7.8125e-07
EarlyStopping counter: 1 out of 50
Updating learning rate to 3.90625e-07
EarlyStopping counter: 2 out of 50
Updating learning rate to 1.953125e-07
EarlyStopping counter: 3 out of 50
Updating learning rate to 9.765625e-08
Validation loss decreased (0.017468 --> 0.017288).  Saving model ...
Updating learning rate to 4.8828125e-08
EarlyStopping counter: 1 out of 50
Updating learning rate to 2.44140625e-08
EarlyStopping counter: 2 out of 50
Updating learning rate to 1.220703125e-08
EarlyStopping counter: 3 out of 50
Updating learning rate to 6.103515625e-09
EarlyStopping counter: 4 out of 50
Updating learning rate to 3.0517578125e-09
EarlyStopping counter: 5 out of 50
Updating learning rate to 1.52587890625e-09
EarlyStopping counter: 6 out of 50
Updating learning rate to 7.62939453125e-10
EarlyStopping counter: 7 out of 50
Updating learning rate to 3.814697265625e-10
EarlyStopping counter: 8 out of 50
Updating learning rate to 1.9073486328125e-10
EarlyStopping counter: 9 out of 50
Updating learning rate to 9.5367431640625e-11
EarlyStopping counter: 10 out of 50
Updating learning rate to 4.76837158203125e-11
EarlyStopping counter: 11 out of 50
Updating learning rate to 2.384185791015625e-11
EarlyStopping counter: 12 out of 50
Updating learning rate to 1.1920928955078126e-11
EarlyStopping counter: 13 out of 50
Updating learning rate to 5.960464477539063e-12
EarlyStopping counter: 14 out of 50
Updating learning rate to 2.9802322387695314e-12
EarlyStopping counter: 15 out of 50
Updating learning rate to 1.4901161193847657e-12
EarlyStopping counter: 16 out of 50
Updating learning rate to 7.450580596923828e-13
Validation loss decreased (0.017288 --> 0.017174).  Saving model ...
Updating learning rate to 3.725290298461914e-13
EarlyStopping counter: 1 out of 50
Updating learning rate to 1.862645149230957e-13
EarlyStopping counter: 2 out of 50
Updating learning rate to 9.313225746154786e-14
EarlyStopping counter: 3 out of 50
Updating learning rate to 4.656612873077393e-14
EarlyStopping counter: 4 out of 50
Updating learning rate to 2.3283064365386964e-14
EarlyStopping counter: 5 out of 50
Updating learning rate to 1.1641532182693482e-14
EarlyStopping counter: 6 out of 50
Updating learning rate to 5.820766091346741e-15
EarlyStopping counter: 7 out of 50
Updating learning rate to 2.9103830456733705e-15
EarlyStopping counter: 8 out of 50
Updating learning rate to 1.4551915228366853e-15
Validation loss decreased (0.017174 --> 0.017042).  Saving model ...
Updating learning rate to 7.275957614183426e-16
EarlyStopping counter: 1 out of 50
Updating learning rate to 3.637978807091713e-16
EarlyStopping counter: 2 out of 50
Updating learning rate to 1.8189894035458566e-16
EarlyStopping counter: 3 out of 50
Updating learning rate to 9.094947017729283e-17
EarlyStopping counter: 4 out of 50
Updating learning rate to 4.5474735088646414e-17
EarlyStopping counter: 5 out of 50
Updating learning rate to 2.2737367544323207e-17
EarlyStopping counter: 6 out of 50
Updating learning rate to 1.1368683772161604e-17
EarlyStopping counter: 7 out of 50
Updating learning rate to 5.684341886080802e-18
EarlyStopping counter: 8 out of 50
Updating learning rate to 2.842170943040401e-18
EarlyStopping counter: 9 out of 50
Updating learning rate to 1.4210854715202004e-18
EarlyStopping counter: 10 out of 50
Updating learning rate to 7.105427357601002e-19
EarlyStopping counter: 11 out of 50
Updating learning rate to 3.552713678800501e-19
EarlyStopping counter: 12 out of 50
Updating learning rate to 1.7763568394002505e-19
>>>>>>>testing : long_term_forecast_Exchange_1_Mamba_custom_ftM_sl96_ll48_pl1_dm128_nh8_el2_dl1_df16_expand2_dc4_fc1_ebtimeF_dtTrue_Exp_0<<<<<<<<<<<<<<<<<<<<<<<<<<<<<<<<<
==================================================
DEBUG INFO:
Dataset columns: ['date', 'open', 'high', 'low', 'close', 'volume']
Target we're looking for: 'OT'
Target type: <class 'str'>
==================================================
Overriding target from 'OT' to 'close' for stock data
test 520
test shape: (520, 1, 5) (520, 1, 5)
test shape: (520, 1, 5) (520, 1, 5)


	mse:0.03844309598207474, mae:0.0714784562587738, dtw:Not calculated


Using GPU
Args in experiment:
[1mBasic Config[0m
  Task Name:          long_term_forecast  Is Training:        1                   
  Model ID:           Exchange_3          Model:              Mamba               

[1mData Loader[0m
  Data:               custom              Root Path:          ./dataset/exchange_rate/
  Data Path:          exchange_rate.csv   Features:           M                   
  Target:             OT                  Freq:               h                   
  Checkpoints:        ./checkpoints/      

[1mForecasting Task[0m
  Seq Len:            96                  Label Len:          48                  
  Pred Len:           3                   Seasonal Patterns:  Monthly             
  Inverse:            0                   

[1mModel Parameters[0m
  Top k:              5                   Num Kernels:        6                   
  Enc In:             5                   Dec In:             5                   
  C Out:              5                   d model:            128                 
  n heads:            8                   e layers:           2                   
  d layers:           1                   d FF:               16                  
  Moving Avg:         25                  Factor:             1                   
  Distil:             1                   Dropout:            0.1                 
  Embed:              timeF               Activation:         gelu                

[1mRun Parameters[0m
  Num Workers:        10                  Itr:                1                   
  Train Epochs:       50                  Batch Size:         32                  
  Patience:           50                  Learning Rate:      0.0001              
  Des:                Exp                 Loss:               MSE                 
  Lradj:              type1               Use Amp:            0                   

[1mGPU[0m
  Use GPU:            1                   GPU:                0                   
  Use Multi GPU:      0                   Devices:            0,1,2,3             

[1mDe-stationary Projector Params[0m
  P Hidden Dims:      128, 128            P Hidden Layers:    2                   

Please make sure you have successfully installed mamba_ssm
Use GPU: cuda:0
>>>>>>>start training : long_term_forecast_Exchange_3_Mamba_custom_ftM_sl96_ll48_pl3_dm128_nh8_el2_dl1_df16_expand2_dc4_fc1_ebtimeF_dtTrue_Exp_0>>>>>>>>>>>>>>>>>>>>>>>>>>
==================================================
DEBUG INFO:
Dataset columns: ['date', 'open', 'high', 'low', 'close', 'volume']
Target we're looking for: 'OT'
Target type: <class 'str'>
==================================================
Overriding target from 'OT' to 'close' for stock data
============================================================
DATASET SPLIT INFO (85/5/10):
============================================================
Total samples: 5193
Train: 4414 samples (85%) - rows 0 to 4413
Val: 259 samples (5%) - rows 4414 to 4672
Test: 520 samples (10%) - rows 4673 to 5192
Sequence length: 96, Prediction length: 3
============================================================
train 4316
==================================================
DEBUG INFO:
Dataset columns: ['date', 'open', 'high', 'low', 'close', 'volume']
Target we're looking for: 'OT'
Target type: <class 'str'>
==================================================
Overriding target from 'OT' to 'close' for stock data
val 257
==================================================
DEBUG INFO:
Dataset columns: ['date', 'open', 'high', 'low', 'close', 'volume']
Target we're looking for: 'OT'
Target type: <class 'str'>
==================================================
Overriding target from 'OT' to 'close' for stock data
test 518
Validation loss decreased (inf --> 0.022878).  Saving model ...
Updating learning rate to 0.0001
EarlyStopping counter: 1 out of 50
Updating learning rate to 5e-05
Validation loss decreased (0.022878 --> 0.021982).  Saving model ...
Updating learning rate to 2.5e-05
EarlyStopping counter: 1 out of 50
Updating learning rate to 1.25e-05
EarlyStopping counter: 2 out of 50
Updating learning rate to 6.25e-06
EarlyStopping counter: 3 out of 50
Updating learning rate to 3.125e-06
Validation loss decreased (0.021982 --> 0.021523).  Saving model ...
Updating learning rate to 1.5625e-06
Validation loss decreased (0.021523 --> 0.020663).  Saving model ...
Updating learning rate to 7.8125e-07
EarlyStopping counter: 1 out of 50
Updating learning rate to 3.90625e-07
EarlyStopping counter: 2 out of 50
Updating learning rate to 1.953125e-07
EarlyStopping counter: 3 out of 50
Updating learning rate to 9.765625e-08
EarlyStopping counter: 4 out of 50
Updating learning rate to 4.8828125e-08
EarlyStopping counter: 5 out of 50
Updating learning rate to 2.44140625e-08
EarlyStopping counter: 6 out of 50
Updating learning rate to 1.220703125e-08
EarlyStopping counter: 7 out of 50
Updating learning rate to 6.103515625e-09
EarlyStopping counter: 8 out of 50
Updating learning rate to 3.0517578125e-09
EarlyStopping counter: 9 out of 50
Updating learning rate to 1.52587890625e-09
EarlyStopping counter: 10 out of 50
Updating learning rate to 7.62939453125e-10
EarlyStopping counter: 11 out of 50
Updating learning rate to 3.814697265625e-10
EarlyStopping counter: 12 out of 50
Updating learning rate to 1.9073486328125e-10
EarlyStopping counter: 13 out of 50
Updating learning rate to 9.5367431640625e-11
EarlyStopping counter: 14 out of 50
Updating learning rate to 4.76837158203125e-11
EarlyStopping counter: 15 out of 50
Updating learning rate to 2.384185791015625e-11
EarlyStopping counter: 16 out of 50
Updating learning rate to 1.1920928955078126e-11
EarlyStopping counter: 17 out of 50
Updating learning rate to 5.960464477539063e-12
EarlyStopping counter: 18 out of 50
Updating learning rate to 2.9802322387695314e-12
EarlyStopping counter: 19 out of 50
Updating learning rate to 1.4901161193847657e-12
EarlyStopping counter: 20 out of 50
Updating learning rate to 7.450580596923828e-13
EarlyStopping counter: 21 out of 50
Updating learning rate to 3.725290298461914e-13
Validation loss decreased (0.020663 --> 0.020651).  Saving model ...
Updating learning rate to 1.862645149230957e-13
EarlyStopping counter: 1 out of 50
Updating learning rate to 9.313225746154786e-14
EarlyStopping counter: 2 out of 50
Updating learning rate to 4.656612873077393e-14
EarlyStopping counter: 3 out of 50
Updating learning rate to 2.3283064365386964e-14
EarlyStopping counter: 4 out of 50
Updating learning rate to 1.1641532182693482e-14
EarlyStopping counter: 5 out of 50
Updating learning rate to 5.820766091346741e-15
Validation loss decreased (0.020651 --> 0.020466).  Saving model ...
Updating learning rate to 2.9103830456733705e-15
EarlyStopping counter: 1 out of 50
Updating learning rate to 1.4551915228366853e-15
EarlyStopping counter: 2 out of 50
Updating learning rate to 7.275957614183426e-16
EarlyStopping counter: 3 out of 50
Updating learning rate to 3.637978807091713e-16
EarlyStopping counter: 4 out of 50
Updating learning rate to 1.8189894035458566e-16
EarlyStopping counter: 5 out of 50
Updating learning rate to 9.094947017729283e-17
EarlyStopping counter: 6 out of 50
Updating learning rate to 4.5474735088646414e-17
EarlyStopping counter: 7 out of 50
Updating learning rate to 2.2737367544323207e-17
EarlyStopping counter: 8 out of 50
Updating learning rate to 1.1368683772161604e-17
EarlyStopping counter: 9 out of 50
Updating learning rate to 5.684341886080802e-18
EarlyStopping counter: 10 out of 50
Updating learning rate to 2.842170943040401e-18
EarlyStopping counter: 11 out of 50
Updating learning rate to 1.4210854715202004e-18
EarlyStopping counter: 12 out of 50
Updating learning rate to 7.105427357601002e-19
EarlyStopping counter: 13 out of 50
Updating learning rate to 3.552713678800501e-19
EarlyStopping counter: 14 out of 50
Updating learning rate to 1.7763568394002505e-19
>>>>>>>testing : long_term_forecast_Exchange_3_Mamba_custom_ftM_sl96_ll48_pl3_dm128_nh8_el2_dl1_df16_expand2_dc4_fc1_ebtimeF_dtTrue_Exp_0<<<<<<<<<<<<<<<<<<<<<<<<<<<<<<<<<
==================================================
DEBUG INFO:
Dataset columns: ['date', 'open', 'high', 'low', 'close', 'volume']
Target we're looking for: 'OT'
Target type: <class 'str'>
==================================================
Overriding target from 'OT' to 'close' for stock data
test 518
test shape: (518, 3, 5) (518, 3, 5)
test shape: (518, 3, 5) (518, 3, 5)


	mse:0.048718348145484924, mae:0.08347431570291519, dtw:Not calculated


Using GPU
Args in experiment:
[1mBasic Config[0m
  Task Name:          long_term_forecast  Is Training:        1                   
  Model ID:           Exchange_7          Model:              Mamba               

[1mData Loader[0m
  Data:               custom              Root Path:          ./dataset/exchange_rate/
  Data Path:          exchange_rate.csv   Features:           M                   
  Target:             OT                  Freq:               h                   
  Checkpoints:        ./checkpoints/      

[1mForecasting Task[0m
  Seq Len:            96                  Label Len:          48                  
  Pred Len:           7                   Seasonal Patterns:  Monthly             
  Inverse:            0                   

[1mModel Parameters[0m
  Top k:              5                   Num Kernels:        6                   
  Enc In:             5                   Dec In:             5                   
  C Out:              5                   d model:            128                 
  n heads:            8                   e layers:           2                   
  d layers:           1                   d FF:               16                  
  Moving Avg:         25                  Factor:             1                   
  Distil:             1                   Dropout:            0.1                 
  Embed:              timeF               Activation:         gelu                

[1mRun Parameters[0m
  Num Workers:        10                  Itr:                1                   
  Train Epochs:       50                  Batch Size:         32                  
  Patience:           50                  Learning Rate:      0.0001              
  Des:                Exp                 Loss:               MSE                 
  Lradj:              type1               Use Amp:            0                   

[1mGPU[0m
  Use GPU:            1                   GPU:                0                   
  Use Multi GPU:      0                   Devices:            0,1,2,3             

[1mDe-stationary Projector Params[0m
  P Hidden Dims:      128, 128            P Hidden Layers:    2                   

Please make sure you have successfully installed mamba_ssm
Use GPU: cuda:0
>>>>>>>start training : long_term_forecast_Exchange_7_Mamba_custom_ftM_sl96_ll48_pl7_dm128_nh8_el2_dl1_df16_expand2_dc4_fc1_ebtimeF_dtTrue_Exp_0>>>>>>>>>>>>>>>>>>>>>>>>>>
==================================================
DEBUG INFO:
Dataset columns: ['date', 'open', 'high', 'low', 'close', 'volume']
Target we're looking for: 'OT'
Target type: <class 'str'>
==================================================
Overriding target from 'OT' to 'close' for stock data
============================================================
DATASET SPLIT INFO (85/5/10):
============================================================
Total samples: 5193
Train: 4414 samples (85%) - rows 0 to 4413
Val: 259 samples (5%) - rows 4414 to 4672
Test: 520 samples (10%) - rows 4673 to 5192
Sequence length: 96, Prediction length: 7
============================================================
train 4312
==================================================
DEBUG INFO:
Dataset columns: ['date', 'open', 'high', 'low', 'close', 'volume']
Target we're looking for: 'OT'
Target type: <class 'str'>
==================================================
Overriding target from 'OT' to 'close' for stock data
val 253
==================================================
DEBUG INFO:
Dataset columns: ['date', 'open', 'high', 'low', 'close', 'volume']
Target we're looking for: 'OT'
Target type: <class 'str'>
==================================================
Overriding target from 'OT' to 'close' for stock data
test 514
Validation loss decreased (inf --> 0.026353).  Saving model ...
Updating learning rate to 0.0001
Validation loss decreased (0.026353 --> 0.025690).  Saving model ...
Updating learning rate to 5e-05
EarlyStopping counter: 1 out of 50
Updating learning rate to 2.5e-05
EarlyStopping counter: 2 out of 50
Updating learning rate to 1.25e-05
Validation loss decreased (0.025690 --> 0.025658).  Saving model ...
Updating learning rate to 6.25e-06
EarlyStopping counter: 1 out of 50
Updating learning rate to 3.125e-06
EarlyStopping counter: 2 out of 50
Updating learning rate to 1.5625e-06
EarlyStopping counter: 3 out of 50
Updating learning rate to 7.8125e-07
EarlyStopping counter: 4 out of 50
Updating learning rate to 3.90625e-07
EarlyStopping counter: 5 out of 50
Updating learning rate to 1.953125e-07
EarlyStopping counter: 6 out of 50
Updating learning rate to 9.765625e-08
EarlyStopping counter: 7 out of 50
Updating learning rate to 4.8828125e-08
EarlyStopping counter: 8 out of 50
Updating learning rate to 2.44140625e-08
EarlyStopping counter: 9 out of 50
Updating learning rate to 1.220703125e-08
EarlyStopping counter: 10 out of 50
Updating learning rate to 6.103515625e-09
EarlyStopping counter: 11 out of 50
Updating learning rate to 3.0517578125e-09
EarlyStopping counter: 12 out of 50
Updating learning rate to 1.52587890625e-09
EarlyStopping counter: 13 out of 50
Updating learning rate to 7.62939453125e-10
EarlyStopping counter: 14 out of 50
Updating learning rate to 3.814697265625e-10
EarlyStopping counter: 15 out of 50
Updating learning rate to 1.9073486328125e-10
EarlyStopping counter: 16 out of 50
Updating learning rate to 9.5367431640625e-11
EarlyStopping counter: 17 out of 50
Updating learning rate to 4.76837158203125e-11
EarlyStopping counter: 18 out of 50
Updating learning rate to 2.384185791015625e-11
EarlyStopping counter: 19 out of 50
Updating learning rate to 1.1920928955078126e-11
EarlyStopping counter: 20 out of 50
Updating learning rate to 5.960464477539063e-12
EarlyStopping counter: 21 out of 50
Updating learning rate to 2.9802322387695314e-12
EarlyStopping counter: 22 out of 50
Updating learning rate to 1.4901161193847657e-12
EarlyStopping counter: 23 out of 50
Updating learning rate to 7.450580596923828e-13
EarlyStopping counter: 24 out of 50
Updating learning rate to 3.725290298461914e-13
EarlyStopping counter: 25 out of 50
Updating learning rate to 1.862645149230957e-13
EarlyStopping counter: 26 out of 50
Updating learning rate to 9.313225746154786e-14
EarlyStopping counter: 27 out of 50
Updating learning rate to 4.656612873077393e-14
EarlyStopping counter: 28 out of 50
Updating learning rate to 2.3283064365386964e-14
EarlyStopping counter: 29 out of 50
Updating learning rate to 1.1641532182693482e-14
EarlyStopping counter: 30 out of 50
Updating learning rate to 5.820766091346741e-15
EarlyStopping counter: 31 out of 50
Updating learning rate to 2.9103830456733705e-15
EarlyStopping counter: 32 out of 50
Updating learning rate to 1.4551915228366853e-15
EarlyStopping counter: 33 out of 50
Updating learning rate to 7.275957614183426e-16
EarlyStopping counter: 34 out of 50
Updating learning rate to 3.637978807091713e-16
EarlyStopping counter: 35 out of 50
Updating learning rate to 1.8189894035458566e-16
EarlyStopping counter: 36 out of 50
Updating learning rate to 9.094947017729283e-17
EarlyStopping counter: 37 out of 50
Updating learning rate to 4.5474735088646414e-17
EarlyStopping counter: 38 out of 50
Updating learning rate to 2.2737367544323207e-17
EarlyStopping counter: 39 out of 50
Updating learning rate to 1.1368683772161604e-17
EarlyStopping counter: 40 out of 50
Updating learning rate to 5.684341886080802e-18
EarlyStopping counter: 41 out of 50
Updating learning rate to 2.842170943040401e-18
EarlyStopping counter: 42 out of 50
Updating learning rate to 1.4210854715202004e-18
EarlyStopping counter: 43 out of 50
Updating learning rate to 7.105427357601002e-19
EarlyStopping counter: 44 out of 50
Updating learning rate to 3.552713678800501e-19
EarlyStopping counter: 45 out of 50
Updating learning rate to 1.7763568394002505e-19
>>>>>>>testing : long_term_forecast_Exchange_7_Mamba_custom_ftM_sl96_ll48_pl7_dm128_nh8_el2_dl1_df16_expand2_dc4_fc1_ebtimeF_dtTrue_Exp_0<<<<<<<<<<<<<<<<<<<<<<<<<<<<<<<<<
==================================================
DEBUG INFO:
Dataset columns: ['date', 'open', 'high', 'low', 'close', 'volume']
Target we're looking for: 'OT'
Target type: <class 'str'>
==================================================
Overriding target from 'OT' to 'close' for stock data
test 514
test shape: (514, 7, 5) (514, 7, 5)
test shape: (514, 7, 5) (514, 7, 5)


	mse:0.05458507686853409, mae:0.09504150599241257, dtw:Not calculated


Using GPU
Args in experiment:
[1mBasic Config[0m
  Task Name:          long_term_forecast  Is Training:        1                   
  Model ID:           Exchange_14         Model:              Mamba               

[1mData Loader[0m
  Data:               custom              Root Path:          ./dataset/exchange_rate/
  Data Path:          exchange_rate.csv   Features:           M                   
  Target:             OT                  Freq:               h                   
  Checkpoints:        ./checkpoints/      

[1mForecasting Task[0m
  Seq Len:            96                  Label Len:          48                  
  Pred Len:           14                  Seasonal Patterns:  Monthly             
  Inverse:            0                   

[1mModel Parameters[0m
  Top k:              5                   Num Kernels:        6                   
  Enc In:             5                   Dec In:             5                   
  C Out:              5                   d model:            128                 
  n heads:            8                   e layers:           2                   
  d layers:           1                   d FF:               16                  
  Moving Avg:         25                  Factor:             1                   
  Distil:             1                   Dropout:            0.1                 
  Embed:              timeF               Activation:         gelu                

[1mRun Parameters[0m
  Num Workers:        10                  Itr:                1                   
  Train Epochs:       50                  Batch Size:         32                  
  Patience:           50                  Learning Rate:      0.0001              
  Des:                Exp                 Loss:               MSE                 
  Lradj:              type1               Use Amp:            0                   

[1mGPU[0m
  Use GPU:            1                   GPU:                0                   
  Use Multi GPU:      0                   Devices:            0,1,2,3             

[1mDe-stationary Projector Params[0m
  P Hidden Dims:      128, 128            P Hidden Layers:    2                   

Please make sure you have successfully installed mamba_ssm
Use GPU: cuda:0
>>>>>>>start training : long_term_forecast_Exchange_14_Mamba_custom_ftM_sl96_ll48_pl14_dm128_nh8_el2_dl1_df16_expand2_dc4_fc1_ebtimeF_dtTrue_Exp_0>>>>>>>>>>>>>>>>>>>>>>>>>>
==================================================
DEBUG INFO:
Dataset columns: ['date', 'open', 'high', 'low', 'close', 'volume']
Target we're looking for: 'OT'
Target type: <class 'str'>
==================================================
Overriding target from 'OT' to 'close' for stock data
============================================================
DATASET SPLIT INFO (85/5/10):
============================================================
Total samples: 5193
Train: 4414 samples (85%) - rows 0 to 4413
Val: 259 samples (5%) - rows 4414 to 4672
Test: 520 samples (10%) - rows 4673 to 5192
Sequence length: 96, Prediction length: 14
============================================================
train 4305
==================================================
DEBUG INFO:
Dataset columns: ['date', 'open', 'high', 'low', 'close', 'volume']
Target we're looking for: 'OT'
Target type: <class 'str'>
==================================================
Overriding target from 'OT' to 'close' for stock data
val 246
==================================================
DEBUG INFO:
Dataset columns: ['date', 'open', 'high', 'low', 'close', 'volume']
Target we're looking for: 'OT'
Target type: <class 'str'>
==================================================
Overriding target from 'OT' to 'close' for stock data
test 507
Validation loss decreased (inf --> 0.031262).  Saving model ...
Updating learning rate to 0.0001
Validation loss decreased (0.031262 --> 0.030927).  Saving model ...
Updating learning rate to 5e-05
Validation loss decreased (0.030927 --> 0.030858).  Saving model ...
Updating learning rate to 2.5e-05
Validation loss decreased (0.030858 --> 0.030425).  Saving model ...
Updating learning rate to 1.25e-05
Validation loss decreased (0.030425 --> 0.030299).  Saving model ...
Updating learning rate to 6.25e-06
EarlyStopping counter: 1 out of 50
Updating learning rate to 3.125e-06
EarlyStopping counter: 2 out of 50
Updating learning rate to 1.5625e-06
EarlyStopping counter: 3 out of 50
Updating learning rate to 7.8125e-07
EarlyStopping counter: 4 out of 50
Updating learning rate to 3.90625e-07
EarlyStopping counter: 5 out of 50
Updating learning rate to 1.953125e-07
EarlyStopping counter: 6 out of 50
Updating learning rate to 9.765625e-08
EarlyStopping counter: 7 out of 50
Updating learning rate to 4.8828125e-08
EarlyStopping counter: 8 out of 50
Updating learning rate to 2.44140625e-08
EarlyStopping counter: 9 out of 50
Updating learning rate to 1.220703125e-08
EarlyStopping counter: 10 out of 50
Updating learning rate to 6.103515625e-09
EarlyStopping counter: 11 out of 50
Updating learning rate to 3.0517578125e-09
EarlyStopping counter: 12 out of 50
Updating learning rate to 1.52587890625e-09
EarlyStopping counter: 13 out of 50
Updating learning rate to 7.62939453125e-10
EarlyStopping counter: 14 out of 50
Updating learning rate to 3.814697265625e-10
Validation loss decreased (0.030299 --> 0.030204).  Saving model ...
Updating learning rate to 1.9073486328125e-10
EarlyStopping counter: 1 out of 50
Updating learning rate to 9.5367431640625e-11
EarlyStopping counter: 2 out of 50
Updating learning rate to 4.76837158203125e-11
EarlyStopping counter: 3 out of 50
Updating learning rate to 2.384185791015625e-11
EarlyStopping counter: 4 out of 50
Updating learning rate to 1.1920928955078126e-11
EarlyStopping counter: 5 out of 50
Updating learning rate to 5.960464477539063e-12
EarlyStopping counter: 6 out of 50
Updating learning rate to 2.9802322387695314e-12
EarlyStopping counter: 7 out of 50
Updating learning rate to 1.4901161193847657e-12
EarlyStopping counter: 8 out of 50
Updating learning rate to 7.450580596923828e-13
EarlyStopping counter: 9 out of 50
Updating learning rate to 3.725290298461914e-13
EarlyStopping counter: 10 out of 50
Updating learning rate to 1.862645149230957e-13
EarlyStopping counter: 11 out of 50
Updating learning rate to 9.313225746154786e-14
EarlyStopping counter: 12 out of 50
Updating learning rate to 4.656612873077393e-14
EarlyStopping counter: 13 out of 50
Updating learning rate to 2.3283064365386964e-14
EarlyStopping counter: 14 out of 50
Updating learning rate to 1.1641532182693482e-14
EarlyStopping counter: 15 out of 50
Updating learning rate to 5.820766091346741e-15
EarlyStopping counter: 16 out of 50
Updating learning rate to 2.9103830456733705e-15
EarlyStopping counter: 17 out of 50
Updating learning rate to 1.4551915228366853e-15
EarlyStopping counter: 18 out of 50
Updating learning rate to 7.275957614183426e-16
EarlyStopping counter: 19 out of 50
Updating learning rate to 3.637978807091713e-16
EarlyStopping counter: 20 out of 50
Updating learning rate to 1.8189894035458566e-16
EarlyStopping counter: 21 out of 50
Updating learning rate to 9.094947017729283e-17
EarlyStopping counter: 22 out of 50
Updating learning rate to 4.5474735088646414e-17
EarlyStopping counter: 23 out of 50
Updating learning rate to 2.2737367544323207e-17
EarlyStopping counter: 24 out of 50
Updating learning rate to 1.1368683772161604e-17
EarlyStopping counter: 25 out of 50
Updating learning rate to 5.684341886080802e-18
EarlyStopping counter: 26 out of 50
Updating learning rate to 2.842170943040401e-18
EarlyStopping counter: 27 out of 50
Updating learning rate to 1.4210854715202004e-18
EarlyStopping counter: 28 out of 50
Updating learning rate to 7.105427357601002e-19
EarlyStopping counter: 29 out of 50
Updating learning rate to 3.552713678800501e-19
EarlyStopping counter: 30 out of 50
Updating learning rate to 1.7763568394002505e-19
>>>>>>>testing : long_term_forecast_Exchange_14_Mamba_custom_ftM_sl96_ll48_pl14_dm128_nh8_el2_dl1_df16_expand2_dc4_fc1_ebtimeF_dtTrue_Exp_0<<<<<<<<<<<<<<<<<<<<<<<<<<<<<<<<<
==================================================
DEBUG INFO:
Dataset columns: ['date', 'open', 'high', 'low', 'close', 'volume']
Target we're looking for: 'OT'
Target type: <class 'str'>
==================================================
Overriding target from 'OT' to 'close' for stock data
test 507
test shape: (507, 14, 5) (507, 14, 5)
test shape: (507, 14, 5) (507, 14, 5)


	mse:0.05822305381298065, mae:0.1034788265824318, dtw:Not calculated


Using GPU
Args in experiment:
[1mBasic Config[0m
  Task Name:          long_term_forecast  Is Training:        1                   
  Model ID:           Exchange_30         Model:              Mamba               

[1mData Loader[0m
  Data:               custom              Root Path:          ./dataset/exchange_rate/
  Data Path:          exchange_rate.csv   Features:           M                   
  Target:             OT                  Freq:               h                   
  Checkpoints:        ./checkpoints/      

[1mForecasting Task[0m
  Seq Len:            96                  Label Len:          48                  
  Pred Len:           30                  Seasonal Patterns:  Monthly             
  Inverse:            0                   

[1mModel Parameters[0m
  Top k:              5                   Num Kernels:        6                   
  Enc In:             5                   Dec In:             5                   
  C Out:              5                   d model:            128                 
  n heads:            8                   e layers:           2                   
  d layers:           1                   d FF:               16                  
  Moving Avg:         25                  Factor:             1                   
  Distil:             1                   Dropout:            0.1                 
  Embed:              timeF               Activation:         gelu                

[1mRun Parameters[0m
  Num Workers:        10                  Itr:                1                   
  Train Epochs:       50                  Batch Size:         32                  
  Patience:           50                  Learning Rate:      0.0001              
  Des:                Exp                 Loss:               MSE                 
  Lradj:              type1               Use Amp:            0                   

[1mGPU[0m
  Use GPU:            1                   GPU:                0                   
  Use Multi GPU:      0                   Devices:            0,1,2,3             

[1mDe-stationary Projector Params[0m
  P Hidden Dims:      128, 128            P Hidden Layers:    2                   

Please make sure you have successfully installed mamba_ssm
Use GPU: cuda:0
>>>>>>>start training : long_term_forecast_Exchange_30_Mamba_custom_ftM_sl96_ll48_pl30_dm128_nh8_el2_dl1_df16_expand2_dc4_fc1_ebtimeF_dtTrue_Exp_0>>>>>>>>>>>>>>>>>>>>>>>>>>
==================================================
DEBUG INFO:
Dataset columns: ['date', 'open', 'high', 'low', 'close', 'volume']
Target we're looking for: 'OT'
Target type: <class 'str'>
==================================================
Overriding target from 'OT' to 'close' for stock data
============================================================
DATASET SPLIT INFO (85/5/10):
============================================================
Total samples: 5193
Train: 4414 samples (85%) - rows 0 to 4413
Val: 259 samples (5%) - rows 4414 to 4672
Test: 520 samples (10%) - rows 4673 to 5192
Sequence length: 96, Prediction length: 30
============================================================
train 4289
==================================================
DEBUG INFO:
Dataset columns: ['date', 'open', 'high', 'low', 'close', 'volume']
Target we're looking for: 'OT'
Target type: <class 'str'>
==================================================
Overriding target from 'OT' to 'close' for stock data
val 230
==================================================
DEBUG INFO:
Dataset columns: ['date', 'open', 'high', 'low', 'close', 'volume']
Target we're looking for: 'OT'
Target type: <class 'str'>
==================================================
Overriding target from 'OT' to 'close' for stock data
test 491
Validation loss decreased (inf --> 0.031816).  Saving model ...
Updating learning rate to 0.0001
Validation loss decreased (0.031816 --> 0.031148).  Saving model ...
Updating learning rate to 5e-05
Validation loss decreased (0.031148 --> 0.030989).  Saving model ...
Updating learning rate to 2.5e-05
Validation loss decreased (0.030989 --> 0.030898).  Saving model ...
Updating learning rate to 1.25e-05
Validation loss decreased (0.030898 --> 0.030728).  Saving model ...
Updating learning rate to 6.25e-06
Validation loss decreased (0.030728 --> 0.030530).  Saving model ...
Updating learning rate to 3.125e-06
EarlyStopping counter: 1 out of 50
Updating learning rate to 1.5625e-06
Validation loss decreased (0.030530 --> 0.030441).  Saving model ...
Updating learning rate to 7.8125e-07
EarlyStopping counter: 1 out of 50
Updating learning rate to 3.90625e-07
EarlyStopping counter: 2 out of 50
Updating learning rate to 1.953125e-07
EarlyStopping counter: 3 out of 50
Updating learning rate to 9.765625e-08
EarlyStopping counter: 4 out of 50
Updating learning rate to 4.8828125e-08
EarlyStopping counter: 5 out of 50
Updating learning rate to 2.44140625e-08
EarlyStopping counter: 6 out of 50
Updating learning rate to 1.220703125e-08
Validation loss decreased (0.030441 --> 0.030308).  Saving model ...
Updating learning rate to 6.103515625e-09
Validation loss decreased (0.030308 --> 0.030168).  Saving model ...
Updating learning rate to 3.0517578125e-09
EarlyStopping counter: 1 out of 50
Updating learning rate to 1.52587890625e-09
EarlyStopping counter: 2 out of 50
Updating learning rate to 7.62939453125e-10
EarlyStopping counter: 3 out of 50
Updating learning rate to 3.814697265625e-10
EarlyStopping counter: 4 out of 50
Updating learning rate to 1.9073486328125e-10
EarlyStopping counter: 5 out of 50
Updating learning rate to 9.5367431640625e-11
EarlyStopping counter: 6 out of 50
Updating learning rate to 4.76837158203125e-11
EarlyStopping counter: 7 out of 50
Updating learning rate to 2.384185791015625e-11
EarlyStopping counter: 8 out of 50
Updating learning rate to 1.1920928955078126e-11
EarlyStopping counter: 9 out of 50
Updating learning rate to 5.960464477539063e-12
EarlyStopping counter: 10 out of 50
Updating learning rate to 2.9802322387695314e-12
EarlyStopping counter: 11 out of 50
Updating learning rate to 1.4901161193847657e-12
EarlyStopping counter: 12 out of 50
Updating learning rate to 7.450580596923828e-13
EarlyStopping counter: 13 out of 50
Updating learning rate to 3.725290298461914e-13
Validation loss decreased (0.030168 --> 0.030094).  Saving model ...
Updating learning rate to 1.862645149230957e-13
EarlyStopping counter: 1 out of 50
Updating learning rate to 9.313225746154786e-14
EarlyStopping counter: 2 out of 50
Updating learning rate to 4.656612873077393e-14
EarlyStopping counter: 3 out of 50
Updating learning rate to 2.3283064365386964e-14
EarlyStopping counter: 4 out of 50
Updating learning rate to 1.1641532182693482e-14
EarlyStopping counter: 5 out of 50
Updating learning rate to 5.820766091346741e-15
EarlyStopping counter: 6 out of 50
Updating learning rate to 2.9103830456733705e-15
EarlyStopping counter: 7 out of 50
Updating learning rate to 1.4551915228366853e-15
EarlyStopping counter: 8 out of 50
Updating learning rate to 7.275957614183426e-16
EarlyStopping counter: 9 out of 50
Updating learning rate to 3.637978807091713e-16
EarlyStopping counter: 10 out of 50
Updating learning rate to 1.8189894035458566e-16
EarlyStopping counter: 11 out of 50
Updating learning rate to 9.094947017729283e-17
EarlyStopping counter: 12 out of 50
Updating learning rate to 4.5474735088646414e-17
EarlyStopping counter: 13 out of 50
Updating learning rate to 2.2737367544323207e-17
EarlyStopping counter: 14 out of 50
Updating learning rate to 1.1368683772161604e-17
EarlyStopping counter: 15 out of 50
Updating learning rate to 5.684341886080802e-18
EarlyStopping counter: 16 out of 50
Updating learning rate to 2.842170943040401e-18
EarlyStopping counter: 17 out of 50
Updating learning rate to 1.4210854715202004e-18
EarlyStopping counter: 18 out of 50
Updating learning rate to 7.105427357601002e-19
EarlyStopping counter: 19 out of 50
Updating learning rate to 3.552713678800501e-19
EarlyStopping counter: 20 out of 50
Updating learning rate to 1.7763568394002505e-19
>>>>>>>testing : long_term_forecast_Exchange_30_Mamba_custom_ftM_sl96_ll48_pl30_dm128_nh8_el2_dl1_df16_expand2_dc4_fc1_ebtimeF_dtTrue_Exp_0<<<<<<<<<<<<<<<<<<<<<<<<<<<<<<<<<
==================================================
DEBUG INFO:
Dataset columns: ['date', 'open', 'high', 'low', 'close', 'volume']
Target we're looking for: 'OT'
Target type: <class 'str'>
==================================================
Overriding target from 'OT' to 'close' for stock data
test 491
test shape: (491, 30, 5) (491, 30, 5)
test shape: (491, 30, 5) (491, 30, 5)


	mse:0.056904520839452744, mae:0.11115038394927979, dtw:Not calculated


Using GPU
Args in experiment:
[1mBasic Config[0m
  Task Name:          long_term_forecast  Is Training:        1                   
  Model ID:           Exchange_48         Model:              Mamba               

[1mData Loader[0m
  Data:               custom              Root Path:          ./dataset/exchange_rate/
  Data Path:          exchange_rate.csv   Features:           M                   
  Target:             OT                  Freq:               h                   
  Checkpoints:        ./checkpoints/      

[1mForecasting Task[0m
  Seq Len:            96                  Label Len:          48                  
  Pred Len:           48                  Seasonal Patterns:  Monthly             
  Inverse:            0                   

[1mModel Parameters[0m
  Top k:              5                   Num Kernels:        6                   
  Enc In:             5                   Dec In:             5                   
  C Out:              5                   d model:            128                 
  n heads:            8                   e layers:           2                   
  d layers:           1                   d FF:               16                  
  Moving Avg:         25                  Factor:             1                   
  Distil:             1                   Dropout:            0.1                 
  Embed:              timeF               Activation:         gelu                

[1mRun Parameters[0m
  Num Workers:        10                  Itr:                1                   
  Train Epochs:       50                  Batch Size:         32                  
  Patience:           50                  Learning Rate:      0.0001              
  Des:                Exp                 Loss:               MSE                 
  Lradj:              type1               Use Amp:            0                   

[1mGPU[0m
  Use GPU:            1                   GPU:                0                   
  Use Multi GPU:      0                   Devices:            0,1,2,3             

[1mDe-stationary Projector Params[0m
  P Hidden Dims:      128, 128            P Hidden Layers:    2                   

Please make sure you have successfully installed mamba_ssm
Use GPU: cuda:0
>>>>>>>start training : long_term_forecast_Exchange_48_Mamba_custom_ftM_sl96_ll48_pl48_dm128_nh8_el2_dl1_df16_expand2_dc4_fc1_ebtimeF_dtTrue_Exp_0>>>>>>>>>>>>>>>>>>>>>>>>>>
==================================================
DEBUG INFO:
Dataset columns: ['date', 'open', 'high', 'low', 'close', 'volume']
Target we're looking for: 'OT'
Target type: <class 'str'>
==================================================
Overriding target from 'OT' to 'close' for stock data
============================================================
DATASET SPLIT INFO (85/5/10):
============================================================
Total samples: 5193
Train: 4414 samples (85%) - rows 0 to 4413
Val: 259 samples (5%) - rows 4414 to 4672
Test: 520 samples (10%) - rows 4673 to 5192
Sequence length: 96, Prediction length: 48
============================================================
train 4271
==================================================
DEBUG INFO:
Dataset columns: ['date', 'open', 'high', 'low', 'close', 'volume']
Target we're looking for: 'OT'
Target type: <class 'str'>
==================================================
Overriding target from 'OT' to 'close' for stock data
val 212
==================================================
DEBUG INFO:
Dataset columns: ['date', 'open', 'high', 'low', 'close', 'volume']
Target we're looking for: 'OT'
Target type: <class 'str'>
==================================================
Overriding target from 'OT' to 'close' for stock data
test 473
Validation loss decreased (inf --> 0.037569).  Saving model ...
Updating learning rate to 0.0001
Validation loss decreased (0.037569 --> 0.036990).  Saving model ...
Updating learning rate to 5e-05
Validation loss decreased (0.036990 --> 0.036467).  Saving model ...
Updating learning rate to 2.5e-05
EarlyStopping counter: 1 out of 50
Updating learning rate to 1.25e-05
EarlyStopping counter: 2 out of 50
Updating learning rate to 6.25e-06
Validation loss decreased (0.036467 --> 0.036421).  Saving model ...
Updating learning rate to 3.125e-06
EarlyStopping counter: 1 out of 50
Updating learning rate to 1.5625e-06
Validation loss decreased (0.036421 --> 0.036345).  Saving model ...
Updating learning rate to 7.8125e-07
Validation loss decreased (0.036345 --> 0.036243).  Saving model ...
Updating learning rate to 3.90625e-07
Validation loss decreased (0.036243 --> 0.036173).  Saving model ...
Updating learning rate to 1.953125e-07
EarlyStopping counter: 1 out of 50
Updating learning rate to 9.765625e-08
EarlyStopping counter: 2 out of 50
Updating learning rate to 4.8828125e-08
EarlyStopping counter: 3 out of 50
Updating learning rate to 2.44140625e-08
EarlyStopping counter: 4 out of 50
Updating learning rate to 1.220703125e-08
EarlyStopping counter: 5 out of 50
Updating learning rate to 6.103515625e-09
EarlyStopping counter: 6 out of 50
Updating learning rate to 3.0517578125e-09
Validation loss decreased (0.036173 --> 0.036169).  Saving model ...
Updating learning rate to 1.52587890625e-09
EarlyStopping counter: 1 out of 50
Updating learning rate to 7.62939453125e-10
Validation loss decreased (0.036169 --> 0.036059).  Saving model ...
Updating learning rate to 3.814697265625e-10
EarlyStopping counter: 1 out of 50
Updating learning rate to 1.9073486328125e-10
EarlyStopping counter: 2 out of 50
Updating learning rate to 9.5367431640625e-11
EarlyStopping counter: 3 out of 50
Updating learning rate to 4.76837158203125e-11
EarlyStopping counter: 4 out of 50
Updating learning rate to 2.384185791015625e-11
EarlyStopping counter: 5 out of 50
Updating learning rate to 1.1920928955078126e-11
EarlyStopping counter: 6 out of 50
Updating learning rate to 5.960464477539063e-12
EarlyStopping counter: 7 out of 50
Updating learning rate to 2.9802322387695314e-12
EarlyStopping counter: 8 out of 50
Updating learning rate to 1.4901161193847657e-12
EarlyStopping counter: 9 out of 50
Updating learning rate to 7.450580596923828e-13
EarlyStopping counter: 10 out of 50
Updating learning rate to 3.725290298461914e-13
EarlyStopping counter: 11 out of 50
Updating learning rate to 1.862645149230957e-13
EarlyStopping counter: 12 out of 50
Updating learning rate to 9.313225746154786e-14
EarlyStopping counter: 13 out of 50
Updating learning rate to 4.656612873077393e-14
EarlyStopping counter: 14 out of 50
Updating learning rate to 2.3283064365386964e-14
EarlyStopping counter: 15 out of 50
Updating learning rate to 1.1641532182693482e-14
EarlyStopping counter: 16 out of 50
Updating learning rate to 5.820766091346741e-15
EarlyStopping counter: 17 out of 50
Updating learning rate to 2.9103830456733705e-15
EarlyStopping counter: 18 out of 50
Updating learning rate to 1.4551915228366853e-15
EarlyStopping counter: 19 out of 50
Updating learning rate to 7.275957614183426e-16
EarlyStopping counter: 20 out of 50
Updating learning rate to 3.637978807091713e-16
EarlyStopping counter: 21 out of 50
Updating learning rate to 1.8189894035458566e-16
EarlyStopping counter: 22 out of 50
Updating learning rate to 9.094947017729283e-17
EarlyStopping counter: 23 out of 50
Updating learning rate to 4.5474735088646414e-17
EarlyStopping counter: 24 out of 50
Updating learning rate to 2.2737367544323207e-17
EarlyStopping counter: 25 out of 50
Updating learning rate to 1.1368683772161604e-17
EarlyStopping counter: 26 out of 50
Updating learning rate to 5.684341886080802e-18
EarlyStopping counter: 27 out of 50
Updating learning rate to 2.842170943040401e-18
EarlyStopping counter: 28 out of 50
Updating learning rate to 1.4210854715202004e-18
EarlyStopping counter: 29 out of 50
Updating learning rate to 7.105427357601002e-19
EarlyStopping counter: 30 out of 50
Updating learning rate to 3.552713678800501e-19
EarlyStopping counter: 31 out of 50
Updating learning rate to 1.7763568394002505e-19
>>>>>>>testing : long_term_forecast_Exchange_48_Mamba_custom_ftM_sl96_ll48_pl48_dm128_nh8_el2_dl1_df16_expand2_dc4_fc1_ebtimeF_dtTrue_Exp_0<<<<<<<<<<<<<<<<<<<<<<<<<<<<<<<<<
==================================================
DEBUG INFO:
Dataset columns: ['date', 'open', 'high', 'low', 'close', 'volume']
Target we're looking for: 'OT'
Target type: <class 'str'>
==================================================
Overriding target from 'OT' to 'close' for stock data
test 473
test shape: (473, 48, 5) (473, 48, 5)
test shape: (473, 48, 5) (473, 48, 5)


	mse:0.06321541219949722, mae:0.12382005900144577, dtw:Not calculated


Using GPU
Args in experiment:
[1mBasic Config[0m
  Task Name:          long_term_forecast  Is Training:        1                   
  Model ID:           Exchange_60         Model:              Mamba               

[1mData Loader[0m
  Data:               custom              Root Path:          ./dataset/exchange_rate/
  Data Path:          exchange_rate.csv   Features:           M                   
  Target:             OT                  Freq:               h                   
  Checkpoints:        ./checkpoints/      

[1mForecasting Task[0m
  Seq Len:            96                  Label Len:          48                  
  Pred Len:           60                  Seasonal Patterns:  Monthly             
  Inverse:            0                   

[1mModel Parameters[0m
  Top k:              5                   Num Kernels:        6                   
  Enc In:             5                   Dec In:             5                   
  C Out:              5                   d model:            128                 
  n heads:            8                   e layers:           2                   
  d layers:           1                   d FF:               16                  
  Moving Avg:         25                  Factor:             1                   
  Distil:             1                   Dropout:            0.1                 
  Embed:              timeF               Activation:         gelu                

[1mRun Parameters[0m
  Num Workers:        10                  Itr:                1                   
  Train Epochs:       50                  Batch Size:         32                  
  Patience:           50                  Learning Rate:      0.0001              
  Des:                Exp                 Loss:               MSE                 
  Lradj:              type1               Use Amp:            0                   

[1mGPU[0m
  Use GPU:            1                   GPU:                0                   
  Use Multi GPU:      0                   Devices:            0,1,2,3             

[1mDe-stationary Projector Params[0m
  P Hidden Dims:      128, 128            P Hidden Layers:    2                   

Please make sure you have successfully installed mamba_ssm
Use GPU: cuda:0
>>>>>>>start training : long_term_forecast_Exchange_60_Mamba_custom_ftM_sl96_ll48_pl60_dm128_nh8_el2_dl1_df16_expand2_dc4_fc1_ebtimeF_dtTrue_Exp_0>>>>>>>>>>>>>>>>>>>>>>>>>>
==================================================
DEBUG INFO:
Dataset columns: ['date', 'open', 'high', 'low', 'close', 'volume']
Target we're looking for: 'OT'
Target type: <class 'str'>
==================================================
Overriding target from 'OT' to 'close' for stock data
============================================================
DATASET SPLIT INFO (85/5/10):
============================================================
Total samples: 5193
Train: 4414 samples (85%) - rows 0 to 4413
Val: 259 samples (5%) - rows 4414 to 4672
Test: 520 samples (10%) - rows 4673 to 5192
Sequence length: 96, Prediction length: 60
============================================================
train 4259
==================================================
DEBUG INFO:
Dataset columns: ['date', 'open', 'high', 'low', 'close', 'volume']
Target we're looking for: 'OT'
Target type: <class 'str'>
==================================================
Overriding target from 'OT' to 'close' for stock data
val 200
==================================================
DEBUG INFO:
Dataset columns: ['date', 'open', 'high', 'low', 'close', 'volume']
Target we're looking for: 'OT'
Target type: <class 'str'>
==================================================
Overriding target from 'OT' to 'close' for stock data
test 461
Validation loss decreased (inf --> 0.041858).  Saving model ...
Updating learning rate to 0.0001
Validation loss decreased (0.041858 --> 0.038775).  Saving model ...
Updating learning rate to 5e-05
Validation loss decreased (0.038775 --> 0.037731).  Saving model ...
Updating learning rate to 2.5e-05
EarlyStopping counter: 1 out of 50
Updating learning rate to 1.25e-05
Validation loss decreased (0.037731 --> 0.037243).  Saving model ...
Updating learning rate to 6.25e-06
EarlyStopping counter: 1 out of 50
Updating learning rate to 3.125e-06
EarlyStopping counter: 2 out of 50
Updating learning rate to 1.5625e-06
Validation loss decreased (0.037243 --> 0.036869).  Saving model ...
Updating learning rate to 7.8125e-07
EarlyStopping counter: 1 out of 50
Updating learning rate to 3.90625e-07
EarlyStopping counter: 2 out of 50
Updating learning rate to 1.953125e-07
EarlyStopping counter: 3 out of 50
Updating learning rate to 9.765625e-08
EarlyStopping counter: 4 out of 50
Updating learning rate to 4.8828125e-08
EarlyStopping counter: 5 out of 50
Updating learning rate to 2.44140625e-08
Validation loss decreased (0.036869 --> 0.036750).  Saving model ...
Updating learning rate to 1.220703125e-08
EarlyStopping counter: 1 out of 50
Updating learning rate to 6.103515625e-09
EarlyStopping counter: 2 out of 50
Updating learning rate to 3.0517578125e-09
EarlyStopping counter: 3 out of 50
Updating learning rate to 1.52587890625e-09
EarlyStopping counter: 4 out of 50
Updating learning rate to 7.62939453125e-10
EarlyStopping counter: 5 out of 50
Updating learning rate to 3.814697265625e-10
EarlyStopping counter: 6 out of 50
Updating learning rate to 1.9073486328125e-10
EarlyStopping counter: 7 out of 50
Updating learning rate to 9.5367431640625e-11
EarlyStopping counter: 8 out of 50
Updating learning rate to 4.76837158203125e-11
EarlyStopping counter: 9 out of 50
Updating learning rate to 2.384185791015625e-11
EarlyStopping counter: 10 out of 50
Updating learning rate to 1.1920928955078126e-11
EarlyStopping counter: 11 out of 50
Updating learning rate to 5.960464477539063e-12
EarlyStopping counter: 12 out of 50
Updating learning rate to 2.9802322387695314e-12
EarlyStopping counter: 13 out of 50
Updating learning rate to 1.4901161193847657e-12
Validation loss decreased (0.036750 --> 0.036549).  Saving model ...
Updating learning rate to 7.450580596923828e-13
EarlyStopping counter: 1 out of 50
Updating learning rate to 3.725290298461914e-13
EarlyStopping counter: 2 out of 50
Updating learning rate to 1.862645149230957e-13
EarlyStopping counter: 3 out of 50
Updating learning rate to 9.313225746154786e-14
EarlyStopping counter: 4 out of 50
Updating learning rate to 4.656612873077393e-14
EarlyStopping counter: 5 out of 50
Updating learning rate to 2.3283064365386964e-14
EarlyStopping counter: 6 out of 50
Updating learning rate to 1.1641532182693482e-14
EarlyStopping counter: 7 out of 50
Updating learning rate to 5.820766091346741e-15
EarlyStopping counter: 8 out of 50
Updating learning rate to 2.9103830456733705e-15
EarlyStopping counter: 9 out of 50
Updating learning rate to 1.4551915228366853e-15
EarlyStopping counter: 10 out of 50
Updating learning rate to 7.275957614183426e-16
EarlyStopping counter: 11 out of 50
Updating learning rate to 3.637978807091713e-16
EarlyStopping counter: 12 out of 50
Updating learning rate to 1.8189894035458566e-16
EarlyStopping counter: 13 out of 50
Updating learning rate to 9.094947017729283e-17
EarlyStopping counter: 14 out of 50
Updating learning rate to 4.5474735088646414e-17
EarlyStopping counter: 15 out of 50
Updating learning rate to 2.2737367544323207e-17
EarlyStopping counter: 16 out of 50
Updating learning rate to 1.1368683772161604e-17
EarlyStopping counter: 17 out of 50
Updating learning rate to 5.684341886080802e-18
EarlyStopping counter: 18 out of 50
Updating learning rate to 2.842170943040401e-18
EarlyStopping counter: 19 out of 50
Updating learning rate to 1.4210854715202004e-18
EarlyStopping counter: 20 out of 50
Updating learning rate to 7.105427357601002e-19
EarlyStopping counter: 21 out of 50
Updating learning rate to 3.552713678800501e-19
EarlyStopping counter: 22 out of 50
Updating learning rate to 1.7763568394002505e-19
>>>>>>>testing : long_term_forecast_Exchange_60_Mamba_custom_ftM_sl96_ll48_pl60_dm128_nh8_el2_dl1_df16_expand2_dc4_fc1_ebtimeF_dtTrue_Exp_0<<<<<<<<<<<<<<<<<<<<<<<<<<<<<<<<<
==================================================
DEBUG INFO:
Dataset columns: ['date', 'open', 'high', 'low', 'close', 'volume']
Target we're looking for: 'OT'
Target type: <class 'str'>
==================================================
Overriding target from 'OT' to 'close' for stock data
test 461
test shape: (461, 60, 5) (461, 60, 5)
test shape: (461, 60, 5) (461, 60, 5)


	mse:0.06399095803499222, mae:0.1255151927471161, dtw:Not calculated


Using GPU
Args in experiment:
[1mBasic Config[0m
  Task Name:          long_term_forecast  Is Training:        1                   
  Model ID:           Exchange_72         Model:              Mamba               

[1mData Loader[0m
  Data:               custom              Root Path:          ./dataset/exchange_rate/
  Data Path:          exchange_rate.csv   Features:           M                   
  Target:             OT                  Freq:               h                   
  Checkpoints:        ./checkpoints/      

[1mForecasting Task[0m
  Seq Len:            96                  Label Len:          48                  
  Pred Len:           72                  Seasonal Patterns:  Monthly             
  Inverse:            0                   

[1mModel Parameters[0m
  Top k:              5                   Num Kernels:        6                   
  Enc In:             5                   Dec In:             5                   
  C Out:              5                   d model:            128                 
  n heads:            8                   e layers:           2                   
  d layers:           1                   d FF:               16                  
  Moving Avg:         25                  Factor:             1                   
  Distil:             1                   Dropout:            0.1                 
  Embed:              timeF               Activation:         gelu                

[1mRun Parameters[0m
  Num Workers:        10                  Itr:                1                   
  Train Epochs:       50                  Batch Size:         32                  
  Patience:           50                  Learning Rate:      0.0001              
  Des:                Exp                 Loss:               MSE                 
  Lradj:              type1               Use Amp:            0                   

[1mGPU[0m
  Use GPU:            1                   GPU:                0                   
  Use Multi GPU:      0                   Devices:            0,1,2,3             

[1mDe-stationary Projector Params[0m
  P Hidden Dims:      128, 128            P Hidden Layers:    2                   

Please make sure you have successfully installed mamba_ssm
Use GPU: cuda:0
>>>>>>>start training : long_term_forecast_Exchange_72_Mamba_custom_ftM_sl96_ll48_pl72_dm128_nh8_el2_dl1_df16_expand2_dc4_fc1_ebtimeF_dtTrue_Exp_0>>>>>>>>>>>>>>>>>>>>>>>>>>
==================================================
DEBUG INFO:
Dataset columns: ['date', 'open', 'high', 'low', 'close', 'volume']
Target we're looking for: 'OT'
Target type: <class 'str'>
==================================================
Overriding target from 'OT' to 'close' for stock data
============================================================
DATASET SPLIT INFO (85/5/10):
============================================================
Total samples: 5193
Train: 4414 samples (85%) - rows 0 to 4413
Val: 259 samples (5%) - rows 4414 to 4672
Test: 520 samples (10%) - rows 4673 to 5192
Sequence length: 96, Prediction length: 72
============================================================
train 4247
==================================================
DEBUG INFO:
Dataset columns: ['date', 'open', 'high', 'low', 'close', 'volume']
Target we're looking for: 'OT'
Target type: <class 'str'>
==================================================
Overriding target from 'OT' to 'close' for stock data
val 188
==================================================
DEBUG INFO:
Dataset columns: ['date', 'open', 'high', 'low', 'close', 'volume']
Target we're looking for: 'OT'
Target type: <class 'str'>
==================================================
Overriding target from 'OT' to 'close' for stock data
test 449
Validation loss decreased (inf --> 0.040781).  Saving model ...
Updating learning rate to 0.0001
Validation loss decreased (0.040781 --> 0.038320).  Saving model ...
Updating learning rate to 5e-05
EarlyStopping counter: 1 out of 50
Updating learning rate to 2.5e-05
EarlyStopping counter: 2 out of 50
Updating learning rate to 1.25e-05
EarlyStopping counter: 3 out of 50
Updating learning rate to 6.25e-06
EarlyStopping counter: 4 out of 50
Updating learning rate to 3.125e-06
EarlyStopping counter: 5 out of 50
Updating learning rate to 1.5625e-06
EarlyStopping counter: 6 out of 50
Updating learning rate to 7.8125e-07
EarlyStopping counter: 7 out of 50
Updating learning rate to 3.90625e-07
EarlyStopping counter: 8 out of 50
Updating learning rate to 1.953125e-07
EarlyStopping counter: 9 out of 50
Updating learning rate to 9.765625e-08
EarlyStopping counter: 10 out of 50
Updating learning rate to 4.8828125e-08
EarlyStopping counter: 11 out of 50
Updating learning rate to 2.44140625e-08
EarlyStopping counter: 12 out of 50
Updating learning rate to 1.220703125e-08
EarlyStopping counter: 13 out of 50
Updating learning rate to 6.103515625e-09
EarlyStopping counter: 14 out of 50
Updating learning rate to 3.0517578125e-09
EarlyStopping counter: 15 out of 50
Updating learning rate to 1.52587890625e-09
EarlyStopping counter: 16 out of 50
Updating learning rate to 7.62939453125e-10
EarlyStopping counter: 17 out of 50
Updating learning rate to 3.814697265625e-10
EarlyStopping counter: 18 out of 50
Updating learning rate to 1.9073486328125e-10
EarlyStopping counter: 19 out of 50
Updating learning rate to 9.5367431640625e-11
EarlyStopping counter: 20 out of 50
Updating learning rate to 4.76837158203125e-11
EarlyStopping counter: 21 out of 50
Updating learning rate to 2.384185791015625e-11
EarlyStopping counter: 22 out of 50
Updating learning rate to 1.1920928955078126e-11
EarlyStopping counter: 23 out of 50
Updating learning rate to 5.960464477539063e-12
EarlyStopping counter: 24 out of 50
Updating learning rate to 2.9802322387695314e-12
EarlyStopping counter: 25 out of 50
Updating learning rate to 1.4901161193847657e-12
EarlyStopping counter: 26 out of 50
Updating learning rate to 7.450580596923828e-13
EarlyStopping counter: 27 out of 50
Updating learning rate to 3.725290298461914e-13
EarlyStopping counter: 28 out of 50
Updating learning rate to 1.862645149230957e-13
EarlyStopping counter: 29 out of 50
Updating learning rate to 9.313225746154786e-14
EarlyStopping counter: 30 out of 50
Updating learning rate to 4.656612873077393e-14
EarlyStopping counter: 31 out of 50
Updating learning rate to 2.3283064365386964e-14
EarlyStopping counter: 32 out of 50
Updating learning rate to 1.1641532182693482e-14
EarlyStopping counter: 33 out of 50
Updating learning rate to 5.820766091346741e-15
EarlyStopping counter: 34 out of 50
Updating learning rate to 2.9103830456733705e-15
EarlyStopping counter: 35 out of 50
Updating learning rate to 1.4551915228366853e-15
EarlyStopping counter: 36 out of 50
Updating learning rate to 7.275957614183426e-16
EarlyStopping counter: 37 out of 50
Updating learning rate to 3.637978807091713e-16
EarlyStopping counter: 38 out of 50
Updating learning rate to 1.8189894035458566e-16
EarlyStopping counter: 39 out of 50
Updating learning rate to 9.094947017729283e-17
EarlyStopping counter: 40 out of 50
Updating learning rate to 4.5474735088646414e-17
EarlyStopping counter: 41 out of 50
Updating learning rate to 2.2737367544323207e-17
EarlyStopping counter: 42 out of 50
Updating learning rate to 1.1368683772161604e-17
EarlyStopping counter: 43 out of 50
Updating learning rate to 5.684341886080802e-18
EarlyStopping counter: 44 out of 50
Updating learning rate to 2.842170943040401e-18
EarlyStopping counter: 45 out of 50
Updating learning rate to 1.4210854715202004e-18
EarlyStopping counter: 46 out of 50
Updating learning rate to 7.105427357601002e-19
EarlyStopping counter: 47 out of 50
Updating learning rate to 3.552713678800501e-19
EarlyStopping counter: 48 out of 50
Updating learning rate to 1.7763568394002505e-19
>>>>>>>testing : long_term_forecast_Exchange_72_Mamba_custom_ftM_sl96_ll48_pl72_dm128_nh8_el2_dl1_df16_expand2_dc4_fc1_ebtimeF_dtTrue_Exp_0<<<<<<<<<<<<<<<<<<<<<<<<<<<<<<<<<
==================================================
DEBUG INFO:
Dataset columns: ['date', 'open', 'high', 'low', 'close', 'volume']
Target we're looking for: 'OT'
Target type: <class 'str'>
==================================================
Overriding target from 'OT' to 'close' for stock data
test 449
test shape: (449, 72, 5) (449, 72, 5)
test shape: (449, 72, 5) (449, 72, 5)


	mse:0.06465605646371841, mae:0.12908807396888733, dtw:Not calculated


Using GPU
Args in experiment:
[1mBasic Config[0m
  Task Name:          long_term_forecast  Is Training:        1                   
  Model ID:           Exchange_96         Model:              Mamba               

[1mData Loader[0m
  Data:               custom              Root Path:          ./dataset/exchange_rate/
  Data Path:          exchange_rate.csv   Features:           M                   
  Target:             OT                  Freq:               h                   
  Checkpoints:        ./checkpoints/      

[1mForecasting Task[0m
  Seq Len:            96                  Label Len:          48                  
  Pred Len:           96                  Seasonal Patterns:  Monthly             
  Inverse:            0                   

[1mModel Parameters[0m
  Top k:              5                   Num Kernels:        6                   
  Enc In:             5                   Dec In:             5                   
  C Out:              5                   d model:            128                 
  n heads:            8                   e layers:           2                   
  d layers:           1                   d FF:               16                  
  Moving Avg:         25                  Factor:             1                   
  Distil:             1                   Dropout:            0.1                 
  Embed:              timeF               Activation:         gelu                

[1mRun Parameters[0m
  Num Workers:        10                  Itr:                1                   
  Train Epochs:       50                  Batch Size:         32                  
  Patience:           50                  Learning Rate:      0.0001              
  Des:                Exp                 Loss:               MSE                 
  Lradj:              type1               Use Amp:            0                   

[1mGPU[0m
  Use GPU:            1                   GPU:                0                   
  Use Multi GPU:      0                   Devices:            0,1,2,3             

[1mDe-stationary Projector Params[0m
  P Hidden Dims:      128, 128            P Hidden Layers:    2                   

Please make sure you have successfully installed mamba_ssm
Use GPU: cuda:0
>>>>>>>start training : long_term_forecast_Exchange_96_Mamba_custom_ftM_sl96_ll48_pl96_dm128_nh8_el2_dl1_df16_expand2_dc4_fc1_ebtimeF_dtTrue_Exp_0>>>>>>>>>>>>>>>>>>>>>>>>>>
==================================================
DEBUG INFO:
Dataset columns: ['date', 'open', 'high', 'low', 'close', 'volume']
Target we're looking for: 'OT'
Target type: <class 'str'>
==================================================
Overriding target from 'OT' to 'close' for stock data
============================================================
DATASET SPLIT INFO (85/5/10):
============================================================
Total samples: 5193
Train: 4673 samples (85%) - rows 0 to 4672
Val: 259 samples (5%) - rows 4673 to 4931
Test: 261 samples (10%) - rows 4932 to 5192
Sequence length: 96, Prediction length: 96
============================================================
train 4482
==================================================
DEBUG INFO:
Dataset columns: ['date', 'open', 'high', 'low', 'close', 'volume']
Target we're looking for: 'OT'
Target type: <class 'str'>
==================================================
Overriding target from 'OT' to 'close' for stock data
val 164
==================================================
DEBUG INFO:
Dataset columns: ['date', 'open', 'high', 'low', 'close', 'volume']
Target we're looking for: 'OT'
Target type: <class 'str'>
==================================================
Overriding target from 'OT' to 'close' for stock data
test 166
Validation loss decreased (inf --> 0.034257).  Saving model ...
Updating learning rate to 0.0001
Validation loss decreased (0.034257 --> 0.033999).  Saving model ...
Updating learning rate to 5e-05
EarlyStopping counter: 1 out of 50
Updating learning rate to 2.5e-05
EarlyStopping counter: 2 out of 50
Updating learning rate to 1.25e-05
EarlyStopping counter: 3 out of 50
Updating learning rate to 6.25e-06
EarlyStopping counter: 4 out of 50
Updating learning rate to 3.125e-06
EarlyStopping counter: 5 out of 50
Updating learning rate to 1.5625e-06
EarlyStopping counter: 6 out of 50
Updating learning rate to 7.8125e-07
EarlyStopping counter: 7 out of 50
Updating learning rate to 3.90625e-07
EarlyStopping counter: 8 out of 50
Updating learning rate to 1.953125e-07
EarlyStopping counter: 9 out of 50
Updating learning rate to 9.765625e-08
EarlyStopping counter: 10 out of 50
Updating learning rate to 4.8828125e-08
EarlyStopping counter: 11 out of 50
Updating learning rate to 2.44140625e-08
EarlyStopping counter: 12 out of 50
Updating learning rate to 1.220703125e-08
EarlyStopping counter: 13 out of 50
Updating learning rate to 6.103515625e-09
EarlyStopping counter: 14 out of 50
Updating learning rate to 3.0517578125e-09
EarlyStopping counter: 15 out of 50
Updating learning rate to 1.52587890625e-09
EarlyStopping counter: 16 out of 50
Updating learning rate to 7.62939453125e-10
EarlyStopping counter: 17 out of 50
Updating learning rate to 3.814697265625e-10
EarlyStopping counter: 18 out of 50
Updating learning rate to 1.9073486328125e-10
EarlyStopping counter: 19 out of 50
Updating learning rate to 9.5367431640625e-11
EarlyStopping counter: 20 out of 50
Updating learning rate to 4.76837158203125e-11
EarlyStopping counter: 21 out of 50
Updating learning rate to 2.384185791015625e-11
EarlyStopping counter: 22 out of 50
Updating learning rate to 1.1920928955078126e-11
EarlyStopping counter: 23 out of 50
Updating learning rate to 5.960464477539063e-12
EarlyStopping counter: 24 out of 50
Updating learning rate to 2.9802322387695314e-12
EarlyStopping counter: 25 out of 50
Updating learning rate to 1.4901161193847657e-12
EarlyStopping counter: 26 out of 50
Updating learning rate to 7.450580596923828e-13
EarlyStopping counter: 27 out of 50
Updating learning rate to 3.725290298461914e-13
EarlyStopping counter: 28 out of 50
Updating learning rate to 1.862645149230957e-13
EarlyStopping counter: 29 out of 50
Updating learning rate to 9.313225746154786e-14
EarlyStopping counter: 30 out of 50
Updating learning rate to 4.656612873077393e-14
EarlyStopping counter: 31 out of 50
Updating learning rate to 2.3283064365386964e-14
EarlyStopping counter: 32 out of 50
Updating learning rate to 1.1641532182693482e-14
EarlyStopping counter: 33 out of 50
Updating learning rate to 5.820766091346741e-15
EarlyStopping counter: 34 out of 50
Updating learning rate to 2.9103830456733705e-15
EarlyStopping counter: 35 out of 50
Updating learning rate to 1.4551915228366853e-15
EarlyStopping counter: 36 out of 50
Updating learning rate to 7.275957614183426e-16
EarlyStopping counter: 37 out of 50
Updating learning rate to 3.637978807091713e-16
EarlyStopping counter: 38 out of 50
Updating learning rate to 1.8189894035458566e-16
EarlyStopping counter: 39 out of 50
Updating learning rate to 9.094947017729283e-17
EarlyStopping counter: 40 out of 50
Updating learning rate to 4.5474735088646414e-17
EarlyStopping counter: 41 out of 50
Updating learning rate to 2.2737367544323207e-17
EarlyStopping counter: 42 out of 50
Updating learning rate to 1.1368683772161604e-17
EarlyStopping counter: 43 out of 50
Updating learning rate to 5.684341886080802e-18
EarlyStopping counter: 44 out of 50
Updating learning rate to 2.842170943040401e-18
EarlyStopping counter: 45 out of 50
Updating learning rate to 1.4210854715202004e-18
EarlyStopping counter: 46 out of 50
Updating learning rate to 7.105427357601002e-19
EarlyStopping counter: 47 out of 50
Updating learning rate to 3.552713678800501e-19
EarlyStopping counter: 48 out of 50
Updating learning rate to 1.7763568394002505e-19
>>>>>>>testing : long_term_forecast_Exchange_96_Mamba_custom_ftM_sl96_ll48_pl96_dm128_nh8_el2_dl1_df16_expand2_dc4_fc1_ebtimeF_dtTrue_Exp_0<<<<<<<<<<<<<<<<<<<<<<<<<<<<<<<<<
==================================================
DEBUG INFO:
Dataset columns: ['date', 'open', 'high', 'low', 'close', 'volume']
Target we're looking for: 'OT'
Target type: <class 'str'>
==================================================
Overriding target from 'OT' to 'close' for stock data
test 166
test shape: (166, 96, 5) (166, 96, 5)
test shape: (166, 96, 5) (166, 96, 5)


	mse:0.07911383360624313, mae:0.13966582715511322, dtw:Not calculated


